[0.024s] Invoking command in '/home/openarm/ros2_ws2/build/openarm_hardware': CMAKE_PREFIX_PATH=${CMAKE_PREFIX_PATH}:/opt/ros/humble /usr/bin/cmake --build /home/openarm/ros2_ws2/build/openarm_hardware -- -j4 -l4
[0.119s] [ 16%] Built target gmock_main
[0.123s] [ 41%] Built target gmock
[0.123s] [ 50%] [32mBuilding CXX object CMakeFiles/openarm_hardware.dir/src/openarm_hardware.cpp.o[0m
[3.759s] [ 58%] [32m[1mLinking CXX shared library libopenarm_hardware.so[0m
[4.016s] [ 83%] Built target openarm_hardware
[4.041s] [ 91%] [32m[1mLinking CXX executable test_openarm_hardware[0m
[4.340s] [100%] Built target test_openarm_hardware
[4.355s] Invoked command in '/home/openarm/ros2_ws2/build/openarm_hardware' returned '0': CMAKE_PREFIX_PATH=${CMAKE_PREFIX_PATH}:/opt/ros/humble /usr/bin/cmake --build /home/openarm/ros2_ws2/build/openarm_hardware -- -j4 -l4
[4.359s] Invoking command in '/home/openarm/ros2_ws2/build/openarm_hardware': CMAKE_PREFIX_PATH=${CMAKE_PREFIX_PATH}:/opt/ros/humble /usr/bin/cmake --install /home/openarm/ros2_ws2/build/openarm_hardware
[4.366s] -- Install configuration: ""
[4.366s] -- Up-to-date: /home/openarm/ros2_ws2/install/openarm_hardware/share/openarm_hardware/openarm_hardware.xml
[4.366s] -- Installing: /home/openarm/ros2_ws2/install/openarm_hardware/lib/libopenarm_hardware.so
[4.368s] -- Set runtime path of "/home/openarm/ros2_ws2/install/openarm_hardware/lib/libopenarm_hardware.so" to ""
[4.368s] -- Up-to-date: /home/openarm/ros2_ws2/install/openarm_hardware/include
[4.368s] -- Up-to-date: /home/openarm/ros2_ws2/install/openarm_hardware/include/openarm_hardware
[4.369s] -- Up-to-date: /home/openarm/ros2_ws2/install/openarm_hardware/include/openarm_hardware/motor_control.hpp
[4.369s] -- Installing: /home/openarm/ros2_ws2/install/openarm_hardware/include/openarm_hardware/openarm_hardware.hpp
[4.369s] -- Up-to-date: /home/openarm/ros2_ws2/install/openarm_hardware/include/openarm_hardware/motor.hpp
[4.369s] -- Up-to-date: /home/openarm/ros2_ws2/install/openarm_hardware/include/openarm_hardware/canbus.hpp
[4.369s] -- Up-to-date: /home/openarm/ros2_ws2/install/openarm_hardware/include/openarm_hardware/visibility_control.h
[4.370s] -- Up-to-date: /home/openarm/ros2_ws2/install/openarm_hardware/share/openarm_hardware/environment/library_path.sh
[4.370s] -- Up-to-date: /home/openarm/ros2_ws2/install/openarm_hardware/share/openarm_hardware/environment/library_path.dsv
[4.370s] -- Up-to-date: /home/openarm/ros2_ws2/install/openarm_hardware/share/ament_index/resource_index/package_run_dependencies/openarm_hardware
[4.370s] -- Up-to-date: /home/openarm/ros2_ws2/install/openarm_hardware/share/ament_index/resource_index/parent_prefix_path/openarm_hardware
[4.372s] -- Up-to-date: /home/openarm/ros2_ws2/install/openarm_hardware/share/openarm_hardware/environment/ament_prefix_path.sh
[4.372s] -- Up-to-date: /home/openarm/ros2_ws2/install/openarm_hardware/share/openarm_hardware/environment/ament_prefix_path.dsv
[4.372s] -- Up-to-date: /home/openarm/ros2_ws2/install/openarm_hardware/share/openarm_hardware/environment/path.sh
[4.372s] -- Up-to-date: /home/openarm/ros2_ws2/install/openarm_hardware/share/openarm_hardware/environment/path.dsv
[4.372s] -- Up-to-date: /home/openarm/ros2_ws2/install/openarm_hardware/share/openarm_hardware/local_setup.bash
[4.372s] -- Up-to-date: /home/openarm/ros2_ws2/install/openarm_hardware/share/openarm_hardware/local_setup.sh
[4.372s] -- Up-to-date: /home/openarm/ros2_ws2/install/openarm_hardware/share/openarm_hardware/local_setup.zsh
[4.372s] -- Up-to-date: /home/openarm/ros2_ws2/install/openarm_hardware/share/openarm_hardware/local_setup.dsv
[4.373s] -- Installing: /home/openarm/ros2_ws2/install/openarm_hardware/share/openarm_hardware/package.dsv
[4.373s] -- Up-to-date: /home/openarm/ros2_ws2/install/openarm_hardware/share/ament_index/resource_index/packages/openarm_hardware
[4.373s] -- Up-to-date: /home/openarm/ros2_ws2/install/openarm_hardware/share/ament_index/resource_index/hardware_interface__pluginlib__plugin/openarm_hardware
[4.373s] -- Up-to-date: /home/openarm/ros2_ws2/install/openarm_hardware/share/openarm_hardware/cmake/ament_cmake_export_include_directories-extras.cmake
[4.373s] -- Up-to-date: /home/openarm/ros2_ws2/install/openarm_hardware/share/openarm_hardware/cmake/ament_cmake_export_libraries-extras.cmake
[4.373s] -- Up-to-date: /home/openarm/ros2_ws2/install/openarm_hardware/share/openarm_hardware/cmake/ament_cmake_export_dependencies-extras.cmake
[4.373s] -- Up-to-date: /home/openarm/ros2_ws2/install/openarm_hardware/share/openarm_hardware/cmake/openarm_hardwareConfig.cmake
[4.373s] -- Up-to-date: /home/openarm/ros2_ws2/install/openarm_hardware/share/openarm_hardware/cmake/openarm_hardwareConfig-version.cmake
[4.373s] -- Up-to-date: /home/openarm/ros2_ws2/install/openarm_hardware/share/openarm_hardware/package.xml
[4.378s] Invoked command in '/home/openarm/ros2_ws2/build/openarm_hardware' returned '0': CMAKE_PREFIX_PATH=${CMAKE_PREFIX_PATH}:/opt/ros/humble /usr/bin/cmake --install /home/openarm/ros2_ws2/build/openarm_hardware
