[0.121s] DEBUG:colcon:Command line arguments: ['/usr/bin/colcon', 'build']
[0.121s] DEBUG:colcon:Parsed command line arguments: Namespace(log_base=None, log_level=None, verb_name='build', build_base='build', install_base='install', merge_install=False, symlink_install=False, test_result_base=None, continue_on_error=False, executor='parallel', parallel_workers=4, event_handlers=None, ignore_user_meta=False, metas=['./colcon.meta'], base_paths=['.'], packages_ignore=None, packages_ignore_regex=None, paths=None, packages_up_to=None, packages_up_to_regex=None, packages_above=None, packages_above_and_dependencies=None, packages_above_depth=None, packages_select_by_dep=None, packages_skip_by_dep=None, packages_skip_up_to=None, packages_select_build_failed=False, packages_skip_build_finished=False, packages_select_test_failures=False, packages_skip_test_passed=False, packages_select=None, packages_skip=None, packages_select_regex=None, packages_skip_regex=None, packages_start=None, packages_end=None, allow_overriding=[], cmake_args=None, cmake_target=None, cmake_target_skip_unavailable=False, cmake_clean_cache=False, cmake_clean_first=False, cmake_force_configure=False, ament_cmake_args=None, catkin_cmake_args=None, catkin_skip_building_tests=False, mixin_files=None, mixin=None, verb_parser=<colcon_mixin.mixin.mixin_argument.MixinArgumentDecorator object at 0x70943395ab90>, verb_extension=<colcon_core.verb.build.BuildVerb object at 0x709433ad3700>, main=<bound method BuildVerb.main of <colcon_core.verb.build.BuildVerb object at 0x709433ad3700>>, mixin_verb=('build',))
[0.287s] Level 1:colcon.colcon_core.package_discovery:discover_packages(colcon_meta) check parameters
[0.287s] Level 1:colcon.colcon_core.package_discovery:discover_packages(recursive) check parameters
[0.287s] Level 1:colcon.colcon_core.package_discovery:discover_packages(ignore) check parameters
[0.287s] Level 1:colcon.colcon_core.package_discovery:discover_packages(path) check parameters
[0.287s] Level 1:colcon.colcon_core.package_discovery:discover_packages(colcon_meta) discover
[0.287s] Level 1:colcon.colcon_core.package_discovery:discover_packages(recursive) discover
[0.287s] INFO:colcon.colcon_core.package_discovery:Crawling recursively for packages in '/home/openarm/ros2_ws2'
[0.287s] Level 1:colcon.colcon_core.package_identification:_identify(.) by extensions ['ignore', 'ignore_ament_install']
[0.287s] Level 1:colcon.colcon_core.package_identification:_identify(.) by extension 'ignore'
[0.287s] Level 1:colcon.colcon_core.package_identification:_identify(.) by extension 'ignore_ament_install'
[0.288s] Level 1:colcon.colcon_core.package_identification:_identify(.) by extensions ['colcon_pkg']
[0.288s] Level 1:colcon.colcon_core.package_identification:_identify(.) by extension 'colcon_pkg'
[0.288s] Level 1:colcon.colcon_core.package_identification:_identify(.) by extensions ['colcon_meta']
[0.288s] Level 1:colcon.colcon_core.package_identification:_identify(.) by extension 'colcon_meta'
[0.288s] Level 1:colcon.colcon_core.package_identification:_identify(.) by extensions ['ros']
[0.288s] Level 1:colcon.colcon_core.package_identification:_identify(.) by extension 'ros'
[0.298s] Level 1:colcon.colcon_core.package_identification:_identify(.) by extensions ['cmake', 'python']
[0.298s] Level 1:colcon.colcon_core.package_identification:_identify(.) by extension 'cmake'
[0.298s] Level 1:colcon.colcon_core.package_identification:_identify(.) by extension 'python'
[0.298s] Level 1:colcon.colcon_core.package_identification:_identify(.) by extensions ['python_setup_py']
[0.298s] Level 1:colcon.colcon_core.package_identification:_identify(.) by extension 'python_setup_py'
[0.298s] Level 1:colcon.colcon_core.package_identification:_identify(build) by extensions ['ignore', 'ignore_ament_install']
[0.298s] Level 1:colcon.colcon_core.package_identification:_identify(build) by extension 'ignore'
[0.298s] Level 1:colcon.colcon_core.package_identification:_identify(build) ignored
[0.298s] Level 1:colcon.colcon_core.package_identification:_identify(install) by extensions ['ignore', 'ignore_ament_install']
[0.299s] Level 1:colcon.colcon_core.package_identification:_identify(install) by extension 'ignore'
[0.299s] Level 1:colcon.colcon_core.package_identification:_identify(install) ignored
[0.299s] Level 1:colcon.colcon_core.package_identification:_identify(log) by extensions ['ignore', 'ignore_ament_install']
[0.299s] Level 1:colcon.colcon_core.package_identification:_identify(log) by extension 'ignore'
[0.299s] Level 1:colcon.colcon_core.package_identification:_identify(log) ignored
[0.299s] Level 1:colcon.colcon_core.package_identification:_identify(src) by extensions ['ignore', 'ignore_ament_install']
[0.299s] Level 1:colcon.colcon_core.package_identification:_identify(src) by extension 'ignore'
[0.299s] Level 1:colcon.colcon_core.package_identification:_identify(src) by extension 'ignore_ament_install'
[0.299s] Level 1:colcon.colcon_core.package_identification:_identify(src) by extensions ['colcon_pkg']
[0.299s] Level 1:colcon.colcon_core.package_identification:_identify(src) by extension 'colcon_pkg'
[0.299s] Level 1:colcon.colcon_core.package_identification:_identify(src) by extensions ['colcon_meta']
[0.299s] Level 1:colcon.colcon_core.package_identification:_identify(src) by extension 'colcon_meta'
[0.299s] Level 1:colcon.colcon_core.package_identification:_identify(src) by extensions ['ros']
[0.299s] Level 1:colcon.colcon_core.package_identification:_identify(src) by extension 'ros'
[0.299s] Level 1:colcon.colcon_core.package_identification:_identify(src) by extensions ['cmake', 'python']
[0.299s] Level 1:colcon.colcon_core.package_identification:_identify(src) by extension 'cmake'
[0.299s] Level 1:colcon.colcon_core.package_identification:_identify(src) by extension 'python'
[0.299s] Level 1:colcon.colcon_core.package_identification:_identify(src) by extensions ['python_setup_py']
[0.299s] Level 1:colcon.colcon_core.package_identification:_identify(src) by extension 'python_setup_py'
[0.300s] Level 1:colcon.colcon_core.package_identification:_identify(src/openarm_description) by extensions ['ignore', 'ignore_ament_install']
[0.300s] Level 1:colcon.colcon_core.package_identification:_identify(src/openarm_description) by extension 'ignore'
[0.300s] Level 1:colcon.colcon_core.package_identification:_identify(src/openarm_description) by extension 'ignore_ament_install'
[0.300s] Level 1:colcon.colcon_core.package_identification:_identify(src/openarm_description) by extensions ['colcon_pkg']
[0.300s] Level 1:colcon.colcon_core.package_identification:_identify(src/openarm_description) by extension 'colcon_pkg'
[0.300s] Level 1:colcon.colcon_core.package_identification:_identify(src/openarm_description) by extensions ['colcon_meta']
[0.300s] Level 1:colcon.colcon_core.package_identification:_identify(src/openarm_description) by extension 'colcon_meta'
[0.300s] Level 1:colcon.colcon_core.package_identification:_identify(src/openarm_description) by extensions ['ros']
[0.300s] Level 1:colcon.colcon_core.package_identification:_identify(src/openarm_description) by extension 'ros'
[0.302s] DEBUG:colcon.colcon_core.package_identification:Package 'src/openarm_description' with type 'ros.ament_cmake' and name 'openarm_description'
[0.303s] Level 1:colcon.colcon_core.package_identification:_identify(src/openarm_ros2) by extensions ['ignore', 'ignore_ament_install']
[0.303s] Level 1:colcon.colcon_core.package_identification:_identify(src/openarm_ros2) by extension 'ignore'
[0.303s] Level 1:colcon.colcon_core.package_identification:_identify(src/openarm_ros2) by extension 'ignore_ament_install'
[0.303s] Level 1:colcon.colcon_core.package_identification:_identify(src/openarm_ros2) by extensions ['colcon_pkg']
[0.303s] Level 1:colcon.colcon_core.package_identification:_identify(src/openarm_ros2) by extension 'colcon_pkg'
[0.303s] Level 1:colcon.colcon_core.package_identification:_identify(src/openarm_ros2) by extensions ['colcon_meta']
[0.303s] Level 1:colcon.colcon_core.package_identification:_identify(src/openarm_ros2) by extension 'colcon_meta'
[0.303s] Level 1:colcon.colcon_core.package_identification:_identify(src/openarm_ros2) by extensions ['ros']
[0.303s] Level 1:colcon.colcon_core.package_identification:_identify(src/openarm_ros2) by extension 'ros'
[0.303s] Level 1:colcon.colcon_core.package_identification:_identify(src/openarm_ros2) by extensions ['cmake', 'python']
[0.303s] Level 1:colcon.colcon_core.package_identification:_identify(src/openarm_ros2) by extension 'cmake'
[0.303s] Level 1:colcon.colcon_core.package_identification:_identify(src/openarm_ros2) by extension 'python'
[0.303s] Level 1:colcon.colcon_core.package_identification:_identify(src/openarm_ros2) by extensions ['python_setup_py']
[0.303s] Level 1:colcon.colcon_core.package_identification:_identify(src/openarm_ros2) by extension 'python_setup_py'
[0.303s] Level 1:colcon.colcon_core.package_identification:_identify(src/openarm_ros2/build) by extensions ['ignore', 'ignore_ament_install']
[0.303s] Level 1:colcon.colcon_core.package_identification:_identify(src/openarm_ros2/build) by extension 'ignore'
[0.303s] Level 1:colcon.colcon_core.package_identification:_identify(src/openarm_ros2/build) ignored
[0.303s] Level 1:colcon.colcon_core.package_identification:_identify(src/openarm_ros2/dev) by extensions ['ignore', 'ignore_ament_install']
[0.304s] Level 1:colcon.colcon_core.package_identification:_identify(src/openarm_ros2/dev) by extension 'ignore'
[0.304s] Level 1:colcon.colcon_core.package_identification:_identify(src/openarm_ros2/dev) by extension 'ignore_ament_install'
[0.304s] Level 1:colcon.colcon_core.package_identification:_identify(src/openarm_ros2/dev) by extensions ['colcon_pkg']
[0.304s] Level 1:colcon.colcon_core.package_identification:_identify(src/openarm_ros2/dev) by extension 'colcon_pkg'
[0.304s] Level 1:colcon.colcon_core.package_identification:_identify(src/openarm_ros2/dev) by extensions ['colcon_meta']
[0.304s] Level 1:colcon.colcon_core.package_identification:_identify(src/openarm_ros2/dev) by extension 'colcon_meta'
[0.304s] Level 1:colcon.colcon_core.package_identification:_identify(src/openarm_ros2/dev) by extensions ['ros']
[0.304s] Level 1:colcon.colcon_core.package_identification:_identify(src/openarm_ros2/dev) by extension 'ros'
[0.304s] Level 1:colcon.colcon_core.package_identification:_identify(src/openarm_ros2/dev) by extensions ['cmake', 'python']
[0.304s] Level 1:colcon.colcon_core.package_identification:_identify(src/openarm_ros2/dev) by extension 'cmake'
[0.304s] Level 1:colcon.colcon_core.package_identification:_identify(src/openarm_ros2/dev) by extension 'python'
[0.304s] Level 1:colcon.colcon_core.package_identification:_identify(src/openarm_ros2/dev) by extensions ['python_setup_py']
[0.304s] Level 1:colcon.colcon_core.package_identification:_identify(src/openarm_ros2/dev) by extension 'python_setup_py'
[0.304s] Level 1:colcon.colcon_core.package_identification:_identify(src/openarm_ros2/install) by extensions ['ignore', 'ignore_ament_install']
[0.304s] Level 1:colcon.colcon_core.package_identification:_identify(src/openarm_ros2/install) by extension 'ignore'
[0.304s] Level 1:colcon.colcon_core.package_identification:_identify(src/openarm_ros2/install) ignored
[0.304s] Level 1:colcon.colcon_core.package_identification:_identify(src/openarm_ros2/log) by extensions ['ignore', 'ignore_ament_install']
[0.304s] Level 1:colcon.colcon_core.package_identification:_identify(src/openarm_ros2/log) by extension 'ignore'
[0.304s] Level 1:colcon.colcon_core.package_identification:_identify(src/openarm_ros2/log) ignored
[0.305s] Level 1:colcon.colcon_core.package_identification:_identify(src/openarm_ros2/openarm) by extensions ['ignore', 'ignore_ament_install']
[0.305s] Level 1:colcon.colcon_core.package_identification:_identify(src/openarm_ros2/openarm) by extension 'ignore'
[0.305s] Level 1:colcon.colcon_core.package_identification:_identify(src/openarm_ros2/openarm) by extension 'ignore_ament_install'
[0.305s] Level 1:colcon.colcon_core.package_identification:_identify(src/openarm_ros2/openarm) by extensions ['colcon_pkg']
[0.305s] Level 1:colcon.colcon_core.package_identification:_identify(src/openarm_ros2/openarm) by extension 'colcon_pkg'
[0.305s] Level 1:colcon.colcon_core.package_identification:_identify(src/openarm_ros2/openarm) by extensions ['colcon_meta']
[0.305s] Level 1:colcon.colcon_core.package_identification:_identify(src/openarm_ros2/openarm) by extension 'colcon_meta'
[0.305s] Level 1:colcon.colcon_core.package_identification:_identify(src/openarm_ros2/openarm) by extensions ['ros']
[0.305s] Level 1:colcon.colcon_core.package_identification:_identify(src/openarm_ros2/openarm) by extension 'ros'
[0.305s] DEBUG:colcon.colcon_core.package_identification:Package 'src/openarm_ros2/openarm' with type 'ros.ament_cmake' and name 'openarm'
[0.305s] Level 1:colcon.colcon_core.package_identification:_identify(src/openarm_ros2/openarm_bimanual_moveit_config) by extensions ['ignore', 'ignore_ament_install']
[0.306s] Level 1:colcon.colcon_core.package_identification:_identify(src/openarm_ros2/openarm_bimanual_moveit_config) by extension 'ignore'
[0.306s] Level 1:colcon.colcon_core.package_identification:_identify(src/openarm_ros2/openarm_bimanual_moveit_config) by extension 'ignore_ament_install'
[0.306s] Level 1:colcon.colcon_core.package_identification:_identify(src/openarm_ros2/openarm_bimanual_moveit_config) by extensions ['colcon_pkg']
[0.306s] Level 1:colcon.colcon_core.package_identification:_identify(src/openarm_ros2/openarm_bimanual_moveit_config) by extension 'colcon_pkg'
[0.306s] Level 1:colcon.colcon_core.package_identification:_identify(src/openarm_ros2/openarm_bimanual_moveit_config) by extensions ['colcon_meta']
[0.306s] Level 1:colcon.colcon_core.package_identification:_identify(src/openarm_ros2/openarm_bimanual_moveit_config) by extension 'colcon_meta'
[0.306s] Level 1:colcon.colcon_core.package_identification:_identify(src/openarm_ros2/openarm_bimanual_moveit_config) by extensions ['ros']
[0.306s] Level 1:colcon.colcon_core.package_identification:_identify(src/openarm_ros2/openarm_bimanual_moveit_config) by extension 'ros'
[0.307s] DEBUG:colcon.colcon_core.package_identification:Package 'src/openarm_ros2/openarm_bimanual_moveit_config' with type 'ros.ament_cmake' and name 'openarm_bimanual_moveit_config'
[0.307s] Level 1:colcon.colcon_core.package_identification:_identify(src/openarm_ros2/openarm_bringup) by extensions ['ignore', 'ignore_ament_install']
[0.307s] Level 1:colcon.colcon_core.package_identification:_identify(src/openarm_ros2/openarm_bringup) by extension 'ignore'
[0.307s] Level 1:colcon.colcon_core.package_identification:_identify(src/openarm_ros2/openarm_bringup) by extension 'ignore_ament_install'
[0.307s] Level 1:colcon.colcon_core.package_identification:_identify(src/openarm_ros2/openarm_bringup) by extensions ['colcon_pkg']
[0.307s] Level 1:colcon.colcon_core.package_identification:_identify(src/openarm_ros2/openarm_bringup) by extension 'colcon_pkg'
[0.307s] Level 1:colcon.colcon_core.package_identification:_identify(src/openarm_ros2/openarm_bringup) by extensions ['colcon_meta']
[0.307s] Level 1:colcon.colcon_core.package_identification:_identify(src/openarm_ros2/openarm_bringup) by extension 'colcon_meta'
[0.307s] Level 1:colcon.colcon_core.package_identification:_identify(src/openarm_ros2/openarm_bringup) by extensions ['ros']
[0.307s] Level 1:colcon.colcon_core.package_identification:_identify(src/openarm_ros2/openarm_bringup) by extension 'ros'
[0.308s] DEBUG:colcon.colcon_core.package_identification:Package 'src/openarm_ros2/openarm_bringup' with type 'ros.ament_cmake' and name 'openarm_bringup'
[0.308s] Level 1:colcon.colcon_core.package_identification:_identify(src/openarm_ros2/openarm_hardware) by extensions ['ignore', 'ignore_ament_install']
[0.308s] Level 1:colcon.colcon_core.package_identification:_identify(src/openarm_ros2/openarm_hardware) by extension 'ignore'
[0.308s] Level 1:colcon.colcon_core.package_identification:_identify(src/openarm_ros2/openarm_hardware) by extension 'ignore_ament_install'
[0.308s] Level 1:colcon.colcon_core.package_identification:_identify(src/openarm_ros2/openarm_hardware) by extensions ['colcon_pkg']
[0.308s] Level 1:colcon.colcon_core.package_identification:_identify(src/openarm_ros2/openarm_hardware) by extension 'colcon_pkg'
[0.308s] Level 1:colcon.colcon_core.package_identification:_identify(src/openarm_ros2/openarm_hardware) by extensions ['colcon_meta']
[0.308s] Level 1:colcon.colcon_core.package_identification:_identify(src/openarm_ros2/openarm_hardware) by extension 'colcon_meta'
[0.308s] Level 1:colcon.colcon_core.package_identification:_identify(src/openarm_ros2/openarm_hardware) by extensions ['ros']
[0.308s] Level 1:colcon.colcon_core.package_identification:_identify(src/openarm_ros2/openarm_hardware) by extension 'ros'
[0.309s] DEBUG:colcon.colcon_core.package_identification:Package 'src/openarm_ros2/openarm_hardware' with type 'ros.ament_cmake' and name 'openarm_hardware'
[0.309s] Level 1:colcon.colcon_core.package_discovery:discover_packages(recursive) using defaults
[0.309s] Level 1:colcon.colcon_core.package_discovery:discover_packages(ignore) discover
[0.309s] Level 1:colcon.colcon_core.package_discovery:discover_packages(ignore) using defaults
[0.309s] Level 1:colcon.colcon_core.package_discovery:discover_packages(path) discover
[0.309s] Level 1:colcon.colcon_core.package_discovery:discover_packages(path) using defaults
[0.338s] Level 1:colcon.colcon_core.package_discovery:discover_packages(prefix_path) check parameters
[0.338s] Level 1:colcon.colcon_core.package_discovery:discover_packages(prefix_path) discover
[0.340s] DEBUG:colcon.colcon_installed_package_information.package_discovery:Found 5 installed packages in /home/openarm/ros2_ws2/install
[0.341s] DEBUG:colcon.colcon_installed_package_information.package_discovery:Found 9 installed packages in /home/openarm/ros2_ws/install
[0.343s] DEBUG:colcon.colcon_installed_package_information.package_discovery:Found 374 installed packages in /opt/ros/humble
[0.344s] Level 1:colcon.colcon_core.package_discovery:discover_packages(prefix_path) using defaults
[0.392s] Level 5:colcon.colcon_core.verb:set package 'openarm_bringup' build argument 'cmake_args' from command line to 'None'
[0.392s] Level 5:colcon.colcon_core.verb:set package 'openarm_bringup' build argument 'cmake_target' from command line to 'None'
[0.392s] Level 5:colcon.colcon_core.verb:set package 'openarm_bringup' build argument 'cmake_target_skip_unavailable' from command line to 'False'
[0.392s] Level 5:colcon.colcon_core.verb:set package 'openarm_bringup' build argument 'cmake_clean_cache' from command line to 'False'
[0.392s] Level 5:colcon.colcon_core.verb:set package 'openarm_bringup' build argument 'cmake_clean_first' from command line to 'False'
[0.392s] Level 5:colcon.colcon_core.verb:set package 'openarm_bringup' build argument 'cmake_force_configure' from command line to 'False'
[0.392s] Level 5:colcon.colcon_core.verb:set package 'openarm_bringup' build argument 'ament_cmake_args' from command line to 'None'
[0.392s] Level 5:colcon.colcon_core.verb:set package 'openarm_bringup' build argument 'catkin_cmake_args' from command line to 'None'
[0.392s] Level 5:colcon.colcon_core.verb:set package 'openarm_bringup' build argument 'catkin_skip_building_tests' from command line to 'False'
[0.392s] DEBUG:colcon.colcon_core.verb:Building package 'openarm_bringup' with the following arguments: {'ament_cmake_args': None, 'build_base': '/home/openarm/ros2_ws2/build/openarm_bringup', 'catkin_cmake_args': None, 'catkin_skip_building_tests': False, 'cmake_args': None, 'cmake_clean_cache': False, 'cmake_clean_first': False, 'cmake_force_configure': False, 'cmake_target': None, 'cmake_target_skip_unavailable': False, 'install_base': '/home/openarm/ros2_ws2/install/openarm_bringup', 'merge_install': False, 'path': '/home/openarm/ros2_ws2/src/openarm_ros2/openarm_bringup', 'symlink_install': False, 'test_result_base': None}
[0.392s] Level 5:colcon.colcon_core.verb:set package 'openarm_description' build argument 'cmake_args' from command line to 'None'
[0.392s] Level 5:colcon.colcon_core.verb:set package 'openarm_description' build argument 'cmake_target' from command line to 'None'
[0.392s] Level 5:colcon.colcon_core.verb:set package 'openarm_description' build argument 'cmake_target_skip_unavailable' from command line to 'False'
[0.392s] Level 5:colcon.colcon_core.verb:set package 'openarm_description' build argument 'cmake_clean_cache' from command line to 'False'
[0.392s] Level 5:colcon.colcon_core.verb:set package 'openarm_description' build argument 'cmake_clean_first' from command line to 'False'
[0.392s] Level 5:colcon.colcon_core.verb:set package 'openarm_description' build argument 'cmake_force_configure' from command line to 'False'
[0.392s] Level 5:colcon.colcon_core.verb:set package 'openarm_description' build argument 'ament_cmake_args' from command line to 'None'
[0.392s] Level 5:colcon.colcon_core.verb:set package 'openarm_description' build argument 'catkin_cmake_args' from command line to 'None'
[0.392s] Level 5:colcon.colcon_core.verb:set package 'openarm_description' build argument 'catkin_skip_building_tests' from command line to 'False'
[0.392s] DEBUG:colcon.colcon_core.verb:Building package 'openarm_description' with the following arguments: {'ament_cmake_args': None, 'build_base': '/home/openarm/ros2_ws2/build/openarm_description', 'catkin_cmake_args': None, 'catkin_skip_building_tests': False, 'cmake_args': None, 'cmake_clean_cache': False, 'cmake_clean_first': False, 'cmake_force_configure': False, 'cmake_target': None, 'cmake_target_skip_unavailable': False, 'install_base': '/home/openarm/ros2_ws2/install/openarm_description', 'merge_install': False, 'path': '/home/openarm/ros2_ws2/src/openarm_description', 'symlink_install': False, 'test_result_base': None}
[0.393s] Level 5:colcon.colcon_core.verb:set package 'openarm_hardware' build argument 'cmake_args' from command line to 'None'
[0.393s] Level 5:colcon.colcon_core.verb:set package 'openarm_hardware' build argument 'cmake_target' from command line to 'None'
[0.393s] Level 5:colcon.colcon_core.verb:set package 'openarm_hardware' build argument 'cmake_target_skip_unavailable' from command line to 'False'
[0.393s] Level 5:colcon.colcon_core.verb:set package 'openarm_hardware' build argument 'cmake_clean_cache' from command line to 'False'
[0.393s] Level 5:colcon.colcon_core.verb:set package 'openarm_hardware' build argument 'cmake_clean_first' from command line to 'False'
[0.393s] Level 5:colcon.colcon_core.verb:set package 'openarm_hardware' build argument 'cmake_force_configure' from command line to 'False'
[0.393s] Level 5:colcon.colcon_core.verb:set package 'openarm_hardware' build argument 'ament_cmake_args' from command line to 'None'
[0.393s] Level 5:colcon.colcon_core.verb:set package 'openarm_hardware' build argument 'catkin_cmake_args' from command line to 'None'
[0.393s] Level 5:colcon.colcon_core.verb:set package 'openarm_hardware' build argument 'catkin_skip_building_tests' from command line to 'False'
[0.393s] DEBUG:colcon.colcon_core.verb:Building package 'openarm_hardware' with the following arguments: {'ament_cmake_args': None, 'build_base': '/home/openarm/ros2_ws2/build/openarm_hardware', 'catkin_cmake_args': None, 'catkin_skip_building_tests': False, 'cmake_args': None, 'cmake_clean_cache': False, 'cmake_clean_first': False, 'cmake_force_configure': False, 'cmake_target': None, 'cmake_target_skip_unavailable': False, 'install_base': '/home/openarm/ros2_ws2/install/openarm_hardware', 'merge_install': False, 'path': '/home/openarm/ros2_ws2/src/openarm_ros2/openarm_hardware', 'symlink_install': False, 'test_result_base': None}
[0.393s] Level 5:colcon.colcon_core.verb:set package 'openarm' build argument 'cmake_args' from command line to 'None'
[0.393s] Level 5:colcon.colcon_core.verb:set package 'openarm' build argument 'cmake_target' from command line to 'None'
[0.393s] Level 5:colcon.colcon_core.verb:set package 'openarm' build argument 'cmake_target_skip_unavailable' from command line to 'False'
[0.393s] Level 5:colcon.colcon_core.verb:set package 'openarm' build argument 'cmake_clean_cache' from command line to 'False'
[0.393s] Level 5:colcon.colcon_core.verb:set package 'openarm' build argument 'cmake_clean_first' from command line to 'False'
[0.393s] Level 5:colcon.colcon_core.verb:set package 'openarm' build argument 'cmake_force_configure' from command line to 'False'
[0.394s] Level 5:colcon.colcon_core.verb:set package 'openarm' build argument 'ament_cmake_args' from command line to 'None'
[0.394s] Level 5:colcon.colcon_core.verb:set package 'openarm' build argument 'catkin_cmake_args' from command line to 'None'
[0.394s] Level 5:colcon.colcon_core.verb:set package 'openarm' build argument 'catkin_skip_building_tests' from command line to 'False'
[0.394s] DEBUG:colcon.colcon_core.verb:Building package 'openarm' with the following arguments: {'ament_cmake_args': None, 'build_base': '/home/openarm/ros2_ws2/build/openarm', 'catkin_cmake_args': None, 'catkin_skip_building_tests': False, 'cmake_args': None, 'cmake_clean_cache': False, 'cmake_clean_first': False, 'cmake_force_configure': False, 'cmake_target': None, 'cmake_target_skip_unavailable': False, 'install_base': '/home/openarm/ros2_ws2/install/openarm', 'merge_install': False, 'path': '/home/openarm/ros2_ws2/src/openarm_ros2/openarm', 'symlink_install': False, 'test_result_base': None}
[0.394s] Level 5:colcon.colcon_core.verb:set package 'openarm_bimanual_moveit_config' build argument 'cmake_args' from command line to 'None'
[0.394s] Level 5:colcon.colcon_core.verb:set package 'openarm_bimanual_moveit_config' build argument 'cmake_target' from command line to 'None'
[0.394s] Level 5:colcon.colcon_core.verb:set package 'openarm_bimanual_moveit_config' build argument 'cmake_target_skip_unavailable' from command line to 'False'
[0.394s] Level 5:colcon.colcon_core.verb:set package 'openarm_bimanual_moveit_config' build argument 'cmake_clean_cache' from command line to 'False'
[0.394s] Level 5:colcon.colcon_core.verb:set package 'openarm_bimanual_moveit_config' build argument 'cmake_clean_first' from command line to 'False'
[0.394s] Level 5:colcon.colcon_core.verb:set package 'openarm_bimanual_moveit_config' build argument 'cmake_force_configure' from command line to 'False'
[0.394s] Level 5:colcon.colcon_core.verb:set package 'openarm_bimanual_moveit_config' build argument 'ament_cmake_args' from command line to 'None'
[0.394s] Level 5:colcon.colcon_core.verb:set package 'openarm_bimanual_moveit_config' build argument 'catkin_cmake_args' from command line to 'None'
[0.394s] Level 5:colcon.colcon_core.verb:set package 'openarm_bimanual_moveit_config' build argument 'catkin_skip_building_tests' from command line to 'False'
[0.394s] DEBUG:colcon.colcon_core.verb:Building package 'openarm_bimanual_moveit_config' with the following arguments: {'ament_cmake_args': None, 'build_base': '/home/openarm/ros2_ws2/build/openarm_bimanual_moveit_config', 'catkin_cmake_args': None, 'catkin_skip_building_tests': False, 'cmake_args': None, 'cmake_clean_cache': False, 'cmake_clean_first': False, 'cmake_force_configure': False, 'cmake_target': None, 'cmake_target_skip_unavailable': False, 'install_base': '/home/openarm/ros2_ws2/install/openarm_bimanual_moveit_config', 'merge_install': False, 'path': '/home/openarm/ros2_ws2/src/openarm_ros2/openarm_bimanual_moveit_config', 'symlink_install': False, 'test_result_base': None}
[0.394s] INFO:colcon.colcon_core.executor:Executing jobs using 'parallel' executor
[0.395s] DEBUG:colcon.colcon_parallel_executor.executor.parallel:run_until_complete
[0.396s] INFO:colcon.colcon_ros.task.ament_cmake.build:Building ROS package in '/home/openarm/ros2_ws2/src/openarm_description' with build type 'ament_cmake'
[0.396s] INFO:colcon.colcon_cmake.task.cmake.build:Building CMake package in '/home/openarm/ros2_ws2/src/openarm_description'
[0.398s] INFO:colcon.colcon_core.plugin_system:Skipping extension 'colcon_core.shell.bat': Not used on non-Windows systems
[0.398s] INFO:colcon.colcon_core.shell:Skip shell extension 'powershell' for command environment: Not usable outside of PowerShell
[0.399s] DEBUG:colcon.colcon_core.shell:Skip shell extension 'dsv' for command environment
[0.403s] INFO:colcon.colcon_ros.task.ament_cmake.build:Building ROS package in '/home/openarm/ros2_ws2/src/openarm_ros2/openarm_bringup' with build type 'ament_cmake'
[0.403s] INFO:colcon.colcon_cmake.task.cmake.build:Building CMake package in '/home/openarm/ros2_ws2/src/openarm_ros2/openarm_bringup'
[0.404s] INFO:colcon.colcon_core.shell:Skip shell extension 'powershell' for command environment: Not usable outside of PowerShell
[0.404s] DEBUG:colcon.colcon_core.shell:Skip shell extension 'dsv' for command environment
[0.409s] INFO:colcon.colcon_ros.task.ament_cmake.build:Building ROS package in '/home/openarm/ros2_ws2/src/openarm_ros2/openarm_hardware' with build type 'ament_cmake'
[0.410s] INFO:colcon.colcon_cmake.task.cmake.build:Building CMake package in '/home/openarm/ros2_ws2/src/openarm_ros2/openarm_hardware'
[0.410s] INFO:colcon.colcon_core.shell:Skip shell extension 'powershell' for command environment: Not usable outside of PowerShell
[0.410s] DEBUG:colcon.colcon_core.shell:Skip shell extension 'dsv' for command environment
[0.421s] DEBUG:colcon.colcon_core.event_handler.log_command:Invoking command in '/home/openarm/ros2_ws2/build/openarm_description': CMAKE_PREFIX_PATH=${CMAKE_PREFIX_PATH}:/home/openarm/ros2_ws/install/my_arm_control:/home/openarm/ros2_ws/install/hello_moveit_py:/opt/ros/humble /usr/bin/cmake --build /home/openarm/ros2_ws2/build/openarm_description -- -j4 -l4
[0.427s] DEBUG:colcon.colcon_core.event_handler.log_command:Invoking command in '/home/openarm/ros2_ws2/build/openarm_bringup': CMAKE_PREFIX_PATH=${CMAKE_PREFIX_PATH}:/home/openarm/ros2_ws/install/my_arm_control:/home/openarm/ros2_ws/install/hello_moveit_py:/opt/ros/humble /usr/bin/cmake --build /home/openarm/ros2_ws2/build/openarm_bringup -- -j4 -l4
[0.433s] DEBUG:colcon.colcon_core.event_handler.log_command:Invoking command in '/home/openarm/ros2_ws2/build/openarm_hardware': CMAKE_PREFIX_PATH=${CMAKE_PREFIX_PATH}:/home/openarm/ros2_ws/install/my_arm_control:/home/openarm/ros2_ws/install/hello_moveit_py:/opt/ros/humble /usr/bin/cmake --build /home/openarm/ros2_ws2/build/openarm_hardware -- -j4 -l4
[0.467s] DEBUG:colcon.colcon_core.event_handler.log_command:Invoked command in '/home/openarm/ros2_ws2/build/openarm_description' returned '0': CMAKE_PREFIX_PATH=${CMAKE_PREFIX_PATH}:/home/openarm/ros2_ws/install/my_arm_control:/home/openarm/ros2_ws/install/hello_moveit_py:/opt/ros/humble /usr/bin/cmake --build /home/openarm/ros2_ws2/build/openarm_description -- -j4 -l4
[0.481s] DEBUG:colcon.colcon_core.event_handler.log_command:Invoking command in '/home/openarm/ros2_ws2/build/openarm_description': CMAKE_PREFIX_PATH=${CMAKE_PREFIX_PATH}:/home/openarm/ros2_ws/install/my_arm_control:/home/openarm/ros2_ws/install/hello_moveit_py:/opt/ros/humble /usr/bin/cmake --install /home/openarm/ros2_ws2/build/openarm_description
[0.502s] Level 1:colcon.colcon_core.environment:create_environment_scripts_only(openarm_description)
[0.508s] DEBUG:colcon.colcon_core.event_handler.log_command:Invoked command in '/home/openarm/ros2_ws2/build/openarm_description' returned '0': CMAKE_PREFIX_PATH=${CMAKE_PREFIX_PATH}:/home/openarm/ros2_ws/install/my_arm_control:/home/openarm/ros2_ws/install/hello_moveit_py:/opt/ros/humble /usr/bin/cmake --install /home/openarm/ros2_ws2/build/openarm_description
[0.513s] Level 1:colcon.colcon_core.environment:checking '/home/openarm/ros2_ws2/install/openarm_description' for CMake module files
[0.513s] Level 1:colcon.colcon_core.environment:checking '/home/openarm/ros2_ws2/install/openarm_description' for CMake config files
[0.515s] Level 1:colcon.colcon_core.shell:create_environment_hook('openarm_description', 'cmake_prefix_path')
[0.515s] INFO:colcon.colcon_core.shell:Creating environment hook '/home/openarm/ros2_ws2/install/openarm_description/share/openarm_description/hook/cmake_prefix_path.ps1'
[0.516s] INFO:colcon.colcon_core.shell:Creating environment descriptor '/home/openarm/ros2_ws2/install/openarm_description/share/openarm_description/hook/cmake_prefix_path.dsv'
[0.517s] INFO:colcon.colcon_core.shell:Creating environment hook '/home/openarm/ros2_ws2/install/openarm_description/share/openarm_description/hook/cmake_prefix_path.sh'
[0.518s] Level 1:colcon.colcon_core.environment:checking '/home/openarm/ros2_ws2/install/openarm_description/bin'
[0.518s] Level 1:colcon.colcon_core.environment:checking '/home/openarm/ros2_ws2/install/openarm_description/lib/pkgconfig/openarm_description.pc'
[0.518s] Level 1:colcon.colcon_core.environment:checking '/home/openarm/ros2_ws2/install/openarm_description/lib/python3.10/site-packages'
[0.519s] Level 1:colcon.colcon_core.environment:checking '/home/openarm/ros2_ws2/install/openarm_description/bin'
[0.520s] INFO:colcon.colcon_core.shell:Creating package script '/home/openarm/ros2_ws2/install/openarm_description/share/openarm_description/package.ps1'
[0.521s] INFO:colcon.colcon_core.shell:Creating package descriptor '/home/openarm/ros2_ws2/install/openarm_description/share/openarm_description/package.dsv'
[0.522s] INFO:colcon.colcon_core.shell:Creating package script '/home/openarm/ros2_ws2/install/openarm_description/share/openarm_description/package.sh'
[0.523s] INFO:colcon.colcon_core.shell:Creating package script '/home/openarm/ros2_ws2/install/openarm_description/share/openarm_description/package.bash'
[0.524s] INFO:colcon.colcon_core.shell:Creating package script '/home/openarm/ros2_ws2/install/openarm_description/share/openarm_description/package.zsh'
[0.526s] Level 1:colcon.colcon_core.environment:create_file_with_runtime_dependencies(/home/openarm/ros2_ws2/install/openarm_description/share/colcon-core/packages/openarm_description)
[0.527s] Level 1:colcon.colcon_core.environment:create_environment_scripts_only(openarm_description)
[0.527s] Level 1:colcon.colcon_core.environment:checking '/home/openarm/ros2_ws2/install/openarm_description' for CMake module files
[0.528s] Level 1:colcon.colcon_core.environment:checking '/home/openarm/ros2_ws2/install/openarm_description' for CMake config files
[0.529s] Level 1:colcon.colcon_core.shell:create_environment_hook('openarm_description', 'cmake_prefix_path')
[0.530s] INFO:colcon.colcon_core.shell:Creating environment hook '/home/openarm/ros2_ws2/install/openarm_description/share/openarm_description/hook/cmake_prefix_path.ps1'
[0.530s] INFO:colcon.colcon_core.shell:Creating environment descriptor '/home/openarm/ros2_ws2/install/openarm_description/share/openarm_description/hook/cmake_prefix_path.dsv'
[0.531s] INFO:colcon.colcon_core.shell:Creating environment hook '/home/openarm/ros2_ws2/install/openarm_description/share/openarm_description/hook/cmake_prefix_path.sh'
[0.531s] Level 1:colcon.colcon_core.environment:checking '/home/openarm/ros2_ws2/install/openarm_description/bin'
[0.531s] Level 1:colcon.colcon_core.environment:checking '/home/openarm/ros2_ws2/install/openarm_description/lib/pkgconfig/openarm_description.pc'
[0.532s] Level 1:colcon.colcon_core.environment:checking '/home/openarm/ros2_ws2/install/openarm_description/lib/python3.10/site-packages'
[0.532s] Level 1:colcon.colcon_core.environment:checking '/home/openarm/ros2_ws2/install/openarm_description/bin'
[0.533s] INFO:colcon.colcon_core.shell:Creating package script '/home/openarm/ros2_ws2/install/openarm_description/share/openarm_description/package.ps1'
[0.534s] INFO:colcon.colcon_core.shell:Creating package descriptor '/home/openarm/ros2_ws2/install/openarm_description/share/openarm_description/package.dsv'
[0.534s] INFO:colcon.colcon_core.shell:Creating package script '/home/openarm/ros2_ws2/install/openarm_description/share/openarm_description/package.sh'
[0.535s] INFO:colcon.colcon_core.shell:Creating package script '/home/openarm/ros2_ws2/install/openarm_description/share/openarm_description/package.bash'
[0.536s] INFO:colcon.colcon_core.shell:Creating package script '/home/openarm/ros2_ws2/install/openarm_description/share/openarm_description/package.zsh'
[0.536s] Level 1:colcon.colcon_core.environment:create_file_with_runtime_dependencies(/home/openarm/ros2_ws2/install/openarm_description/share/colcon-core/packages/openarm_description)
[0.537s] INFO:colcon.colcon_ros.task.ament_cmake.build:Building ROS package in '/home/openarm/ros2_ws2/src/openarm_ros2/openarm_bimanual_moveit_config' with build type 'ament_cmake'
[0.537s] INFO:colcon.colcon_cmake.task.cmake.build:Building CMake package in '/home/openarm/ros2_ws2/src/openarm_ros2/openarm_bimanual_moveit_config'
[0.537s] INFO:colcon.colcon_core.shell:Skip shell extension 'powershell' for command environment: Not usable outside of PowerShell
[0.537s] DEBUG:colcon.colcon_core.shell:Skip shell extension 'dsv' for command environment
[0.552s] DEBUG:colcon.colcon_core.event_handler.log_command:Invoking command in '/home/openarm/ros2_ws2/build/openarm_bimanual_moveit_config': CMAKE_PREFIX_PATH=/home/openarm/ros2_ws2/install/openarm_description:/home/openarm/ros2_ws2/install/openarm:/home/openarm/ros2_ws2/install/openarm_hardware:/home/openarm/ros2_ws2/install/openarm_bimanual_moveit_config:/home/openarm/ros2_ws2/install/openarm_bringup:/home/openarm/ros2_ws/install/openarm:/home/openarm/ros2_ws/install/openarm_hardware:/home/openarm/ros2_ws/install/openarm_bimanual_moveit_config:/home/openarm/ros2_ws/install/openarm_description:/home/openarm/ros2_ws/install/openarm_can:/home/openarm/ros2_ws/install/openarm_bringup:/home/openarm/ros2_ws/install/hello_moveit:/home/openarm/ros2_ws/install/my_arm_control:/home/openarm/ros2_ws/install/hello_moveit_py:/opt/ros/humble /usr/bin/cmake --build /home/openarm/ros2_ws2/build/openarm_bimanual_moveit_config -- -j4 -l4
[0.766s] DEBUG:colcon.colcon_core.event_handler.log_command:Invoked command in '/home/openarm/ros2_ws2/build/openarm_bringup' returned '0': CMAKE_PREFIX_PATH=${CMAKE_PREFIX_PATH}:/home/openarm/ros2_ws/install/my_arm_control:/home/openarm/ros2_ws/install/hello_moveit_py:/opt/ros/humble /usr/bin/cmake --build /home/openarm/ros2_ws2/build/openarm_bringup -- -j4 -l4
[0.768s] DEBUG:colcon.colcon_core.event_handler.log_command:Invoking command in '/home/openarm/ros2_ws2/build/openarm_bringup': CMAKE_PREFIX_PATH=${CMAKE_PREFIX_PATH}:/home/openarm/ros2_ws/install/my_arm_control:/home/openarm/ros2_ws/install/hello_moveit_py:/opt/ros/humble /usr/bin/cmake --install /home/openarm/ros2_ws2/build/openarm_bringup
[0.780s] Level 1:colcon.colcon_core.environment:create_environment_scripts_only(openarm_bringup)
[0.780s] Level 1:colcon.colcon_core.environment:checking '/home/openarm/ros2_ws2/install/openarm_bringup' for CMake module files
[0.781s] DEBUG:colcon.colcon_core.event_handler.log_command:Invoked command in '/home/openarm/ros2_ws2/build/openarm_bringup' returned '0': CMAKE_PREFIX_PATH=${CMAKE_PREFIX_PATH}:/home/openarm/ros2_ws/install/my_arm_control:/home/openarm/ros2_ws/install/hello_moveit_py:/opt/ros/humble /usr/bin/cmake --install /home/openarm/ros2_ws2/build/openarm_bringup
[0.781s] Level 1:colcon.colcon_core.environment:checking '/home/openarm/ros2_ws2/install/openarm_bringup' for CMake config files
[0.782s] Level 1:colcon.colcon_core.shell:create_environment_hook('openarm_bringup', 'cmake_prefix_path')
[0.782s] INFO:colcon.colcon_core.shell:Creating environment hook '/home/openarm/ros2_ws2/install/openarm_bringup/share/openarm_bringup/hook/cmake_prefix_path.ps1'
[0.783s] INFO:colcon.colcon_core.shell:Creating environment descriptor '/home/openarm/ros2_ws2/install/openarm_bringup/share/openarm_bringup/hook/cmake_prefix_path.dsv'
[0.783s] INFO:colcon.colcon_core.shell:Creating environment hook '/home/openarm/ros2_ws2/install/openarm_bringup/share/openarm_bringup/hook/cmake_prefix_path.sh'
[0.784s] Level 1:colcon.colcon_core.environment:checking '/home/openarm/ros2_ws2/install/openarm_bringup/bin'
[0.784s] Level 1:colcon.colcon_core.environment:checking '/home/openarm/ros2_ws2/install/openarm_bringup/lib/pkgconfig/openarm_bringup.pc'
[0.784s] Level 1:colcon.colcon_core.environment:checking '/home/openarm/ros2_ws2/install/openarm_bringup/lib/python3.10/site-packages'
[0.785s] Level 1:colcon.colcon_core.environment:checking '/home/openarm/ros2_ws2/install/openarm_bringup/bin'
[0.785s] INFO:colcon.colcon_core.shell:Creating package script '/home/openarm/ros2_ws2/install/openarm_bringup/share/openarm_bringup/package.ps1'
[0.786s] INFO:colcon.colcon_core.shell:Creating package descriptor '/home/openarm/ros2_ws2/install/openarm_bringup/share/openarm_bringup/package.dsv'
[0.786s] INFO:colcon.colcon_core.shell:Creating package script '/home/openarm/ros2_ws2/install/openarm_bringup/share/openarm_bringup/package.sh'
[0.786s] INFO:colcon.colcon_core.shell:Creating package script '/home/openarm/ros2_ws2/install/openarm_bringup/share/openarm_bringup/package.bash'
[0.787s] INFO:colcon.colcon_core.shell:Creating package script '/home/openarm/ros2_ws2/install/openarm_bringup/share/openarm_bringup/package.zsh'
[0.787s] Level 1:colcon.colcon_core.environment:create_file_with_runtime_dependencies(/home/openarm/ros2_ws2/install/openarm_bringup/share/colcon-core/packages/openarm_bringup)
[0.788s] Level 1:colcon.colcon_core.environment:create_environment_scripts_only(openarm_bringup)
[0.788s] Level 1:colcon.colcon_core.environment:checking '/home/openarm/ros2_ws2/install/openarm_bringup' for CMake module files
[0.788s] Level 1:colcon.colcon_core.environment:checking '/home/openarm/ros2_ws2/install/openarm_bringup' for CMake config files
[0.789s] Level 1:colcon.colcon_core.shell:create_environment_hook('openarm_bringup', 'cmake_prefix_path')
[0.789s] INFO:colcon.colcon_core.shell:Creating environment hook '/home/openarm/ros2_ws2/install/openarm_bringup/share/openarm_bringup/hook/cmake_prefix_path.ps1'
[0.789s] INFO:colcon.colcon_core.shell:Creating environment descriptor '/home/openarm/ros2_ws2/install/openarm_bringup/share/openarm_bringup/hook/cmake_prefix_path.dsv'
[0.790s] INFO:colcon.colcon_core.shell:Creating environment hook '/home/openarm/ros2_ws2/install/openarm_bringup/share/openarm_bringup/hook/cmake_prefix_path.sh'
[0.790s] Level 1:colcon.colcon_core.environment:checking '/home/openarm/ros2_ws2/install/openarm_bringup/bin'
[0.790s] Level 1:colcon.colcon_core.environment:checking '/home/openarm/ros2_ws2/install/openarm_bringup/lib/pkgconfig/openarm_bringup.pc'
[0.790s] Level 1:colcon.colcon_core.environment:checking '/home/openarm/ros2_ws2/install/openarm_bringup/lib/python3.10/site-packages'
[0.791s] Level 1:colcon.colcon_core.environment:checking '/home/openarm/ros2_ws2/install/openarm_bringup/bin'
[0.791s] INFO:colcon.colcon_core.shell:Creating package script '/home/openarm/ros2_ws2/install/openarm_bringup/share/openarm_bringup/package.ps1'
[0.792s] INFO:colcon.colcon_core.shell:Creating package descriptor '/home/openarm/ros2_ws2/install/openarm_bringup/share/openarm_bringup/package.dsv'
[0.792s] INFO:colcon.colcon_core.shell:Creating package script '/home/openarm/ros2_ws2/install/openarm_bringup/share/openarm_bringup/package.sh'
[0.792s] INFO:colcon.colcon_core.shell:Creating package script '/home/openarm/ros2_ws2/install/openarm_bringup/share/openarm_bringup/package.bash'
[0.793s] INFO:colcon.colcon_core.shell:Creating package script '/home/openarm/ros2_ws2/install/openarm_bringup/share/openarm_bringup/package.zsh'
[0.793s] Level 1:colcon.colcon_core.environment:create_file_with_runtime_dependencies(/home/openarm/ros2_ws2/install/openarm_bringup/share/colcon-core/packages/openarm_bringup)
[0.872s] DEBUG:colcon.colcon_core.event_handler.log_command:Invoked command in '/home/openarm/ros2_ws2/build/openarm_bimanual_moveit_config' returned '0': CMAKE_PREFIX_PATH=/home/openarm/ros2_ws2/install/openarm_description:/home/openarm/ros2_ws2/install/openarm:/home/openarm/ros2_ws2/install/openarm_hardware:/home/openarm/ros2_ws2/install/openarm_bimanual_moveit_config:/home/openarm/ros2_ws2/install/openarm_bringup:/home/openarm/ros2_ws/install/openarm:/home/openarm/ros2_ws/install/openarm_hardware:/home/openarm/ros2_ws/install/openarm_bimanual_moveit_config:/home/openarm/ros2_ws/install/openarm_description:/home/openarm/ros2_ws/install/openarm_can:/home/openarm/ros2_ws/install/openarm_bringup:/home/openarm/ros2_ws/install/hello_moveit:/home/openarm/ros2_ws/install/my_arm_control:/home/openarm/ros2_ws/install/hello_moveit_py:/opt/ros/humble /usr/bin/cmake --build /home/openarm/ros2_ws2/build/openarm_bimanual_moveit_config -- -j4 -l4
[0.874s] DEBUG:colcon.colcon_core.event_handler.log_command:Invoking command in '/home/openarm/ros2_ws2/build/openarm_bimanual_moveit_config': CMAKE_PREFIX_PATH=/home/openarm/ros2_ws2/install/openarm_description:/home/openarm/ros2_ws2/install/openarm:/home/openarm/ros2_ws2/install/openarm_hardware:/home/openarm/ros2_ws2/install/openarm_bimanual_moveit_config:/home/openarm/ros2_ws2/install/openarm_bringup:/home/openarm/ros2_ws/install/openarm:/home/openarm/ros2_ws/install/openarm_hardware:/home/openarm/ros2_ws/install/openarm_bimanual_moveit_config:/home/openarm/ros2_ws/install/openarm_description:/home/openarm/ros2_ws/install/openarm_can:/home/openarm/ros2_ws/install/openarm_bringup:/home/openarm/ros2_ws/install/hello_moveit:/home/openarm/ros2_ws/install/my_arm_control:/home/openarm/ros2_ws/install/hello_moveit_py:/opt/ros/humble /usr/bin/cmake --install /home/openarm/ros2_ws2/build/openarm_bimanual_moveit_config
[0.886s] Level 1:colcon.colcon_core.environment:create_environment_scripts_only(openarm_bimanual_moveit_config)
[0.886s] Level 1:colcon.colcon_core.environment:checking '/home/openarm/ros2_ws2/install/openarm_bimanual_moveit_config' for CMake module files
[0.887s] DEBUG:colcon.colcon_core.event_handler.log_command:Invoked command in '/home/openarm/ros2_ws2/build/openarm_bimanual_moveit_config' returned '0': CMAKE_PREFIX_PATH=/home/openarm/ros2_ws2/install/openarm_description:/home/openarm/ros2_ws2/install/openarm:/home/openarm/ros2_ws2/install/openarm_hardware:/home/openarm/ros2_ws2/install/openarm_bimanual_moveit_config:/home/openarm/ros2_ws2/install/openarm_bringup:/home/openarm/ros2_ws/install/openarm:/home/openarm/ros2_ws/install/openarm_hardware:/home/openarm/ros2_ws/install/openarm_bimanual_moveit_config:/home/openarm/ros2_ws/install/openarm_description:/home/openarm/ros2_ws/install/openarm_can:/home/openarm/ros2_ws/install/openarm_bringup:/home/openarm/ros2_ws/install/hello_moveit:/home/openarm/ros2_ws/install/my_arm_control:/home/openarm/ros2_ws/install/hello_moveit_py:/opt/ros/humble /usr/bin/cmake --install /home/openarm/ros2_ws2/build/openarm_bimanual_moveit_config
[0.887s] Level 1:colcon.colcon_core.environment:checking '/home/openarm/ros2_ws2/install/openarm_bimanual_moveit_config' for CMake config files
[0.887s] Level 1:colcon.colcon_core.shell:create_environment_hook('openarm_bimanual_moveit_config', 'cmake_prefix_path')
[0.888s] INFO:colcon.colcon_core.shell:Creating environment hook '/home/openarm/ros2_ws2/install/openarm_bimanual_moveit_config/share/openarm_bimanual_moveit_config/hook/cmake_prefix_path.ps1'
[0.888s] INFO:colcon.colcon_core.shell:Creating environment descriptor '/home/openarm/ros2_ws2/install/openarm_bimanual_moveit_config/share/openarm_bimanual_moveit_config/hook/cmake_prefix_path.dsv'
[0.889s] INFO:colcon.colcon_core.shell:Creating environment hook '/home/openarm/ros2_ws2/install/openarm_bimanual_moveit_config/share/openarm_bimanual_moveit_config/hook/cmake_prefix_path.sh'
[0.890s] Level 1:colcon.colcon_core.environment:checking '/home/openarm/ros2_ws2/install/openarm_bimanual_moveit_config/bin'
[0.890s] Level 1:colcon.colcon_core.environment:checking '/home/openarm/ros2_ws2/install/openarm_bimanual_moveit_config/lib/pkgconfig/openarm_bimanual_moveit_config.pc'
[0.890s] Level 1:colcon.colcon_core.environment:checking '/home/openarm/ros2_ws2/install/openarm_bimanual_moveit_config/lib/python3.10/site-packages'
[0.891s] Level 1:colcon.colcon_core.environment:checking '/home/openarm/ros2_ws2/install/openarm_bimanual_moveit_config/bin'
[0.891s] INFO:colcon.colcon_core.shell:Creating package script '/home/openarm/ros2_ws2/install/openarm_bimanual_moveit_config/share/openarm_bimanual_moveit_config/package.ps1'
[0.892s] INFO:colcon.colcon_core.shell:Creating package descriptor '/home/openarm/ros2_ws2/install/openarm_bimanual_moveit_config/share/openarm_bimanual_moveit_config/package.dsv'
[0.892s] INFO:colcon.colcon_core.shell:Creating package script '/home/openarm/ros2_ws2/install/openarm_bimanual_moveit_config/share/openarm_bimanual_moveit_config/package.sh'
[0.893s] INFO:colcon.colcon_core.shell:Creating package script '/home/openarm/ros2_ws2/install/openarm_bimanual_moveit_config/share/openarm_bimanual_moveit_config/package.bash'
[0.893s] INFO:colcon.colcon_core.shell:Creating package script '/home/openarm/ros2_ws2/install/openarm_bimanual_moveit_config/share/openarm_bimanual_moveit_config/package.zsh'
[0.894s] Level 1:colcon.colcon_core.environment:create_file_with_runtime_dependencies(/home/openarm/ros2_ws2/install/openarm_bimanual_moveit_config/share/colcon-core/packages/openarm_bimanual_moveit_config)
[0.895s] Level 1:colcon.colcon_core.environment:create_environment_scripts_only(openarm_bimanual_moveit_config)
[0.895s] Level 1:colcon.colcon_core.environment:checking '/home/openarm/ros2_ws2/install/openarm_bimanual_moveit_config' for CMake module files
[0.896s] Level 1:colcon.colcon_core.environment:checking '/home/openarm/ros2_ws2/install/openarm_bimanual_moveit_config' for CMake config files
[0.896s] Level 1:colcon.colcon_core.shell:create_environment_hook('openarm_bimanual_moveit_config', 'cmake_prefix_path')
[0.896s] INFO:colcon.colcon_core.shell:Creating environment hook '/home/openarm/ros2_ws2/install/openarm_bimanual_moveit_config/share/openarm_bimanual_moveit_config/hook/cmake_prefix_path.ps1'
[0.897s] INFO:colcon.colcon_core.shell:Creating environment descriptor '/home/openarm/ros2_ws2/install/openarm_bimanual_moveit_config/share/openarm_bimanual_moveit_config/hook/cmake_prefix_path.dsv'
[0.897s] INFO:colcon.colcon_core.shell:Creating environment hook '/home/openarm/ros2_ws2/install/openarm_bimanual_moveit_config/share/openarm_bimanual_moveit_config/hook/cmake_prefix_path.sh'
[0.897s] Level 1:colcon.colcon_core.environment:checking '/home/openarm/ros2_ws2/install/openarm_bimanual_moveit_config/bin'
[0.898s] Level 1:colcon.colcon_core.environment:checking '/home/openarm/ros2_ws2/install/openarm_bimanual_moveit_config/lib/pkgconfig/openarm_bimanual_moveit_config.pc'
[0.898s] Level 1:colcon.colcon_core.environment:checking '/home/openarm/ros2_ws2/install/openarm_bimanual_moveit_config/lib/python3.10/site-packages'
[0.898s] Level 1:colcon.colcon_core.environment:checking '/home/openarm/ros2_ws2/install/openarm_bimanual_moveit_config/bin'
[0.898s] INFO:colcon.colcon_core.shell:Creating package script '/home/openarm/ros2_ws2/install/openarm_bimanual_moveit_config/share/openarm_bimanual_moveit_config/package.ps1'
[0.899s] INFO:colcon.colcon_core.shell:Creating package descriptor '/home/openarm/ros2_ws2/install/openarm_bimanual_moveit_config/share/openarm_bimanual_moveit_config/package.dsv'
[0.899s] INFO:colcon.colcon_core.shell:Creating package script '/home/openarm/ros2_ws2/install/openarm_bimanual_moveit_config/share/openarm_bimanual_moveit_config/package.sh'
[0.900s] INFO:colcon.colcon_core.shell:Creating package script '/home/openarm/ros2_ws2/install/openarm_bimanual_moveit_config/share/openarm_bimanual_moveit_config/package.bash'
[0.900s] INFO:colcon.colcon_core.shell:Creating package script '/home/openarm/ros2_ws2/install/openarm_bimanual_moveit_config/share/openarm_bimanual_moveit_config/package.zsh'
[0.900s] Level 1:colcon.colcon_core.environment:create_file_with_runtime_dependencies(/home/openarm/ros2_ws2/install/openarm_bimanual_moveit_config/share/colcon-core/packages/openarm_bimanual_moveit_config)
[5.044s] DEBUG:colcon.colcon_core.event_handler.log_command:Invoked command in '/home/openarm/ros2_ws2/build/openarm_hardware' returned '0': CMAKE_PREFIX_PATH=${CMAKE_PREFIX_PATH}:/home/openarm/ros2_ws/install/my_arm_control:/home/openarm/ros2_ws/install/hello_moveit_py:/opt/ros/humble /usr/bin/cmake --build /home/openarm/ros2_ws2/build/openarm_hardware -- -j4 -l4
[5.049s] DEBUG:colcon.colcon_core.event_handler.log_command:Invoking command in '/home/openarm/ros2_ws2/build/openarm_hardware': CMAKE_PREFIX_PATH=${CMAKE_PREFIX_PATH}:/home/openarm/ros2_ws/install/my_arm_control:/home/openarm/ros2_ws/install/hello_moveit_py:/opt/ros/humble /usr/bin/cmake --install /home/openarm/ros2_ws2/build/openarm_hardware
[5.074s] Level 1:colcon.colcon_core.environment:create_environment_scripts_only(openarm_hardware)
[5.074s] Level 1:colcon.colcon_core.environment:checking '/home/openarm/ros2_ws2/install/openarm_hardware' for CMake module files
[5.075s] DEBUG:colcon.colcon_core.event_handler.log_command:Invoked command in '/home/openarm/ros2_ws2/build/openarm_hardware' returned '0': CMAKE_PREFIX_PATH=${CMAKE_PREFIX_PATH}:/home/openarm/ros2_ws/install/my_arm_control:/home/openarm/ros2_ws/install/hello_moveit_py:/opt/ros/humble /usr/bin/cmake --install /home/openarm/ros2_ws2/build/openarm_hardware
[5.076s] Level 1:colcon.colcon_core.environment:checking '/home/openarm/ros2_ws2/install/openarm_hardware' for CMake config files
[5.076s] Level 1:colcon.colcon_core.shell:create_environment_hook('openarm_hardware', 'cmake_prefix_path')
[5.076s] INFO:colcon.colcon_core.shell:Creating environment hook '/home/openarm/ros2_ws2/install/openarm_hardware/share/openarm_hardware/hook/cmake_prefix_path.ps1'
[5.077s] INFO:colcon.colcon_core.shell:Creating environment descriptor '/home/openarm/ros2_ws2/install/openarm_hardware/share/openarm_hardware/hook/cmake_prefix_path.dsv'
[5.077s] INFO:colcon.colcon_core.shell:Creating environment hook '/home/openarm/ros2_ws2/install/openarm_hardware/share/openarm_hardware/hook/cmake_prefix_path.sh'
[5.078s] Level 1:colcon.colcon_core.environment:checking '/home/openarm/ros2_ws2/install/openarm_hardware/lib'
[5.078s] Level 1:colcon.colcon_core.shell:create_environment_hook('openarm_hardware', 'ld_library_path_lib')
[5.078s] INFO:colcon.colcon_core.shell:Creating environment hook '/home/openarm/ros2_ws2/install/openarm_hardware/share/openarm_hardware/hook/ld_library_path_lib.ps1'
[5.078s] INFO:colcon.colcon_core.shell:Creating environment descriptor '/home/openarm/ros2_ws2/install/openarm_hardware/share/openarm_hardware/hook/ld_library_path_lib.dsv'
[5.079s] INFO:colcon.colcon_core.shell:Creating environment hook '/home/openarm/ros2_ws2/install/openarm_hardware/share/openarm_hardware/hook/ld_library_path_lib.sh'
[5.079s] Level 1:colcon.colcon_core.environment:checking '/home/openarm/ros2_ws2/install/openarm_hardware/bin'
[5.079s] Level 1:colcon.colcon_core.environment:checking '/home/openarm/ros2_ws2/install/openarm_hardware/lib/pkgconfig/openarm_hardware.pc'
[5.080s] Level 1:colcon.colcon_core.environment:checking '/home/openarm/ros2_ws2/install/openarm_hardware/lib/python3.10/site-packages'
[5.080s] Level 1:colcon.colcon_core.environment:checking '/home/openarm/ros2_ws2/install/openarm_hardware/bin'
[5.080s] INFO:colcon.colcon_core.shell:Creating package script '/home/openarm/ros2_ws2/install/openarm_hardware/share/openarm_hardware/package.ps1'
[5.081s] INFO:colcon.colcon_core.shell:Creating package descriptor '/home/openarm/ros2_ws2/install/openarm_hardware/share/openarm_hardware/package.dsv'
[5.081s] INFO:colcon.colcon_core.shell:Creating package script '/home/openarm/ros2_ws2/install/openarm_hardware/share/openarm_hardware/package.sh'
[5.082s] INFO:colcon.colcon_core.shell:Creating package script '/home/openarm/ros2_ws2/install/openarm_hardware/share/openarm_hardware/package.bash'
[5.082s] INFO:colcon.colcon_core.shell:Creating package script '/home/openarm/ros2_ws2/install/openarm_hardware/share/openarm_hardware/package.zsh'
[5.083s] Level 1:colcon.colcon_core.environment:create_file_with_runtime_dependencies(/home/openarm/ros2_ws2/install/openarm_hardware/share/colcon-core/packages/openarm_hardware)
[5.083s] Level 1:colcon.colcon_core.environment:create_environment_scripts_only(openarm_hardware)
[5.083s] Level 1:colcon.colcon_core.environment:checking '/home/openarm/ros2_ws2/install/openarm_hardware' for CMake module files
[5.084s] Level 1:colcon.colcon_core.environment:checking '/home/openarm/ros2_ws2/install/openarm_hardware' for CMake config files
[5.084s] Level 1:colcon.colcon_core.shell:create_environment_hook('openarm_hardware', 'cmake_prefix_path')
[5.085s] INFO:colcon.colcon_core.shell:Creating environment hook '/home/openarm/ros2_ws2/install/openarm_hardware/share/openarm_hardware/hook/cmake_prefix_path.ps1'
[5.085s] INFO:colcon.colcon_core.shell:Creating environment descriptor '/home/openarm/ros2_ws2/install/openarm_hardware/share/openarm_hardware/hook/cmake_prefix_path.dsv'
[5.086s] INFO:colcon.colcon_core.shell:Creating environment hook '/home/openarm/ros2_ws2/install/openarm_hardware/share/openarm_hardware/hook/cmake_prefix_path.sh'
[5.086s] Level 1:colcon.colcon_core.environment:checking '/home/openarm/ros2_ws2/install/openarm_hardware/lib'
[5.086s] Level 1:colcon.colcon_core.shell:create_environment_hook('openarm_hardware', 'ld_library_path_lib')
[5.086s] INFO:colcon.colcon_core.shell:Creating environment hook '/home/openarm/ros2_ws2/install/openarm_hardware/share/openarm_hardware/hook/ld_library_path_lib.ps1'
[5.087s] INFO:colcon.colcon_core.shell:Creating environment descriptor '/home/openarm/ros2_ws2/install/openarm_hardware/share/openarm_hardware/hook/ld_library_path_lib.dsv'
[5.087s] INFO:colcon.colcon_core.shell:Creating environment hook '/home/openarm/ros2_ws2/install/openarm_hardware/share/openarm_hardware/hook/ld_library_path_lib.sh'
[5.088s] Level 1:colcon.colcon_core.environment:checking '/home/openarm/ros2_ws2/install/openarm_hardware/bin'
[5.088s] Level 1:colcon.colcon_core.environment:checking '/home/openarm/ros2_ws2/install/openarm_hardware/lib/pkgconfig/openarm_hardware.pc'
[5.088s] Level 1:colcon.colcon_core.environment:checking '/home/openarm/ros2_ws2/install/openarm_hardware/lib/python3.10/site-packages'
[5.088s] Level 1:colcon.colcon_core.environment:checking '/home/openarm/ros2_ws2/install/openarm_hardware/bin'
[5.089s] INFO:colcon.colcon_core.shell:Creating package script '/home/openarm/ros2_ws2/install/openarm_hardware/share/openarm_hardware/package.ps1'
[5.089s] INFO:colcon.colcon_core.shell:Creating package descriptor '/home/openarm/ros2_ws2/install/openarm_hardware/share/openarm_hardware/package.dsv'
[5.090s] INFO:colcon.colcon_core.shell:Creating package script '/home/openarm/ros2_ws2/install/openarm_hardware/share/openarm_hardware/package.sh'
[5.090s] INFO:colcon.colcon_core.shell:Creating package script '/home/openarm/ros2_ws2/install/openarm_hardware/share/openarm_hardware/package.bash'
[5.091s] INFO:colcon.colcon_core.shell:Creating package script '/home/openarm/ros2_ws2/install/openarm_hardware/share/openarm_hardware/package.zsh'
[5.091s] Level 1:colcon.colcon_core.environment:create_file_with_runtime_dependencies(/home/openarm/ros2_ws2/install/openarm_hardware/share/colcon-core/packages/openarm_hardware)
[5.091s] INFO:colcon.colcon_ros.task.ament_cmake.build:Building ROS package in '/home/openarm/ros2_ws2/src/openarm_ros2/openarm' with build type 'ament_cmake'
[5.091s] INFO:colcon.colcon_cmake.task.cmake.build:Building CMake package in '/home/openarm/ros2_ws2/src/openarm_ros2/openarm'
[5.092s] INFO:colcon.colcon_core.shell:Skip shell extension 'powershell' for command environment: Not usable outside of PowerShell
[5.092s] DEBUG:colcon.colcon_core.shell:Skip shell extension 'dsv' for command environment
[5.105s] DEBUG:colcon.colcon_core.event_handler.log_command:Invoking command in '/home/openarm/ros2_ws2/build/openarm': CMAKE_PREFIX_PATH=/home/openarm/ros2_ws2/install/openarm_hardware:/home/openarm/ros2_ws2/install/openarm_description:/home/openarm/ros2_ws2/install/openarm_bringup:/home/openarm/ros2_ws2/install/openarm:/home/openarm/ros2_ws2/install/openarm_bimanual_moveit_config:/home/openarm/ros2_ws/install/openarm:/home/openarm/ros2_ws/install/openarm_hardware:/home/openarm/ros2_ws/install/openarm_bimanual_moveit_config:/home/openarm/ros2_ws/install/openarm_description:/home/openarm/ros2_ws/install/openarm_can:/home/openarm/ros2_ws/install/openarm_bringup:/home/openarm/ros2_ws/install/hello_moveit:/home/openarm/ros2_ws/install/my_arm_control:/home/openarm/ros2_ws/install/hello_moveit_py:/opt/ros/humble /usr/bin/cmake --build /home/openarm/ros2_ws2/build/openarm -- -j4 -l4
[5.334s] DEBUG:colcon.colcon_core.event_handler.log_command:Invoked command in '/home/openarm/ros2_ws2/build/openarm' returned '0': CMAKE_PREFIX_PATH=/home/openarm/ros2_ws2/install/openarm_hardware:/home/openarm/ros2_ws2/install/openarm_description:/home/openarm/ros2_ws2/install/openarm_bringup:/home/openarm/ros2_ws2/install/openarm:/home/openarm/ros2_ws2/install/openarm_bimanual_moveit_config:/home/openarm/ros2_ws/install/openarm:/home/openarm/ros2_ws/install/openarm_hardware:/home/openarm/ros2_ws/install/openarm_bimanual_moveit_config:/home/openarm/ros2_ws/install/openarm_description:/home/openarm/ros2_ws/install/openarm_can:/home/openarm/ros2_ws/install/openarm_bringup:/home/openarm/ros2_ws/install/hello_moveit:/home/openarm/ros2_ws/install/my_arm_control:/home/openarm/ros2_ws/install/hello_moveit_py:/opt/ros/humble /usr/bin/cmake --build /home/openarm/ros2_ws2/build/openarm -- -j4 -l4
[5.336s] DEBUG:colcon.colcon_core.event_handler.log_command:Invoking command in '/home/openarm/ros2_ws2/build/openarm': CMAKE_PREFIX_PATH=/home/openarm/ros2_ws2/install/openarm_hardware:/home/openarm/ros2_ws2/install/openarm_description:/home/openarm/ros2_ws2/install/openarm_bringup:/home/openarm/ros2_ws2/install/openarm:/home/openarm/ros2_ws2/install/openarm_bimanual_moveit_config:/home/openarm/ros2_ws/install/openarm:/home/openarm/ros2_ws/install/openarm_hardware:/home/openarm/ros2_ws/install/openarm_bimanual_moveit_config:/home/openarm/ros2_ws/install/openarm_description:/home/openarm/ros2_ws/install/openarm_can:/home/openarm/ros2_ws/install/openarm_bringup:/home/openarm/ros2_ws/install/hello_moveit:/home/openarm/ros2_ws/install/my_arm_control:/home/openarm/ros2_ws/install/hello_moveit_py:/opt/ros/humble /usr/bin/cmake --install /home/openarm/ros2_ws2/build/openarm
[5.347s] Level 1:colcon.colcon_core.environment:create_environment_scripts_only(openarm)
[5.347s] Level 1:colcon.colcon_core.environment:checking '/home/openarm/ros2_ws2/install/openarm' for CMake module files
[5.347s] DEBUG:colcon.colcon_core.event_handler.log_command:Invoked command in '/home/openarm/ros2_ws2/build/openarm' returned '0': CMAKE_PREFIX_PATH=/home/openarm/ros2_ws2/install/openarm_hardware:/home/openarm/ros2_ws2/install/openarm_description:/home/openarm/ros2_ws2/install/openarm_bringup:/home/openarm/ros2_ws2/install/openarm:/home/openarm/ros2_ws2/install/openarm_bimanual_moveit_config:/home/openarm/ros2_ws/install/openarm:/home/openarm/ros2_ws/install/openarm_hardware:/home/openarm/ros2_ws/install/openarm_bimanual_moveit_config:/home/openarm/ros2_ws/install/openarm_description:/home/openarm/ros2_ws/install/openarm_can:/home/openarm/ros2_ws/install/openarm_bringup:/home/openarm/ros2_ws/install/hello_moveit:/home/openarm/ros2_ws/install/my_arm_control:/home/openarm/ros2_ws/install/hello_moveit_py:/opt/ros/humble /usr/bin/cmake --install /home/openarm/ros2_ws2/build/openarm
[5.348s] Level 1:colcon.colcon_core.environment:checking '/home/openarm/ros2_ws2/install/openarm' for CMake config files
[5.348s] Level 1:colcon.colcon_core.shell:create_environment_hook('openarm', 'cmake_prefix_path')
[5.348s] INFO:colcon.colcon_core.shell:Creating environment hook '/home/openarm/ros2_ws2/install/openarm/share/openarm/hook/cmake_prefix_path.ps1'
[5.348s] INFO:colcon.colcon_core.shell:Creating environment descriptor '/home/openarm/ros2_ws2/install/openarm/share/openarm/hook/cmake_prefix_path.dsv'
[5.349s] INFO:colcon.colcon_core.shell:Creating environment hook '/home/openarm/ros2_ws2/install/openarm/share/openarm/hook/cmake_prefix_path.sh'
[5.349s] Level 1:colcon.colcon_core.environment:checking '/home/openarm/ros2_ws2/install/openarm/bin'
[5.349s] Level 1:colcon.colcon_core.environment:checking '/home/openarm/ros2_ws2/install/openarm/lib/pkgconfig/openarm.pc'
[5.350s] Level 1:colcon.colcon_core.environment:checking '/home/openarm/ros2_ws2/install/openarm/lib/python3.10/site-packages'
[5.350s] Level 1:colcon.colcon_core.environment:checking '/home/openarm/ros2_ws2/install/openarm/bin'
[5.350s] INFO:colcon.colcon_core.shell:Creating package script '/home/openarm/ros2_ws2/install/openarm/share/openarm/package.ps1'
[5.351s] INFO:colcon.colcon_core.shell:Creating package descriptor '/home/openarm/ros2_ws2/install/openarm/share/openarm/package.dsv'
[5.351s] INFO:colcon.colcon_core.shell:Creating package script '/home/openarm/ros2_ws2/install/openarm/share/openarm/package.sh'
[5.351s] INFO:colcon.colcon_core.shell:Creating package script '/home/openarm/ros2_ws2/install/openarm/share/openarm/package.bash'
[5.352s] INFO:colcon.colcon_core.shell:Creating package script '/home/openarm/ros2_ws2/install/openarm/share/openarm/package.zsh'
[5.352s] Level 1:colcon.colcon_core.environment:create_file_with_runtime_dependencies(/home/openarm/ros2_ws2/install/openarm/share/colcon-core/packages/openarm)
[5.352s] Level 1:colcon.colcon_core.environment:create_environment_scripts_only(openarm)
[5.353s] Level 1:colcon.colcon_core.environment:checking '/home/openarm/ros2_ws2/install/openarm' for CMake module files
[5.353s] Level 1:colcon.colcon_core.environment:checking '/home/openarm/ros2_ws2/install/openarm' for CMake config files
[5.353s] Level 1:colcon.colcon_core.shell:create_environment_hook('openarm', 'cmake_prefix_path')
[5.353s] INFO:colcon.colcon_core.shell:Creating environment hook '/home/openarm/ros2_ws2/install/openarm/share/openarm/hook/cmake_prefix_path.ps1'
[5.354s] INFO:colcon.colcon_core.shell:Creating environment descriptor '/home/openarm/ros2_ws2/install/openarm/share/openarm/hook/cmake_prefix_path.dsv'
[5.354s] INFO:colcon.colcon_core.shell:Creating environment hook '/home/openarm/ros2_ws2/install/openarm/share/openarm/hook/cmake_prefix_path.sh'
[5.355s] Level 1:colcon.colcon_core.environment:checking '/home/openarm/ros2_ws2/install/openarm/bin'
[5.355s] Level 1:colcon.colcon_core.environment:checking '/home/openarm/ros2_ws2/install/openarm/lib/pkgconfig/openarm.pc'
[5.355s] Level 1:colcon.colcon_core.environment:checking '/home/openarm/ros2_ws2/install/openarm/lib/python3.10/site-packages'
[5.355s] Level 1:colcon.colcon_core.environment:checking '/home/openarm/ros2_ws2/install/openarm/bin'
[5.355s] INFO:colcon.colcon_core.shell:Creating package script '/home/openarm/ros2_ws2/install/openarm/share/openarm/package.ps1'
[5.356s] INFO:colcon.colcon_core.shell:Creating package descriptor '/home/openarm/ros2_ws2/install/openarm/share/openarm/package.dsv'
[5.356s] INFO:colcon.colcon_core.shell:Creating package script '/home/openarm/ros2_ws2/install/openarm/share/openarm/package.sh'
[5.357s] INFO:colcon.colcon_core.shell:Creating package script '/home/openarm/ros2_ws2/install/openarm/share/openarm/package.bash'
[5.357s] INFO:colcon.colcon_core.shell:Creating package script '/home/openarm/ros2_ws2/install/openarm/share/openarm/package.zsh'
[5.357s] Level 1:colcon.colcon_core.environment:create_file_with_runtime_dependencies(/home/openarm/ros2_ws2/install/openarm/share/colcon-core/packages/openarm)
[5.358s] DEBUG:colcon.colcon_parallel_executor.executor.parallel:closing loop
[5.358s] DEBUG:colcon.colcon_parallel_executor.executor.parallel:loop closed
[5.358s] DEBUG:colcon.colcon_parallel_executor.executor.parallel:run_until_complete finished with '0'
[5.358s] DEBUG:colcon.colcon_core.event_reactor:joining thread
[5.364s] INFO:colcon.colcon_core.plugin_system:Skipping extension 'colcon_notification.desktop_notification.terminal_notifier': Not used on non-Darwin systems
[5.364s] INFO:colcon.colcon_core.plugin_system:Skipping extension 'colcon_notification.desktop_notification.win32': Not used on non-Windows systems
[5.364s] INFO:colcon.colcon_notification.desktop_notification:Sending desktop notification using 'notify2'
[5.375s] DEBUG:colcon.colcon_core.event_reactor:joined thread
[5.375s] INFO:colcon.colcon_core.shell:Creating prefix script '/home/openarm/ros2_ws2/install/local_setup.ps1'
[5.376s] INFO:colcon.colcon_core.shell:Creating prefix util module '/home/openarm/ros2_ws2/install/_local_setup_util_ps1.py'
[5.378s] INFO:colcon.colcon_core.shell:Creating prefix chain script '/home/openarm/ros2_ws2/install/setup.ps1'
[5.379s] INFO:colcon.colcon_core.shell:Creating prefix script '/home/openarm/ros2_ws2/install/local_setup.sh'
[5.380s] INFO:colcon.colcon_core.shell:Creating prefix util module '/home/openarm/ros2_ws2/install/_local_setup_util_sh.py'
[5.380s] INFO:colcon.colcon_core.shell:Creating prefix chain script '/home/openarm/ros2_ws2/install/setup.sh'
[5.381s] INFO:colcon.colcon_core.shell:Creating prefix script '/home/openarm/ros2_ws2/install/local_setup.bash'
[5.382s] INFO:colcon.colcon_core.shell:Creating prefix chain script '/home/openarm/ros2_ws2/install/setup.bash'
[5.383s] INFO:colcon.colcon_core.shell:Creating prefix script '/home/openarm/ros2_ws2/install/local_setup.zsh'
[5.384s] INFO:colcon.colcon_core.shell:Creating prefix chain script '/home/openarm/ros2_ws2/install/setup.zsh'
