[0.019s] Invoking command in '/home/openarm/ros2_ws2/build/openarm_hardware': CMAKE_PREFIX_PATH=${CMAKE_PREFIX_PATH}:/opt/ros/humble /usr/bin/cmake /home/openarm/ros2_ws2/src/openarm_ros2/openarm_hardware -DCMAKE_INSTALL_PREFIX=/home/openarm/ros2_ws2/install/openarm_hardware
[0.099s] -- The C compiler identification is GNU 11.4.0
[0.177s] -- The CXX compiler identification is GNU 11.4.0
[0.184s] -- Detecting C compiler ABI info
[0.260s] -- Detecting C compiler ABI info - done
[0.268s] -- Check for working C compiler: /usr/bin/cc - skipped
[0.269s] -- Detecting C compile features
[0.270s] -- Detecting C compile features - done
[0.273s] -- Detecting CXX compiler ABI info
[0.375s] -- Detecting CXX compiler ABI info - done
[0.384s] -- Check for working CXX compiler: /usr/bin/c++ - skipped
[0.385s] -- Detecting CXX compile features
[0.385s] -- Detecting CXX compile features - done
[0.389s] -- Found ament_cmake: 1.3.12 (/opt/ros/humble/share/ament_cmake/cmake)
[0.564s] -- Found Python3: /usr/bin/python3 (found version "3.10.12") found components: Interpreter 
[0.709s] -- Found hardware_interface: 2.52.0 (/opt/ros/humble/share/hardware_interface/cmake)
[0.789s] -- Found rosidl_generator_c: 3.1.7 (/opt/ros/humble/share/rosidl_generator_c/cmake)
[0.800s] -- Found rosidl_adapter: 3.1.7 (/opt/ros/humble/share/rosidl_adapter/cmake)
[0.814s] -- Found rosidl_generator_cpp: 3.1.7 (/opt/ros/humble/share/rosidl_generator_cpp/cmake)
[0.831s] -- Using all available rosidl_typesupport_c: rosidl_typesupport_fastrtps_c;rosidl_typesupport_introspection_c
[0.868s] -- Using all available rosidl_typesupport_cpp: rosidl_typesupport_fastrtps_cpp;rosidl_typesupport_introspection_cpp
[1.185s] -- Found rmw_implementation_cmake: 6.1.2 (/opt/ros/humble/share/rmw_implementation_cmake/cmake)
[1.189s] -- Found rmw_fastrtps_cpp: 6.2.9 (/opt/ros/humble/share/rmw_fastrtps_cpp/cmake)
[1.226s] -- Found TinyXML2 via Config file: TinyXML2_DIR-NOTFOUND
[1.273s] -- Found OpenSSL: /usr/lib/x86_64-linux-gnu/libcrypto.so (found version "3.0.2")  
[1.277s] -- Found TinyXML2 via Config file: TinyXML2_DIR-NOTFOUND
[1.290s] -- Found FastRTPS: /opt/ros/humble/include  
[1.293s] -- Found TinyXML2 via Config file: TinyXML2_DIR-NOTFOUND
[1.301s] -- Found TinyXML2 via Config file: TinyXML2_DIR-NOTFOUND
[1.310s] -- Using RMW implementation 'rmw_fastrtps_cpp' as default
[1.322s] -- Looking for pthread.h
[1.388s] -- Looking for pthread.h - found
[1.388s] -- Performing Test CMAKE_HAVE_LIBC_PTHREAD
[1.455s] -- Performing Test CMAKE_HAVE_LIBC_PTHREAD - Success
[1.456s] -- Found Threads: TRUE  
[1.618s] -- Configuring done
[1.645s] -- Generating done
[1.652s] -- Build files have been written to: /home/openarm/ros2_ws2/build/openarm_hardware
[1.662s] Invoked command in '/home/openarm/ros2_ws2/build/openarm_hardware' returned '0': CMAKE_PREFIX_PATH=${CMAKE_PREFIX_PATH}:/opt/ros/humble /usr/bin/cmake /home/openarm/ros2_ws2/src/openarm_ros2/openarm_hardware -DCMAKE_INSTALL_PREFIX=/home/openarm/ros2_ws2/install/openarm_hardware
[1.663s] Invoking command in '/home/openarm/ros2_ws2/build/openarm_hardware': CMAKE_PREFIX_PATH=${CMAKE_PREFIX_PATH}:/opt/ros/humble /usr/bin/cmake --build /home/openarm/ros2_ws2/build/openarm_hardware -- -j4 -l4
[1.709s] [ 50%] [32mBuilding CXX object CMakeFiles/openarm_hardware.dir/src/v10_simple_hardware.cpp.o[0m
[5.372s] [100%] [32m[1mLinking CXX shared library libopenarm_hardware.so[0m
[5.594s] [100%] Built target openarm_hardware
[5.604s] Invoked command in '/home/openarm/ros2_ws2/build/openarm_hardware' returned '0': CMAKE_PREFIX_PATH=${CMAKE_PREFIX_PATH}:/opt/ros/humble /usr/bin/cmake --build /home/openarm/ros2_ws2/build/openarm_hardware -- -j4 -l4
[5.605s] Invoking command in '/home/openarm/ros2_ws2/build/openarm_hardware': CMAKE_PREFIX_PATH=${CMAKE_PREFIX_PATH}:/opt/ros/humble /usr/bin/cmake --install /home/openarm/ros2_ws2/build/openarm_hardware
[5.612s] -- Install configuration: ""
[5.613s] -- Installing: /home/openarm/ros2_ws2/install/openarm_hardware/share/openarm_hardware/openarm_hardware.xml
[5.613s] -- Installing: /home/openarm/ros2_ws2/install/openarm_hardware/lib/libopenarm_hardware.so
[5.614s] -- Set runtime path of "/home/openarm/ros2_ws2/install/openarm_hardware/lib/libopenarm_hardware.so" to ""
[5.614s] -- Installing: /home/openarm/ros2_ws2/install/openarm_hardware/include
[5.614s] -- Installing: /home/openarm/ros2_ws2/install/openarm_hardware/include/openarm_hardware
[5.614s] -- Installing: /home/openarm/ros2_ws2/install/openarm_hardware/include/openarm_hardware/v10_simple_hardware.hpp
[5.614s] -- Installing: /home/openarm/ros2_ws2/install/openarm_hardware/include/openarm_hardware/visibility_control.h
[5.615s] -- Installing: /home/openarm/ros2_ws2/install/openarm_hardware/share/openarm_hardware/environment/library_path.sh
[5.615s] -- Installing: /home/openarm/ros2_ws2/install/openarm_hardware/share/openarm_hardware/environment/library_path.dsv
[5.615s] -- Installing: /home/openarm/ros2_ws2/install/openarm_hardware/share/ament_index/resource_index/package_run_dependencies/openarm_hardware
[5.615s] -- Installing: /home/openarm/ros2_ws2/install/openarm_hardware/share/ament_index/resource_index/parent_prefix_path/openarm_hardware
[5.615s] -- Installing: /home/openarm/ros2_ws2/install/openarm_hardware/share/openarm_hardware/environment/ament_prefix_path.sh
[5.615s] -- Installing: /home/openarm/ros2_ws2/install/openarm_hardware/share/openarm_hardware/environment/ament_prefix_path.dsv
[5.615s] -- Installing: /home/openarm/ros2_ws2/install/openarm_hardware/share/openarm_hardware/environment/path.sh
[5.615s] -- Installing: /home/openarm/ros2_ws2/install/openarm_hardware/share/openarm_hardware/environment/path.dsv
[5.615s] -- Installing: /home/openarm/ros2_ws2/install/openarm_hardware/share/openarm_hardware/local_setup.bash
[5.616s] -- Installing: /home/openarm/ros2_ws2/install/openarm_hardware/share/openarm_hardware/local_setup.sh
[5.616s] -- Installing: /home/openarm/ros2_ws2/install/openarm_hardware/share/openarm_hardware/local_setup.zsh
[5.616s] -- Installing: /home/openarm/ros2_ws2/install/openarm_hardware/share/openarm_hardware/local_setup.dsv
[5.616s] -- Installing: /home/openarm/ros2_ws2/install/openarm_hardware/share/openarm_hardware/package.dsv
[5.616s] -- Installing: /home/openarm/ros2_ws2/install/openarm_hardware/share/ament_index/resource_index/packages/openarm_hardware
[5.616s] -- Installing: /home/openarm/ros2_ws2/install/openarm_hardware/share/ament_index/resource_index/hardware_interface__pluginlib__plugin/openarm_hardware
[5.617s] -- Installing: /home/openarm/ros2_ws2/install/openarm_hardware/share/openarm_hardware/cmake/ament_cmake_export_include_directories-extras.cmake
[5.617s] -- Installing: /home/openarm/ros2_ws2/install/openarm_hardware/share/openarm_hardware/cmake/ament_cmake_export_libraries-extras.cmake
[5.617s] -- Installing: /home/openarm/ros2_ws2/install/openarm_hardware/share/openarm_hardware/cmake/ament_cmake_export_dependencies-extras.cmake
[5.617s] -- Installing: /home/openarm/ros2_ws2/install/openarm_hardware/share/openarm_hardware/cmake/openarm_hardwareConfig.cmake
[5.617s] -- Installing: /home/openarm/ros2_ws2/install/openarm_hardware/share/openarm_hardware/cmake/openarm_hardwareConfig-version.cmake
[5.617s] -- Installing: /home/openarm/ros2_ws2/install/openarm_hardware/share/openarm_hardware/package.xml
[5.619s] Invoked command in '/home/openarm/ros2_ws2/build/openarm_hardware' returned '0': CMAKE_PREFIX_PATH=${CMAKE_PREFIX_PATH}:/opt/ros/humble /usr/bin/cmake --install /home/openarm/ros2_ws2/build/openarm_hardware
