[0.021s] Invoking command in '/home/openarm/ros2_ws2/build/openarm_bringup': CMAKE_PREFIX_PATH=${CMAKE_PREFIX_PATH}:/opt/ros/humble /usr/bin/cmake --build /home/openarm/ros2_ws2/build/openarm_bringup -- -j4 -l4
[0.068s] -- Found ament_cmake: 1.3.12 (/opt/ros/humble/share/ament_cmake/cmake)
[0.462s] -- Found ament_lint_auto: 0.12.14 (/opt/ros/humble/share/ament_lint_auto/cmake)
[0.614s] -- Added test 'flake8' to check Python code syntax and style conventions
[0.614s] -- Added test 'lint_cmake' to check CMake code style
[0.614s] -- Added test 'pep257' to check Python code against some of the docstring style conventions in PEP 257
[0.620s] -- Added test 'xmllint' to check XML markup files
[0.627s] -- Configuring done
[0.641s] -- Generating done
[0.645s] -- Build files have been written to: /home/openarm/ros2_ws2/build/openarm_bringup
[0.690s] Invoked command in '/home/openarm/ros2_ws2/build/openarm_bringup' returned '0': CMAKE_PREFIX_PATH=${CMAKE_PREFIX_PATH}:/opt/ros/humble /usr/bin/cmake --build /home/openarm/ros2_ws2/build/openarm_bringup -- -j4 -l4
[0.698s] Invoking command in '/home/openarm/ros2_ws2/build/openarm_bringup': CMAKE_PREFIX_PATH=${CMAKE_PREFIX_PATH}:/opt/ros/humble /usr/bin/cmake --install /home/openarm/ros2_ws2/build/openarm_bringup
[0.722s] -- Install configuration: ""
[0.722s] -- Up-to-date: /home/openarm/ros2_ws2/install/openarm_bringup/share/openarm_bringup/launch
[0.723s] -- Up-to-date: /home/openarm/ros2_ws2/install/openarm_bringup/share/openarm_bringup/launch/openarm.bimanual.launch.py
[0.723s] -- Installing: /home/openarm/ros2_ws2/install/openarm_bringup/share/openarm_bringup/launch/openarm.launch.py
[0.723s] -- Up-to-date: /home/openarm/ros2_ws2/install/openarm_bringup/share/openarm_bringup/config
[0.723s] -- Up-to-date: /home/openarm/ros2_ws2/install/openarm_bringup/share/openarm_bringup/config/v10_controllers
[0.723s] -- Up-to-date: /home/openarm/ros2_ws2/install/openarm_bringup/share/openarm_bringup/config/v10_controllers/openarm_v10_controllers.yaml
[0.723s] -- Installing: /home/openarm/ros2_ws2/install/openarm_bringup/share/openarm_bringup/config/v10_controllers/openarm_v10_bimanual_controllers_wildcard.yaml
[0.724s] -- Up-to-date: /home/openarm/ros2_ws2/install/openarm_bringup/share/openarm_bringup/config/v10_controllers/openarm_v10_bimanual_controllers.yaml
[0.724s] -- Installing: /home/openarm/ros2_ws2/install/openarm_bringup/share/ament_index/resource_index/package_run_dependencies/openarm_bringup
[0.725s] -- Installing: /home/openarm/ros2_ws2/install/openarm_bringup/share/ament_index/resource_index/parent_prefix_path/openarm_bringup
[0.725s] -- Up-to-date: /home/openarm/ros2_ws2/install/openarm_bringup/share/openarm_bringup/environment/ament_prefix_path.sh
[0.725s] -- Installing: /home/openarm/ros2_ws2/install/openarm_bringup/share/openarm_bringup/environment/ament_prefix_path.dsv
[0.725s] -- Up-to-date: /home/openarm/ros2_ws2/install/openarm_bringup/share/openarm_bringup/environment/path.sh
[0.726s] -- Installing: /home/openarm/ros2_ws2/install/openarm_bringup/share/openarm_bringup/environment/path.dsv
[0.726s] -- Up-to-date: /home/openarm/ros2_ws2/install/openarm_bringup/share/openarm_bringup/local_setup.bash
[0.726s] -- Up-to-date: /home/openarm/ros2_ws2/install/openarm_bringup/share/openarm_bringup/local_setup.sh
[0.726s] -- Up-to-date: /home/openarm/ros2_ws2/install/openarm_bringup/share/openarm_bringup/local_setup.zsh
[0.728s] -- Installing: /home/openarm/ros2_ws2/install/openarm_bringup/share/openarm_bringup/local_setup.dsv
[0.729s] -- Installing: /home/openarm/ros2_ws2/install/openarm_bringup/share/openarm_bringup/package.dsv
[0.729s] -- Up-to-date: /home/openarm/ros2_ws2/install/openarm_bringup/share/ament_index/resource_index/packages/openarm_bringup
[0.732s] -- Up-to-date: /home/openarm/ros2_ws2/install/openarm_bringup/share/openarm_bringup/cmake/openarm_bringupConfig.cmake
[0.732s] -- Up-to-date: /home/openarm/ros2_ws2/install/openarm_bringup/share/openarm_bringup/cmake/openarm_bringupConfig-version.cmake
[0.732s] -- Installing: /home/openarm/ros2_ws2/install/openarm_bringup/share/openarm_bringup/package.xml
[0.737s] Invoked command in '/home/openarm/ros2_ws2/build/openarm_bringup' returned '0': CMAKE_PREFIX_PATH=${CMAKE_PREFIX_PATH}:/opt/ros/humble /usr/bin/cmake --install /home/openarm/ros2_ws2/build/openarm_bringup
