[0.126s] DEBUG:colcon:Command line arguments: ['/usr/bin/colcon', 'build']
[0.126s] DEBUG:colcon:Parsed command line arguments: Namespace(log_base=None, log_level=None, verb_name='build', build_base='build', install_base='install', merge_install=False, symlink_install=False, test_result_base=None, continue_on_error=False, executor='parallel', parallel_workers=4, event_handlers=None, ignore_user_meta=False, metas=['./colcon.meta'], base_paths=['.'], packages_ignore=None, packages_ignore_regex=None, paths=None, packages_up_to=None, packages_up_to_regex=None, packages_above=None, packages_above_and_dependencies=None, packages_above_depth=None, packages_select_by_dep=None, packages_skip_by_dep=None, packages_skip_up_to=None, packages_select_build_failed=False, packages_skip_build_finished=False, packages_select_test_failures=False, packages_skip_test_passed=False, packages_select=None, packages_skip=None, packages_select_regex=None, packages_skip_regex=None, packages_start=None, packages_end=None, allow_overriding=[], cmake_args=None, cmake_target=None, cmake_target_skip_unavailable=False, cmake_clean_cache=False, cmake_clean_first=False, cmake_force_configure=False, ament_cmake_args=None, catkin_cmake_args=None, catkin_skip_building_tests=False, mixin_files=None, mixin=None, verb_parser=<colcon_mixin.mixin.mixin_argument.MixinArgumentDecorator object at 0x72bbb361db40>, verb_extension=<colcon_core.verb.build.BuildVerb object at 0x72bbb3713100>, main=<bound method BuildVerb.main of <colcon_core.verb.build.BuildVerb object at 0x72bbb3713100>>, mixin_verb=('build',))
[0.310s] Level 1:colcon.colcon_core.package_discovery:discover_packages(colcon_meta) check parameters
[0.310s] Level 1:colcon.colcon_core.package_discovery:discover_packages(recursive) check parameters
[0.310s] Level 1:colcon.colcon_core.package_discovery:discover_packages(ignore) check parameters
[0.310s] Level 1:colcon.colcon_core.package_discovery:discover_packages(path) check parameters
[0.310s] Level 1:colcon.colcon_core.package_discovery:discover_packages(colcon_meta) discover
[0.310s] Level 1:colcon.colcon_core.package_discovery:discover_packages(recursive) discover
[0.310s] INFO:colcon.colcon_core.package_discovery:Crawling recursively for packages in '/home/openarm/ros2_ws2'
[0.310s] Level 1:colcon.colcon_core.package_identification:_identify(.) by extensions ['ignore', 'ignore_ament_install']
[0.310s] Level 1:colcon.colcon_core.package_identification:_identify(.) by extension 'ignore'
[0.310s] Level 1:colcon.colcon_core.package_identification:_identify(.) by extension 'ignore_ament_install'
[0.311s] Level 1:colcon.colcon_core.package_identification:_identify(.) by extensions ['colcon_pkg']
[0.311s] Level 1:colcon.colcon_core.package_identification:_identify(.) by extension 'colcon_pkg'
[0.311s] Level 1:colcon.colcon_core.package_identification:_identify(.) by extensions ['colcon_meta']
[0.311s] Level 1:colcon.colcon_core.package_identification:_identify(.) by extension 'colcon_meta'
[0.311s] Level 1:colcon.colcon_core.package_identification:_identify(.) by extensions ['ros']
[0.311s] Level 1:colcon.colcon_core.package_identification:_identify(.) by extension 'ros'
[0.321s] Level 1:colcon.colcon_core.package_identification:_identify(.) by extensions ['cmake', 'python']
[0.321s] Level 1:colcon.colcon_core.package_identification:_identify(.) by extension 'cmake'
[0.322s] Level 1:colcon.colcon_core.package_identification:_identify(.) by extension 'python'
[0.322s] Level 1:colcon.colcon_core.package_identification:_identify(.) by extensions ['python_setup_py']
[0.322s] Level 1:colcon.colcon_core.package_identification:_identify(.) by extension 'python_setup_py'
[0.322s] Level 1:colcon.colcon_core.package_identification:_identify(build) by extensions ['ignore', 'ignore_ament_install']
[0.322s] Level 1:colcon.colcon_core.package_identification:_identify(build) by extension 'ignore'
[0.322s] Level 1:colcon.colcon_core.package_identification:_identify(build) ignored
[0.322s] Level 1:colcon.colcon_core.package_identification:_identify(install) by extensions ['ignore', 'ignore_ament_install']
[0.322s] Level 1:colcon.colcon_core.package_identification:_identify(install) by extension 'ignore'
[0.322s] Level 1:colcon.colcon_core.package_identification:_identify(install) ignored
[0.323s] Level 1:colcon.colcon_core.package_identification:_identify(log) by extensions ['ignore', 'ignore_ament_install']
[0.323s] Level 1:colcon.colcon_core.package_identification:_identify(log) by extension 'ignore'
[0.323s] Level 1:colcon.colcon_core.package_identification:_identify(log) ignored
[0.323s] Level 1:colcon.colcon_core.package_identification:_identify(src) by extensions ['ignore', 'ignore_ament_install']
[0.323s] Level 1:colcon.colcon_core.package_identification:_identify(src) by extension 'ignore'
[0.323s] Level 1:colcon.colcon_core.package_identification:_identify(src) by extension 'ignore_ament_install'
[0.323s] Level 1:colcon.colcon_core.package_identification:_identify(src) by extensions ['colcon_pkg']
[0.323s] Level 1:colcon.colcon_core.package_identification:_identify(src) by extension 'colcon_pkg'
[0.323s] Level 1:colcon.colcon_core.package_identification:_identify(src) by extensions ['colcon_meta']
[0.323s] Level 1:colcon.colcon_core.package_identification:_identify(src) by extension 'colcon_meta'
[0.323s] Level 1:colcon.colcon_core.package_identification:_identify(src) by extensions ['ros']
[0.324s] Level 1:colcon.colcon_core.package_identification:_identify(src) by extension 'ros'
[0.324s] Level 1:colcon.colcon_core.package_identification:_identify(src) by extensions ['cmake', 'python']
[0.324s] Level 1:colcon.colcon_core.package_identification:_identify(src) by extension 'cmake'
[0.324s] Level 1:colcon.colcon_core.package_identification:_identify(src) by extension 'python'
[0.324s] Level 1:colcon.colcon_core.package_identification:_identify(src) by extensions ['python_setup_py']
[0.324s] Level 1:colcon.colcon_core.package_identification:_identify(src) by extension 'python_setup_py'
[0.324s] Level 1:colcon.colcon_core.package_identification:_identify(src/hello_moveit_py) by extensions ['ignore', 'ignore_ament_install']
[0.324s] Level 1:colcon.colcon_core.package_identification:_identify(src/hello_moveit_py) by extension 'ignore'
[0.324s] Level 1:colcon.colcon_core.package_identification:_identify(src/hello_moveit_py) by extension 'ignore_ament_install'
[0.324s] Level 1:colcon.colcon_core.package_identification:_identify(src/hello_moveit_py) by extensions ['colcon_pkg']
[0.324s] Level 1:colcon.colcon_core.package_identification:_identify(src/hello_moveit_py) by extension 'colcon_pkg'
[0.324s] Level 1:colcon.colcon_core.package_identification:_identify(src/hello_moveit_py) by extensions ['colcon_meta']
[0.324s] Level 1:colcon.colcon_core.package_identification:_identify(src/hello_moveit_py) by extension 'colcon_meta'
[0.325s] Level 1:colcon.colcon_core.package_identification:_identify(src/hello_moveit_py) by extensions ['ros']
[0.325s] Level 1:colcon.colcon_core.package_identification:_identify(src/hello_moveit_py) by extension 'ros'
[0.329s] DEBUG:colcon.colcon_core.package_identification:Package 'src/hello_moveit_py' with type 'ros.ament_python' and name 'hello_moveit_py'
[0.329s] Level 1:colcon.colcon_core.package_identification:_identify(src/openarm_description) by extensions ['ignore', 'ignore_ament_install']
[0.329s] Level 1:colcon.colcon_core.package_identification:_identify(src/openarm_description) by extension 'ignore'
[0.329s] Level 1:colcon.colcon_core.package_identification:_identify(src/openarm_description) by extension 'ignore_ament_install'
[0.329s] Level 1:colcon.colcon_core.package_identification:_identify(src/openarm_description) by extensions ['colcon_pkg']
[0.329s] Level 1:colcon.colcon_core.package_identification:_identify(src/openarm_description) by extension 'colcon_pkg'
[0.329s] Level 1:colcon.colcon_core.package_identification:_identify(src/openarm_description) by extensions ['colcon_meta']
[0.329s] Level 1:colcon.colcon_core.package_identification:_identify(src/openarm_description) by extension 'colcon_meta'
[0.330s] Level 1:colcon.colcon_core.package_identification:_identify(src/openarm_description) by extensions ['ros']
[0.330s] Level 1:colcon.colcon_core.package_identification:_identify(src/openarm_description) by extension 'ros'
[0.331s] DEBUG:colcon.colcon_core.package_identification:Package 'src/openarm_description' with type 'ros.ament_cmake' and name 'openarm_description'
[0.331s] Level 1:colcon.colcon_core.package_identification:_identify(src/openarm_ros2) by extensions ['ignore', 'ignore_ament_install']
[0.331s] Level 1:colcon.colcon_core.package_identification:_identify(src/openarm_ros2) by extension 'ignore'
[0.331s] Level 1:colcon.colcon_core.package_identification:_identify(src/openarm_ros2) by extension 'ignore_ament_install'
[0.331s] Level 1:colcon.colcon_core.package_identification:_identify(src/openarm_ros2) by extensions ['colcon_pkg']
[0.331s] Level 1:colcon.colcon_core.package_identification:_identify(src/openarm_ros2) by extension 'colcon_pkg'
[0.331s] Level 1:colcon.colcon_core.package_identification:_identify(src/openarm_ros2) by extensions ['colcon_meta']
[0.331s] Level 1:colcon.colcon_core.package_identification:_identify(src/openarm_ros2) by extension 'colcon_meta'
[0.331s] Level 1:colcon.colcon_core.package_identification:_identify(src/openarm_ros2) by extensions ['ros']
[0.331s] Level 1:colcon.colcon_core.package_identification:_identify(src/openarm_ros2) by extension 'ros'
[0.331s] Level 1:colcon.colcon_core.package_identification:_identify(src/openarm_ros2) by extensions ['cmake', 'python']
[0.331s] Level 1:colcon.colcon_core.package_identification:_identify(src/openarm_ros2) by extension 'cmake'
[0.331s] Level 1:colcon.colcon_core.package_identification:_identify(src/openarm_ros2) by extension 'python'
[0.332s] Level 1:colcon.colcon_core.package_identification:_identify(src/openarm_ros2) by extensions ['python_setup_py']
[0.332s] Level 1:colcon.colcon_core.package_identification:_identify(src/openarm_ros2) by extension 'python_setup_py'
[0.332s] Level 1:colcon.colcon_core.package_identification:_identify(src/openarm_ros2/build) by extensions ['ignore', 'ignore_ament_install']
[0.332s] Level 1:colcon.colcon_core.package_identification:_identify(src/openarm_ros2/build) by extension 'ignore'
[0.332s] Level 1:colcon.colcon_core.package_identification:_identify(src/openarm_ros2/build) ignored
[0.332s] Level 1:colcon.colcon_core.package_identification:_identify(src/openarm_ros2/dev) by extensions ['ignore', 'ignore_ament_install']
[0.332s] Level 1:colcon.colcon_core.package_identification:_identify(src/openarm_ros2/dev) by extension 'ignore'
[0.332s] Level 1:colcon.colcon_core.package_identification:_identify(src/openarm_ros2/dev) by extension 'ignore_ament_install'
[0.332s] Level 1:colcon.colcon_core.package_identification:_identify(src/openarm_ros2/dev) by extensions ['colcon_pkg']
[0.332s] Level 1:colcon.colcon_core.package_identification:_identify(src/openarm_ros2/dev) by extension 'colcon_pkg'
[0.333s] Level 1:colcon.colcon_core.package_identification:_identify(src/openarm_ros2/dev) by extensions ['colcon_meta']
[0.333s] Level 1:colcon.colcon_core.package_identification:_identify(src/openarm_ros2/dev) by extension 'colcon_meta'
[0.333s] Level 1:colcon.colcon_core.package_identification:_identify(src/openarm_ros2/dev) by extensions ['ros']
[0.333s] Level 1:colcon.colcon_core.package_identification:_identify(src/openarm_ros2/dev) by extension 'ros'
[0.333s] Level 1:colcon.colcon_core.package_identification:_identify(src/openarm_ros2/dev) by extensions ['cmake', 'python']
[0.333s] Level 1:colcon.colcon_core.package_identification:_identify(src/openarm_ros2/dev) by extension 'cmake'
[0.333s] Level 1:colcon.colcon_core.package_identification:_identify(src/openarm_ros2/dev) by extension 'python'
[0.333s] Level 1:colcon.colcon_core.package_identification:_identify(src/openarm_ros2/dev) by extensions ['python_setup_py']
[0.333s] Level 1:colcon.colcon_core.package_identification:_identify(src/openarm_ros2/dev) by extension 'python_setup_py'
[0.333s] Level 1:colcon.colcon_core.package_identification:_identify(src/openarm_ros2/install) by extensions ['ignore', 'ignore_ament_install']
[0.333s] Level 1:colcon.colcon_core.package_identification:_identify(src/openarm_ros2/install) by extension 'ignore'
[0.333s] Level 1:colcon.colcon_core.package_identification:_identify(src/openarm_ros2/install) ignored
[0.334s] Level 1:colcon.colcon_core.package_identification:_identify(src/openarm_ros2/log) by extensions ['ignore', 'ignore_ament_install']
[0.334s] Level 1:colcon.colcon_core.package_identification:_identify(src/openarm_ros2/log) by extension 'ignore'
[0.334s] Level 1:colcon.colcon_core.package_identification:_identify(src/openarm_ros2/log) ignored
[0.334s] Level 1:colcon.colcon_core.package_identification:_identify(src/openarm_ros2/openarm) by extensions ['ignore', 'ignore_ament_install']
[0.334s] Level 1:colcon.colcon_core.package_identification:_identify(src/openarm_ros2/openarm) by extension 'ignore'
[0.334s] Level 1:colcon.colcon_core.package_identification:_identify(src/openarm_ros2/openarm) by extension 'ignore_ament_install'
[0.334s] Level 1:colcon.colcon_core.package_identification:_identify(src/openarm_ros2/openarm) by extensions ['colcon_pkg']
[0.334s] Level 1:colcon.colcon_core.package_identification:_identify(src/openarm_ros2/openarm) by extension 'colcon_pkg'
[0.334s] Level 1:colcon.colcon_core.package_identification:_identify(src/openarm_ros2/openarm) by extensions ['colcon_meta']
[0.334s] Level 1:colcon.colcon_core.package_identification:_identify(src/openarm_ros2/openarm) by extension 'colcon_meta'
[0.334s] Level 1:colcon.colcon_core.package_identification:_identify(src/openarm_ros2/openarm) by extensions ['ros']
[0.334s] Level 1:colcon.colcon_core.package_identification:_identify(src/openarm_ros2/openarm) by extension 'ros'
[0.335s] DEBUG:colcon.colcon_core.package_identification:Package 'src/openarm_ros2/openarm' with type 'ros.ament_cmake' and name 'openarm'
[0.336s] Level 1:colcon.colcon_core.package_identification:_identify(src/openarm_ros2/openarm_bimanual_moveit_config) by extensions ['ignore', 'ignore_ament_install']
[0.336s] Level 1:colcon.colcon_core.package_identification:_identify(src/openarm_ros2/openarm_bimanual_moveit_config) by extension 'ignore'
[0.336s] Level 1:colcon.colcon_core.package_identification:_identify(src/openarm_ros2/openarm_bimanual_moveit_config) by extension 'ignore_ament_install'
[0.336s] Level 1:colcon.colcon_core.package_identification:_identify(src/openarm_ros2/openarm_bimanual_moveit_config) by extensions ['colcon_pkg']
[0.336s] Level 1:colcon.colcon_core.package_identification:_identify(src/openarm_ros2/openarm_bimanual_moveit_config) by extension 'colcon_pkg'
[0.336s] Level 1:colcon.colcon_core.package_identification:_identify(src/openarm_ros2/openarm_bimanual_moveit_config) by extensions ['colcon_meta']
[0.336s] Level 1:colcon.colcon_core.package_identification:_identify(src/openarm_ros2/openarm_bimanual_moveit_config) by extension 'colcon_meta'
[0.336s] Level 1:colcon.colcon_core.package_identification:_identify(src/openarm_ros2/openarm_bimanual_moveit_config) by extensions ['ros']
[0.336s] Level 1:colcon.colcon_core.package_identification:_identify(src/openarm_ros2/openarm_bimanual_moveit_config) by extension 'ros'
[0.337s] DEBUG:colcon.colcon_core.package_identification:Package 'src/openarm_ros2/openarm_bimanual_moveit_config' with type 'ros.ament_cmake' and name 'openarm_bimanual_moveit_config'
[0.337s] Level 1:colcon.colcon_core.package_identification:_identify(src/openarm_ros2/openarm_bringup) by extensions ['ignore', 'ignore_ament_install']
[0.337s] Level 1:colcon.colcon_core.package_identification:_identify(src/openarm_ros2/openarm_bringup) by extension 'ignore'
[0.337s] Level 1:colcon.colcon_core.package_identification:_identify(src/openarm_ros2/openarm_bringup) by extension 'ignore_ament_install'
[0.337s] Level 1:colcon.colcon_core.package_identification:_identify(src/openarm_ros2/openarm_bringup) by extensions ['colcon_pkg']
[0.337s] Level 1:colcon.colcon_core.package_identification:_identify(src/openarm_ros2/openarm_bringup) by extension 'colcon_pkg'
[0.337s] Level 1:colcon.colcon_core.package_identification:_identify(src/openarm_ros2/openarm_bringup) by extensions ['colcon_meta']
[0.338s] Level 1:colcon.colcon_core.package_identification:_identify(src/openarm_ros2/openarm_bringup) by extension 'colcon_meta'
[0.338s] Level 1:colcon.colcon_core.package_identification:_identify(src/openarm_ros2/openarm_bringup) by extensions ['ros']
[0.338s] Level 1:colcon.colcon_core.package_identification:_identify(src/openarm_ros2/openarm_bringup) by extension 'ros'
[0.338s] DEBUG:colcon.colcon_core.package_identification:Package 'src/openarm_ros2/openarm_bringup' with type 'ros.ament_cmake' and name 'openarm_bringup'
[0.338s] Level 1:colcon.colcon_core.package_identification:_identify(src/openarm_ros2/openarm_hardware) by extensions ['ignore', 'ignore_ament_install']
[0.339s] Level 1:colcon.colcon_core.package_identification:_identify(src/openarm_ros2/openarm_hardware) by extension 'ignore'
[0.339s] Level 1:colcon.colcon_core.package_identification:_identify(src/openarm_ros2/openarm_hardware) by extension 'ignore_ament_install'
[0.339s] Level 1:colcon.colcon_core.package_identification:_identify(src/openarm_ros2/openarm_hardware) by extensions ['colcon_pkg']
[0.339s] Level 1:colcon.colcon_core.package_identification:_identify(src/openarm_ros2/openarm_hardware) by extension 'colcon_pkg'
[0.339s] Level 1:colcon.colcon_core.package_identification:_identify(src/openarm_ros2/openarm_hardware) by extensions ['colcon_meta']
[0.339s] Level 1:colcon.colcon_core.package_identification:_identify(src/openarm_ros2/openarm_hardware) by extension 'colcon_meta'
[0.339s] Level 1:colcon.colcon_core.package_identification:_identify(src/openarm_ros2/openarm_hardware) by extensions ['ros']
[0.339s] Level 1:colcon.colcon_core.package_identification:_identify(src/openarm_ros2/openarm_hardware) by extension 'ros'
[0.340s] DEBUG:colcon.colcon_core.package_identification:Package 'src/openarm_ros2/openarm_hardware' with type 'ros.ament_cmake' and name 'openarm_hardware'
[0.340s] Level 1:colcon.colcon_core.package_discovery:discover_packages(recursive) using defaults
[0.340s] Level 1:colcon.colcon_core.package_discovery:discover_packages(ignore) discover
[0.340s] Level 1:colcon.colcon_core.package_discovery:discover_packages(ignore) using defaults
[0.340s] Level 1:colcon.colcon_core.package_discovery:discover_packages(path) discover
[0.340s] Level 1:colcon.colcon_core.package_discovery:discover_packages(path) using defaults
[0.383s] Level 1:colcon.colcon_core.package_discovery:discover_packages(prefix_path) check parameters
[0.383s] Level 1:colcon.colcon_core.package_discovery:discover_packages(prefix_path) discover
[0.385s] DEBUG:colcon.colcon_installed_package_information.package_discovery:Found 374 installed packages in /opt/ros/humble
[0.387s] Level 1:colcon.colcon_core.package_discovery:discover_packages(prefix_path) using defaults
[0.438s] Level 5:colcon.colcon_core.verb:set package 'hello_moveit_py' build argument 'cmake_args' from command line to 'None'
[0.438s] Level 5:colcon.colcon_core.verb:set package 'hello_moveit_py' build argument 'cmake_target' from command line to 'None'
[0.438s] Level 5:colcon.colcon_core.verb:set package 'hello_moveit_py' build argument 'cmake_target_skip_unavailable' from command line to 'False'
[0.438s] Level 5:colcon.colcon_core.verb:set package 'hello_moveit_py' build argument 'cmake_clean_cache' from command line to 'False'
[0.438s] Level 5:colcon.colcon_core.verb:set package 'hello_moveit_py' build argument 'cmake_clean_first' from command line to 'False'
[0.438s] Level 5:colcon.colcon_core.verb:set package 'hello_moveit_py' build argument 'cmake_force_configure' from command line to 'False'
[0.438s] Level 5:colcon.colcon_core.verb:set package 'hello_moveit_py' build argument 'ament_cmake_args' from command line to 'None'
[0.438s] Level 5:colcon.colcon_core.verb:set package 'hello_moveit_py' build argument 'catkin_cmake_args' from command line to 'None'
[0.438s] Level 5:colcon.colcon_core.verb:set package 'hello_moveit_py' build argument 'catkin_skip_building_tests' from command line to 'False'
[0.438s] DEBUG:colcon.colcon_core.verb:Building package 'hello_moveit_py' with the following arguments: {'ament_cmake_args': None, 'build_base': '/home/openarm/ros2_ws2/build/hello_moveit_py', 'catkin_cmake_args': None, 'catkin_skip_building_tests': False, 'cmake_args': None, 'cmake_clean_cache': False, 'cmake_clean_first': False, 'cmake_force_configure': False, 'cmake_target': None, 'cmake_target_skip_unavailable': False, 'install_base': '/home/openarm/ros2_ws2/install/hello_moveit_py', 'merge_install': False, 'path': '/home/openarm/ros2_ws2/src/hello_moveit_py', 'symlink_install': False, 'test_result_base': None}
[0.438s] Level 5:colcon.colcon_core.verb:set package 'openarm_bringup' build argument 'cmake_args' from command line to 'None'
[0.439s] Level 5:colcon.colcon_core.verb:set package 'openarm_bringup' build argument 'cmake_target' from command line to 'None'
[0.439s] Level 5:colcon.colcon_core.verb:set package 'openarm_bringup' build argument 'cmake_target_skip_unavailable' from command line to 'False'
[0.439s] Level 5:colcon.colcon_core.verb:set package 'openarm_bringup' build argument 'cmake_clean_cache' from command line to 'False'
[0.439s] Level 5:colcon.colcon_core.verb:set package 'openarm_bringup' build argument 'cmake_clean_first' from command line to 'False'
[0.439s] Level 5:colcon.colcon_core.verb:set package 'openarm_bringup' build argument 'cmake_force_configure' from command line to 'False'
[0.439s] Level 5:colcon.colcon_core.verb:set package 'openarm_bringup' build argument 'ament_cmake_args' from command line to 'None'
[0.439s] Level 5:colcon.colcon_core.verb:set package 'openarm_bringup' build argument 'catkin_cmake_args' from command line to 'None'
[0.439s] Level 5:colcon.colcon_core.verb:set package 'openarm_bringup' build argument 'catkin_skip_building_tests' from command line to 'False'
[0.439s] DEBUG:colcon.colcon_core.verb:Building package 'openarm_bringup' with the following arguments: {'ament_cmake_args': None, 'build_base': '/home/openarm/ros2_ws2/build/openarm_bringup', 'catkin_cmake_args': None, 'catkin_skip_building_tests': False, 'cmake_args': None, 'cmake_clean_cache': False, 'cmake_clean_first': False, 'cmake_force_configure': False, 'cmake_target': None, 'cmake_target_skip_unavailable': False, 'install_base': '/home/openarm/ros2_ws2/install/openarm_bringup', 'merge_install': False, 'path': '/home/openarm/ros2_ws2/src/openarm_ros2/openarm_bringup', 'symlink_install': False, 'test_result_base': None}
[0.439s] Level 5:colcon.colcon_core.verb:set package 'openarm_description' build argument 'cmake_args' from command line to 'None'
[0.439s] Level 5:colcon.colcon_core.verb:set package 'openarm_description' build argument 'cmake_target' from command line to 'None'
[0.439s] Level 5:colcon.colcon_core.verb:set package 'openarm_description' build argument 'cmake_target_skip_unavailable' from command line to 'False'
[0.439s] Level 5:colcon.colcon_core.verb:set package 'openarm_description' build argument 'cmake_clean_cache' from command line to 'False'
[0.439s] Level 5:colcon.colcon_core.verb:set package 'openarm_description' build argument 'cmake_clean_first' from command line to 'False'
[0.439s] Level 5:colcon.colcon_core.verb:set package 'openarm_description' build argument 'cmake_force_configure' from command line to 'False'
[0.439s] Level 5:colcon.colcon_core.verb:set package 'openarm_description' build argument 'ament_cmake_args' from command line to 'None'
[0.439s] Level 5:colcon.colcon_core.verb:set package 'openarm_description' build argument 'catkin_cmake_args' from command line to 'None'
[0.439s] Level 5:colcon.colcon_core.verb:set package 'openarm_description' build argument 'catkin_skip_building_tests' from command line to 'False'
[0.439s] DEBUG:colcon.colcon_core.verb:Building package 'openarm_description' with the following arguments: {'ament_cmake_args': None, 'build_base': '/home/openarm/ros2_ws2/build/openarm_description', 'catkin_cmake_args': None, 'catkin_skip_building_tests': False, 'cmake_args': None, 'cmake_clean_cache': False, 'cmake_clean_first': False, 'cmake_force_configure': False, 'cmake_target': None, 'cmake_target_skip_unavailable': False, 'install_base': '/home/openarm/ros2_ws2/install/openarm_description', 'merge_install': False, 'path': '/home/openarm/ros2_ws2/src/openarm_description', 'symlink_install': False, 'test_result_base': None}
[0.440s] Level 5:colcon.colcon_core.verb:set package 'openarm_hardware' build argument 'cmake_args' from command line to 'None'
[0.440s] Level 5:colcon.colcon_core.verb:set package 'openarm_hardware' build argument 'cmake_target' from command line to 'None'
[0.440s] Level 5:colcon.colcon_core.verb:set package 'openarm_hardware' build argument 'cmake_target_skip_unavailable' from command line to 'False'
[0.440s] Level 5:colcon.colcon_core.verb:set package 'openarm_hardware' build argument 'cmake_clean_cache' from command line to 'False'
[0.440s] Level 5:colcon.colcon_core.verb:set package 'openarm_hardware' build argument 'cmake_clean_first' from command line to 'False'
[0.440s] Level 5:colcon.colcon_core.verb:set package 'openarm_hardware' build argument 'cmake_force_configure' from command line to 'False'
[0.440s] Level 5:colcon.colcon_core.verb:set package 'openarm_hardware' build argument 'ament_cmake_args' from command line to 'None'
[0.440s] Level 5:colcon.colcon_core.verb:set package 'openarm_hardware' build argument 'catkin_cmake_args' from command line to 'None'
[0.440s] Level 5:colcon.colcon_core.verb:set package 'openarm_hardware' build argument 'catkin_skip_building_tests' from command line to 'False'
[0.440s] DEBUG:colcon.colcon_core.verb:Building package 'openarm_hardware' with the following arguments: {'ament_cmake_args': None, 'build_base': '/home/openarm/ros2_ws2/build/openarm_hardware', 'catkin_cmake_args': None, 'catkin_skip_building_tests': False, 'cmake_args': None, 'cmake_clean_cache': False, 'cmake_clean_first': False, 'cmake_force_configure': False, 'cmake_target': None, 'cmake_target_skip_unavailable': False, 'install_base': '/home/openarm/ros2_ws2/install/openarm_hardware', 'merge_install': False, 'path': '/home/openarm/ros2_ws2/src/openarm_ros2/openarm_hardware', 'symlink_install': False, 'test_result_base': None}
[0.440s] Level 5:colcon.colcon_core.verb:set package 'openarm' build argument 'cmake_args' from command line to 'None'
[0.440s] Level 5:colcon.colcon_core.verb:set package 'openarm' build argument 'cmake_target' from command line to 'None'
[0.440s] Level 5:colcon.colcon_core.verb:set package 'openarm' build argument 'cmake_target_skip_unavailable' from command line to 'False'
[0.440s] Level 5:colcon.colcon_core.verb:set package 'openarm' build argument 'cmake_clean_cache' from command line to 'False'
[0.440s] Level 5:colcon.colcon_core.verb:set package 'openarm' build argument 'cmake_clean_first' from command line to 'False'
[0.440s] Level 5:colcon.colcon_core.verb:set package 'openarm' build argument 'cmake_force_configure' from command line to 'False'
[0.440s] Level 5:colcon.colcon_core.verb:set package 'openarm' build argument 'ament_cmake_args' from command line to 'None'
[0.440s] Level 5:colcon.colcon_core.verb:set package 'openarm' build argument 'catkin_cmake_args' from command line to 'None'
[0.440s] Level 5:colcon.colcon_core.verb:set package 'openarm' build argument 'catkin_skip_building_tests' from command line to 'False'
[0.440s] DEBUG:colcon.colcon_core.verb:Building package 'openarm' with the following arguments: {'ament_cmake_args': None, 'build_base': '/home/openarm/ros2_ws2/build/openarm', 'catkin_cmake_args': None, 'catkin_skip_building_tests': False, 'cmake_args': None, 'cmake_clean_cache': False, 'cmake_clean_first': False, 'cmake_force_configure': False, 'cmake_target': None, 'cmake_target_skip_unavailable': False, 'install_base': '/home/openarm/ros2_ws2/install/openarm', 'merge_install': False, 'path': '/home/openarm/ros2_ws2/src/openarm_ros2/openarm', 'symlink_install': False, 'test_result_base': None}
[0.441s] Level 5:colcon.colcon_core.verb:set package 'openarm_bimanual_moveit_config' build argument 'cmake_args' from command line to 'None'
[0.441s] Level 5:colcon.colcon_core.verb:set package 'openarm_bimanual_moveit_config' build argument 'cmake_target' from command line to 'None'
[0.441s] Level 5:colcon.colcon_core.verb:set package 'openarm_bimanual_moveit_config' build argument 'cmake_target_skip_unavailable' from command line to 'False'
[0.441s] Level 5:colcon.colcon_core.verb:set package 'openarm_bimanual_moveit_config' build argument 'cmake_clean_cache' from command line to 'False'
[0.441s] Level 5:colcon.colcon_core.verb:set package 'openarm_bimanual_moveit_config' build argument 'cmake_clean_first' from command line to 'False'
[0.441s] Level 5:colcon.colcon_core.verb:set package 'openarm_bimanual_moveit_config' build argument 'cmake_force_configure' from command line to 'False'
[0.441s] Level 5:colcon.colcon_core.verb:set package 'openarm_bimanual_moveit_config' build argument 'ament_cmake_args' from command line to 'None'
[0.441s] Level 5:colcon.colcon_core.verb:set package 'openarm_bimanual_moveit_config' build argument 'catkin_cmake_args' from command line to 'None'
[0.441s] Level 5:colcon.colcon_core.verb:set package 'openarm_bimanual_moveit_config' build argument 'catkin_skip_building_tests' from command line to 'False'
[0.441s] DEBUG:colcon.colcon_core.verb:Building package 'openarm_bimanual_moveit_config' with the following arguments: {'ament_cmake_args': None, 'build_base': '/home/openarm/ros2_ws2/build/openarm_bimanual_moveit_config', 'catkin_cmake_args': None, 'catkin_skip_building_tests': False, 'cmake_args': None, 'cmake_clean_cache': False, 'cmake_clean_first': False, 'cmake_force_configure': False, 'cmake_target': None, 'cmake_target_skip_unavailable': False, 'install_base': '/home/openarm/ros2_ws2/install/openarm_bimanual_moveit_config', 'merge_install': False, 'path': '/home/openarm/ros2_ws2/src/openarm_ros2/openarm_bimanual_moveit_config', 'symlink_install': False, 'test_result_base': None}
[0.441s] INFO:colcon.colcon_core.executor:Executing jobs using 'parallel' executor
[0.442s] DEBUG:colcon.colcon_parallel_executor.executor.parallel:run_until_complete
[0.442s] INFO:colcon.colcon_ros.task.ament_cmake.build:Building ROS package in '/home/openarm/ros2_ws2/src/openarm_description' with build type 'ament_cmake'
[0.443s] INFO:colcon.colcon_cmake.task.cmake.build:Building CMake package in '/home/openarm/ros2_ws2/src/openarm_description'
[0.445s] INFO:colcon.colcon_core.plugin_system:Skipping extension 'colcon_core.shell.bat': Not used on non-Windows systems
[0.445s] INFO:colcon.colcon_core.shell:Skip shell extension 'powershell' for command environment: Not usable outside of PowerShell
[0.445s] DEBUG:colcon.colcon_core.shell:Skip shell extension 'dsv' for command environment
[0.449s] INFO:colcon.colcon_ros.task.ament_cmake.build:Building ROS package in '/home/openarm/ros2_ws2/src/openarm_ros2/openarm_bringup' with build type 'ament_cmake'
[0.449s] INFO:colcon.colcon_cmake.task.cmake.build:Building CMake package in '/home/openarm/ros2_ws2/src/openarm_ros2/openarm_bringup'
[0.449s] INFO:colcon.colcon_core.shell:Skip shell extension 'powershell' for command environment: Not usable outside of PowerShell
[0.449s] DEBUG:colcon.colcon_core.shell:Skip shell extension 'dsv' for command environment
[0.454s] INFO:colcon.colcon_ros.task.ament_cmake.build:Building ROS package in '/home/openarm/ros2_ws2/src/openarm_ros2/openarm_hardware' with build type 'ament_cmake'
[0.454s] INFO:colcon.colcon_cmake.task.cmake.build:Building CMake package in '/home/openarm/ros2_ws2/src/openarm_ros2/openarm_hardware'
[0.454s] INFO:colcon.colcon_core.shell:Skip shell extension 'powershell' for command environment: Not usable outside of PowerShell
[0.454s] DEBUG:colcon.colcon_core.shell:Skip shell extension 'dsv' for command environment
[0.459s] INFO:colcon.colcon_ros.task.ament_python.build:Building ROS package in '/home/openarm/ros2_ws2/src/hello_moveit_py' with build type 'ament_python'
[0.459s] Level 1:colcon.colcon_core.shell:create_environment_hook('hello_moveit_py', 'ament_prefix_path')
[0.460s] INFO:colcon.colcon_core.shell:Creating environment hook '/home/openarm/ros2_ws2/install/hello_moveit_py/share/hello_moveit_py/hook/ament_prefix_path.ps1'
[0.461s] INFO:colcon.colcon_core.shell:Creating environment descriptor '/home/openarm/ros2_ws2/install/hello_moveit_py/share/hello_moveit_py/hook/ament_prefix_path.dsv'
[0.462s] INFO:colcon.colcon_core.shell:Creating environment hook '/home/openarm/ros2_ws2/install/hello_moveit_py/share/hello_moveit_py/hook/ament_prefix_path.sh'
[0.462s] INFO:colcon.colcon_core.shell:Skip shell extension 'powershell' for command environment: Not usable outside of PowerShell
[0.463s] DEBUG:colcon.colcon_core.shell:Skip shell extension 'dsv' for command environment
[0.472s] DEBUG:colcon.colcon_core.event_handler.log_command:Invoking command in '/home/openarm/ros2_ws2/build/openarm_description': CMAKE_PREFIX_PATH=/opt/ros/humble /usr/bin/cmake --build /home/openarm/ros2_ws2/build/openarm_description -- -j4 -l4
[0.476s] DEBUG:colcon.colcon_core.event_handler.log_command:Invoking command in '/home/openarm/ros2_ws2/build/openarm_bringup': CMAKE_PREFIX_PATH=/opt/ros/humble /usr/bin/cmake --build /home/openarm/ros2_ws2/build/openarm_bringup -- -j4 -l4
[0.481s] DEBUG:colcon.colcon_core.event_handler.log_command:Invoking command in '/home/openarm/ros2_ws2/build/openarm_hardware': CMAKE_PREFIX_PATH=/opt/ros/humble /usr/bin/cmake --build /home/openarm/ros2_ws2/build/openarm_hardware -- -j4 -l4
[0.817s] INFO:colcon.colcon_core.task.python.build:Building Python package in '/home/openarm/ros2_ws2/src/hello_moveit_py'
[0.818s] INFO:colcon.colcon_core.shell:Skip shell extension 'powershell' for command environment: Not usable outside of PowerShell
[0.818s] DEBUG:colcon.colcon_core.shell:Skip shell extension 'dsv' for command environment
[0.822s] DEBUG:colcon.colcon_core.event_handler.log_command:Invoked command in '/home/openarm/ros2_ws2/build/openarm_bringup' returned '0': CMAKE_PREFIX_PATH=/opt/ros/humble /usr/bin/cmake --build /home/openarm/ros2_ws2/build/openarm_bringup -- -j4 -l4
[0.832s] DEBUG:colcon.colcon_core.event_handler.log_command:Invoking command in '/home/openarm/ros2_ws2/build/openarm_bringup': CMAKE_PREFIX_PATH=/opt/ros/humble /usr/bin/cmake --install /home/openarm/ros2_ws2/build/openarm_bringup
[0.833s] DEBUG:colcon.colcon_core.event_handler.log_command:Invoked command in '/home/openarm/ros2_ws2/build/openarm_description' returned '0': CMAKE_PREFIX_PATH=/opt/ros/humble /usr/bin/cmake --build /home/openarm/ros2_ws2/build/openarm_description -- -j4 -l4
[0.835s] DEBUG:colcon.colcon_core.event_handler.log_command:Invoking command in '/home/openarm/ros2_ws2/build/openarm_description': CMAKE_PREFIX_PATH=/opt/ros/humble /usr/bin/cmake --install /home/openarm/ros2_ws2/build/openarm_description
[0.836s] DEBUG:colcon.colcon_core.event_handler.log_command:Invoked command in '/home/openarm/ros2_ws2/build/openarm_hardware' returned '0': CMAKE_PREFIX_PATH=/opt/ros/humble /usr/bin/cmake --build /home/openarm/ros2_ws2/build/openarm_hardware -- -j4 -l4
[0.839s] DEBUG:colcon.colcon_core.event_handler.log_command:Invoking command in '/home/openarm/ros2_ws2/build/openarm_hardware': CMAKE_PREFIX_PATH=/opt/ros/humble /usr/bin/cmake --install /home/openarm/ros2_ws2/build/openarm_hardware
[0.856s] Level 1:colcon.colcon_core.environment:create_environment_scripts_only(openarm_description)
[0.863s] Level 1:colcon.colcon_core.environment:checking '/home/openarm/ros2_ws2/install/openarm_description' for CMake module files
[0.864s] Level 1:colcon.colcon_core.environment:checking '/home/openarm/ros2_ws2/install/openarm_description' for CMake config files
[0.865s] Level 1:colcon.colcon_core.shell:create_environment_hook('openarm_description', 'cmake_prefix_path')
[0.866s] INFO:colcon.colcon_core.shell:Creating environment hook '/home/openarm/ros2_ws2/install/openarm_description/share/openarm_description/hook/cmake_prefix_path.ps1'
[0.868s] INFO:colcon.colcon_core.shell:Creating environment descriptor '/home/openarm/ros2_ws2/install/openarm_description/share/openarm_description/hook/cmake_prefix_path.dsv'
[0.870s] INFO:colcon.colcon_core.shell:Creating environment hook '/home/openarm/ros2_ws2/install/openarm_description/share/openarm_description/hook/cmake_prefix_path.sh'
[0.872s] Level 1:colcon.colcon_core.environment:checking '/home/openarm/ros2_ws2/install/openarm_description/bin'
[0.872s] Level 1:colcon.colcon_core.environment:checking '/home/openarm/ros2_ws2/install/openarm_description/lib/pkgconfig/openarm_description.pc'
[0.872s] Level 1:colcon.colcon_core.environment:checking '/home/openarm/ros2_ws2/install/openarm_description/lib/python3.10/site-packages'
[0.873s] Level 1:colcon.colcon_core.environment:checking '/home/openarm/ros2_ws2/install/openarm_description/bin'
[0.877s] INFO:colcon.colcon_core.shell:Creating package script '/home/openarm/ros2_ws2/install/openarm_description/share/openarm_description/package.ps1'
[0.879s] INFO:colcon.colcon_core.shell:Creating package descriptor '/home/openarm/ros2_ws2/install/openarm_description/share/openarm_description/package.dsv'
[0.881s] INFO:colcon.colcon_core.shell:Creating package script '/home/openarm/ros2_ws2/install/openarm_description/share/openarm_description/package.sh'
[0.887s] INFO:colcon.colcon_core.shell:Creating package script '/home/openarm/ros2_ws2/install/openarm_description/share/openarm_description/package.bash'
[0.889s] DEBUG:colcon.colcon_core.event_handler.log_command:Invoked command in '/home/openarm/ros2_ws2/build/openarm_description' returned '0': CMAKE_PREFIX_PATH=/opt/ros/humble /usr/bin/cmake --install /home/openarm/ros2_ws2/build/openarm_description
[0.890s] INFO:colcon.colcon_core.shell:Creating package script '/home/openarm/ros2_ws2/install/openarm_description/share/openarm_description/package.zsh'
[0.891s] Level 1:colcon.colcon_core.environment:create_file_with_runtime_dependencies(/home/openarm/ros2_ws2/install/openarm_description/share/colcon-core/packages/openarm_description)
[0.892s] Level 1:colcon.colcon_core.environment:create_environment_scripts_only(openarm_description)
[0.893s] Level 1:colcon.colcon_core.environment:checking '/home/openarm/ros2_ws2/install/openarm_description' for CMake module files
[0.893s] Level 1:colcon.colcon_core.environment:checking '/home/openarm/ros2_ws2/install/openarm_description' for CMake config files
[0.895s] Level 1:colcon.colcon_core.shell:create_environment_hook('openarm_description', 'cmake_prefix_path')
[0.895s] INFO:colcon.colcon_core.shell:Creating environment hook '/home/openarm/ros2_ws2/install/openarm_description/share/openarm_description/hook/cmake_prefix_path.ps1'
[0.896s] INFO:colcon.colcon_core.shell:Creating environment descriptor '/home/openarm/ros2_ws2/install/openarm_description/share/openarm_description/hook/cmake_prefix_path.dsv'
[0.897s] INFO:colcon.colcon_core.shell:Creating environment hook '/home/openarm/ros2_ws2/install/openarm_description/share/openarm_description/hook/cmake_prefix_path.sh'
[0.898s] Level 1:colcon.colcon_core.environment:checking '/home/openarm/ros2_ws2/install/openarm_description/bin'
[0.898s] Level 1:colcon.colcon_core.environment:checking '/home/openarm/ros2_ws2/install/openarm_description/lib/pkgconfig/openarm_description.pc'
[0.899s] Level 1:colcon.colcon_core.environment:checking '/home/openarm/ros2_ws2/install/openarm_description/lib/python3.10/site-packages'
[0.899s] Level 1:colcon.colcon_core.environment:checking '/home/openarm/ros2_ws2/install/openarm_description/bin'
[0.900s] INFO:colcon.colcon_core.shell:Creating package script '/home/openarm/ros2_ws2/install/openarm_description/share/openarm_description/package.ps1'
[0.901s] INFO:colcon.colcon_core.shell:Creating package descriptor '/home/openarm/ros2_ws2/install/openarm_description/share/openarm_description/package.dsv'
[0.902s] INFO:colcon.colcon_core.shell:Creating package script '/home/openarm/ros2_ws2/install/openarm_description/share/openarm_description/package.sh'
[0.902s] INFO:colcon.colcon_core.shell:Creating package script '/home/openarm/ros2_ws2/install/openarm_description/share/openarm_description/package.bash'
[0.903s] INFO:colcon.colcon_core.shell:Creating package script '/home/openarm/ros2_ws2/install/openarm_description/share/openarm_description/package.zsh'
[0.904s] Level 1:colcon.colcon_core.environment:create_file_with_runtime_dependencies(/home/openarm/ros2_ws2/install/openarm_description/share/colcon-core/packages/openarm_description)
[0.904s] Level 1:colcon.colcon_core.environment:create_environment_scripts_only(openarm_bringup)
[0.905s] Level 1:colcon.colcon_core.environment:checking '/home/openarm/ros2_ws2/install/openarm_bringup' for CMake module files
[0.906s] Level 1:colcon.colcon_core.environment:checking '/home/openarm/ros2_ws2/install/openarm_bringup' for CMake config files
[0.906s] DEBUG:colcon.colcon_core.event_handler.log_command:Invoked command in '/home/openarm/ros2_ws2/build/openarm_bringup' returned '0': CMAKE_PREFIX_PATH=/opt/ros/humble /usr/bin/cmake --install /home/openarm/ros2_ws2/build/openarm_bringup
[0.907s] Level 1:colcon.colcon_core.shell:create_environment_hook('openarm_bringup', 'cmake_prefix_path')
[0.907s] INFO:colcon.colcon_core.shell:Creating environment hook '/home/openarm/ros2_ws2/install/openarm_bringup/share/openarm_bringup/hook/cmake_prefix_path.ps1'
[0.908s] INFO:colcon.colcon_core.shell:Creating environment descriptor '/home/openarm/ros2_ws2/install/openarm_bringup/share/openarm_bringup/hook/cmake_prefix_path.dsv'
[0.908s] INFO:colcon.colcon_core.shell:Creating environment hook '/home/openarm/ros2_ws2/install/openarm_bringup/share/openarm_bringup/hook/cmake_prefix_path.sh'
[0.909s] Level 1:colcon.colcon_core.environment:checking '/home/openarm/ros2_ws2/install/openarm_bringup/bin'
[0.909s] Level 1:colcon.colcon_core.environment:checking '/home/openarm/ros2_ws2/install/openarm_bringup/lib/pkgconfig/openarm_bringup.pc'
[0.909s] Level 1:colcon.colcon_core.environment:checking '/home/openarm/ros2_ws2/install/openarm_bringup/lib/python3.10/site-packages'
[0.909s] Level 1:colcon.colcon_core.environment:checking '/home/openarm/ros2_ws2/install/openarm_bringup/bin'
[0.910s] INFO:colcon.colcon_core.shell:Creating package script '/home/openarm/ros2_ws2/install/openarm_bringup/share/openarm_bringup/package.ps1'
[0.910s] INFO:colcon.colcon_core.shell:Creating package descriptor '/home/openarm/ros2_ws2/install/openarm_bringup/share/openarm_bringup/package.dsv'
[0.911s] INFO:colcon.colcon_core.shell:Creating package script '/home/openarm/ros2_ws2/install/openarm_bringup/share/openarm_bringup/package.sh'
[0.911s] INFO:colcon.colcon_core.shell:Creating package script '/home/openarm/ros2_ws2/install/openarm_bringup/share/openarm_bringup/package.bash'
[0.911s] INFO:colcon.colcon_core.shell:Creating package script '/home/openarm/ros2_ws2/install/openarm_bringup/share/openarm_bringup/package.zsh'
[0.912s] Level 1:colcon.colcon_core.environment:create_file_with_runtime_dependencies(/home/openarm/ros2_ws2/install/openarm_bringup/share/colcon-core/packages/openarm_bringup)
[0.912s] Level 1:colcon.colcon_core.environment:create_environment_scripts_only(openarm_bringup)
[0.913s] Level 1:colcon.colcon_core.environment:checking '/home/openarm/ros2_ws2/install/openarm_bringup' for CMake module files
[0.913s] Level 1:colcon.colcon_core.environment:checking '/home/openarm/ros2_ws2/install/openarm_bringup' for CMake config files
[0.913s] Level 1:colcon.colcon_core.shell:create_environment_hook('openarm_bringup', 'cmake_prefix_path')
[0.914s] INFO:colcon.colcon_core.shell:Creating environment hook '/home/openarm/ros2_ws2/install/openarm_bringup/share/openarm_bringup/hook/cmake_prefix_path.ps1'
[0.914s] INFO:colcon.colcon_core.shell:Creating environment descriptor '/home/openarm/ros2_ws2/install/openarm_bringup/share/openarm_bringup/hook/cmake_prefix_path.dsv'
[0.914s] INFO:colcon.colcon_core.shell:Creating environment hook '/home/openarm/ros2_ws2/install/openarm_bringup/share/openarm_bringup/hook/cmake_prefix_path.sh'
[0.915s] Level 1:colcon.colcon_core.environment:checking '/home/openarm/ros2_ws2/install/openarm_bringup/bin'
[0.915s] Level 1:colcon.colcon_core.environment:checking '/home/openarm/ros2_ws2/install/openarm_bringup/lib/pkgconfig/openarm_bringup.pc'
[0.915s] Level 1:colcon.colcon_core.environment:checking '/home/openarm/ros2_ws2/install/openarm_bringup/lib/python3.10/site-packages'
[0.915s] Level 1:colcon.colcon_core.environment:checking '/home/openarm/ros2_ws2/install/openarm_bringup/bin'
[0.916s] INFO:colcon.colcon_core.shell:Creating package script '/home/openarm/ros2_ws2/install/openarm_bringup/share/openarm_bringup/package.ps1'
[0.917s] INFO:colcon.colcon_core.shell:Creating package descriptor '/home/openarm/ros2_ws2/install/openarm_bringup/share/openarm_bringup/package.dsv'
[0.917s] INFO:colcon.colcon_core.shell:Creating package script '/home/openarm/ros2_ws2/install/openarm_bringup/share/openarm_bringup/package.sh'
[0.918s] INFO:colcon.colcon_core.shell:Creating package script '/home/openarm/ros2_ws2/install/openarm_bringup/share/openarm_bringup/package.bash'
[0.918s] INFO:colcon.colcon_core.shell:Creating package script '/home/openarm/ros2_ws2/install/openarm_bringup/share/openarm_bringup/package.zsh'
[0.919s] Level 1:colcon.colcon_core.environment:create_file_with_runtime_dependencies(/home/openarm/ros2_ws2/install/openarm_bringup/share/colcon-core/packages/openarm_bringup)
[0.920s] INFO:colcon.colcon_ros.task.ament_cmake.build:Building ROS package in '/home/openarm/ros2_ws2/src/openarm_ros2/openarm_bimanual_moveit_config' with build type 'ament_cmake'
[0.920s] INFO:colcon.colcon_cmake.task.cmake.build:Building CMake package in '/home/openarm/ros2_ws2/src/openarm_ros2/openarm_bimanual_moveit_config'
[0.920s] INFO:colcon.colcon_core.shell:Skip shell extension 'powershell' for command environment: Not usable outside of PowerShell
[0.920s] DEBUG:colcon.colcon_core.shell:Skip shell extension 'dsv' for command environment
[0.925s] Level 1:colcon.colcon_core.environment:create_environment_scripts_only(openarm_hardware)
[0.926s] Level 1:colcon.colcon_core.environment:checking '/home/openarm/ros2_ws2/install/openarm_hardware' for CMake module files
[0.927s] Level 1:colcon.colcon_core.environment:checking '/home/openarm/ros2_ws2/install/openarm_hardware' for CMake config files
[0.927s] DEBUG:colcon.colcon_core.event_handler.log_command:Invoked command in '/home/openarm/ros2_ws2/build/openarm_hardware' returned '0': CMAKE_PREFIX_PATH=/opt/ros/humble /usr/bin/cmake --install /home/openarm/ros2_ws2/build/openarm_hardware
[0.928s] Level 1:colcon.colcon_core.shell:create_environment_hook('openarm_hardware', 'cmake_prefix_path')
[0.928s] INFO:colcon.colcon_core.shell:Creating environment hook '/home/openarm/ros2_ws2/install/openarm_hardware/share/openarm_hardware/hook/cmake_prefix_path.ps1'
[0.929s] INFO:colcon.colcon_core.shell:Creating environment descriptor '/home/openarm/ros2_ws2/install/openarm_hardware/share/openarm_hardware/hook/cmake_prefix_path.dsv'
[0.929s] INFO:colcon.colcon_core.shell:Creating environment hook '/home/openarm/ros2_ws2/install/openarm_hardware/share/openarm_hardware/hook/cmake_prefix_path.sh'
[0.930s] Level 1:colcon.colcon_core.environment:checking '/home/openarm/ros2_ws2/install/openarm_hardware/lib'
[0.931s] Level 1:colcon.colcon_core.shell:create_environment_hook('openarm_hardware', 'ld_library_path_lib')
[0.931s] INFO:colcon.colcon_core.shell:Creating environment hook '/home/openarm/ros2_ws2/install/openarm_hardware/share/openarm_hardware/hook/ld_library_path_lib.ps1'
[0.932s] INFO:colcon.colcon_core.shell:Creating environment descriptor '/home/openarm/ros2_ws2/install/openarm_hardware/share/openarm_hardware/hook/ld_library_path_lib.dsv'
[0.932s] INFO:colcon.colcon_core.shell:Creating environment hook '/home/openarm/ros2_ws2/install/openarm_hardware/share/openarm_hardware/hook/ld_library_path_lib.sh'
[0.933s] Level 1:colcon.colcon_core.environment:checking '/home/openarm/ros2_ws2/install/openarm_hardware/bin'
[0.933s] Level 1:colcon.colcon_core.environment:checking '/home/openarm/ros2_ws2/install/openarm_hardware/lib/pkgconfig/openarm_hardware.pc'
[0.934s] Level 1:colcon.colcon_core.environment:checking '/home/openarm/ros2_ws2/install/openarm_hardware/lib/python3.10/site-packages'
[0.935s] Level 1:colcon.colcon_core.environment:checking '/home/openarm/ros2_ws2/install/openarm_hardware/bin'
[0.936s] INFO:colcon.colcon_core.shell:Creating package script '/home/openarm/ros2_ws2/install/openarm_hardware/share/openarm_hardware/package.ps1'
[0.936s] INFO:colcon.colcon_core.shell:Creating package descriptor '/home/openarm/ros2_ws2/install/openarm_hardware/share/openarm_hardware/package.dsv'
[0.937s] INFO:colcon.colcon_core.shell:Creating package script '/home/openarm/ros2_ws2/install/openarm_hardware/share/openarm_hardware/package.sh'
[0.938s] INFO:colcon.colcon_core.shell:Creating package script '/home/openarm/ros2_ws2/install/openarm_hardware/share/openarm_hardware/package.bash'
[0.938s] INFO:colcon.colcon_core.shell:Creating package script '/home/openarm/ros2_ws2/install/openarm_hardware/share/openarm_hardware/package.zsh'
[0.939s] Level 1:colcon.colcon_core.environment:create_file_with_runtime_dependencies(/home/openarm/ros2_ws2/install/openarm_hardware/share/colcon-core/packages/openarm_hardware)
[0.939s] Level 1:colcon.colcon_core.environment:create_environment_scripts_only(openarm_hardware)
[0.940s] Level 1:colcon.colcon_core.environment:checking '/home/openarm/ros2_ws2/install/openarm_hardware' for CMake module files
[0.940s] Level 1:colcon.colcon_core.environment:checking '/home/openarm/ros2_ws2/install/openarm_hardware' for CMake config files
[0.941s] Level 1:colcon.colcon_core.shell:create_environment_hook('openarm_hardware', 'cmake_prefix_path')
[0.941s] INFO:colcon.colcon_core.shell:Creating environment hook '/home/openarm/ros2_ws2/install/openarm_hardware/share/openarm_hardware/hook/cmake_prefix_path.ps1'
[0.941s] INFO:colcon.colcon_core.shell:Creating environment descriptor '/home/openarm/ros2_ws2/install/openarm_hardware/share/openarm_hardware/hook/cmake_prefix_path.dsv'
[0.942s] INFO:colcon.colcon_core.shell:Creating environment hook '/home/openarm/ros2_ws2/install/openarm_hardware/share/openarm_hardware/hook/cmake_prefix_path.sh'
[0.942s] Level 1:colcon.colcon_core.environment:checking '/home/openarm/ros2_ws2/install/openarm_hardware/lib'
[0.942s] Level 1:colcon.colcon_core.shell:create_environment_hook('openarm_hardware', 'ld_library_path_lib')
[0.942s] INFO:colcon.colcon_core.shell:Creating environment hook '/home/openarm/ros2_ws2/install/openarm_hardware/share/openarm_hardware/hook/ld_library_path_lib.ps1'
[0.943s] INFO:colcon.colcon_core.shell:Creating environment descriptor '/home/openarm/ros2_ws2/install/openarm_hardware/share/openarm_hardware/hook/ld_library_path_lib.dsv'
[0.943s] INFO:colcon.colcon_core.shell:Creating environment hook '/home/openarm/ros2_ws2/install/openarm_hardware/share/openarm_hardware/hook/ld_library_path_lib.sh'
[0.943s] Level 1:colcon.colcon_core.environment:checking '/home/openarm/ros2_ws2/install/openarm_hardware/bin'
[0.944s] Level 1:colcon.colcon_core.environment:checking '/home/openarm/ros2_ws2/install/openarm_hardware/lib/pkgconfig/openarm_hardware.pc'
[0.944s] Level 1:colcon.colcon_core.environment:checking '/home/openarm/ros2_ws2/install/openarm_hardware/lib/python3.10/site-packages'
[0.944s] Level 1:colcon.colcon_core.environment:checking '/home/openarm/ros2_ws2/install/openarm_hardware/bin'
[0.944s] INFO:colcon.colcon_core.shell:Creating package script '/home/openarm/ros2_ws2/install/openarm_hardware/share/openarm_hardware/package.ps1'
[0.945s] INFO:colcon.colcon_core.shell:Creating package descriptor '/home/openarm/ros2_ws2/install/openarm_hardware/share/openarm_hardware/package.dsv'
[0.946s] INFO:colcon.colcon_core.shell:Creating package script '/home/openarm/ros2_ws2/install/openarm_hardware/share/openarm_hardware/package.sh'
[0.946s] INFO:colcon.colcon_core.shell:Creating package script '/home/openarm/ros2_ws2/install/openarm_hardware/share/openarm_hardware/package.bash'
[0.947s] INFO:colcon.colcon_core.shell:Creating package script '/home/openarm/ros2_ws2/install/openarm_hardware/share/openarm_hardware/package.zsh'
[0.947s] Level 1:colcon.colcon_core.environment:create_file_with_runtime_dependencies(/home/openarm/ros2_ws2/install/openarm_hardware/share/colcon-core/packages/openarm_hardware)
[0.948s] INFO:colcon.colcon_ros.task.ament_cmake.build:Building ROS package in '/home/openarm/ros2_ws2/src/openarm_ros2/openarm' with build type 'ament_cmake'
[0.948s] INFO:colcon.colcon_cmake.task.cmake.build:Building CMake package in '/home/openarm/ros2_ws2/src/openarm_ros2/openarm'
[0.949s] INFO:colcon.colcon_core.shell:Skip shell extension 'powershell' for command environment: Not usable outside of PowerShell
[0.949s] DEBUG:colcon.colcon_core.shell:Skip shell extension 'dsv' for command environment
[0.957s] DEBUG:colcon.colcon_core.event_handler.log_command:Invoking command in '/home/openarm/ros2_ws2/build/openarm_bimanual_moveit_config': AMENT_PREFIX_PATH=/home/openarm/ros2_ws2/install/openarm_description:${AMENT_PREFIX_PATH} CMAKE_PREFIX_PATH=/home/openarm/ros2_ws2/install/openarm_description:/opt/ros/humble /usr/bin/cmake --build /home/openarm/ros2_ws2/build/openarm_bimanual_moveit_config -- -j4 -l4
[0.966s] DEBUG:colcon.colcon_core.event_handler.log_command:Invoking command in '/home/openarm/ros2_ws2/build/openarm': AMENT_PREFIX_PATH=/home/openarm/ros2_ws2/install/openarm_hardware:/home/openarm/ros2_ws2/install/openarm_description:/home/openarm/ros2_ws2/install/openarm_bringup:${AMENT_PREFIX_PATH} CMAKE_PREFIX_PATH=/home/openarm/ros2_ws2/install/openarm_hardware:/home/openarm/ros2_ws2/install/openarm_description:/home/openarm/ros2_ws2/install/openarm_bringup:/opt/ros/humble LD_LIBRARY_PATH=/home/openarm/ros2_ws2/install/openarm_hardware/lib:${LD_LIBRARY_PATH} /usr/bin/cmake --build /home/openarm/ros2_ws2/build/openarm -- -j4 -l4
[1.015s] DEBUG:colcon.colcon_core.event_handler.log_command:Invoked command in '/home/openarm/ros2_ws2/build/openarm_bimanual_moveit_config' returned '0': AMENT_PREFIX_PATH=/home/openarm/ros2_ws2/install/openarm_description:${AMENT_PREFIX_PATH} CMAKE_PREFIX_PATH=/home/openarm/ros2_ws2/install/openarm_description:/opt/ros/humble /usr/bin/cmake --build /home/openarm/ros2_ws2/build/openarm_bimanual_moveit_config -- -j4 -l4
[1.017s] DEBUG:colcon.colcon_core.event_handler.log_command:Invoking command in '/home/openarm/ros2_ws2/build/openarm_bimanual_moveit_config': AMENT_PREFIX_PATH=/home/openarm/ros2_ws2/install/openarm_description:${AMENT_PREFIX_PATH} CMAKE_PREFIX_PATH=/home/openarm/ros2_ws2/install/openarm_description:/opt/ros/humble /usr/bin/cmake --install /home/openarm/ros2_ws2/build/openarm_bimanual_moveit_config
[1.021s] DEBUG:colcon.colcon_core.event_handler.log_command:Invoked command in '/home/openarm/ros2_ws2/build/openarm' returned '0': AMENT_PREFIX_PATH=/home/openarm/ros2_ws2/install/openarm_hardware:/home/openarm/ros2_ws2/install/openarm_description:/home/openarm/ros2_ws2/install/openarm_bringup:${AMENT_PREFIX_PATH} CMAKE_PREFIX_PATH=/home/openarm/ros2_ws2/install/openarm_hardware:/home/openarm/ros2_ws2/install/openarm_description:/home/openarm/ros2_ws2/install/openarm_bringup:/opt/ros/humble LD_LIBRARY_PATH=/home/openarm/ros2_ws2/install/openarm_hardware/lib:${LD_LIBRARY_PATH} /usr/bin/cmake --build /home/openarm/ros2_ws2/build/openarm -- -j4 -l4
[1.022s] DEBUG:colcon.colcon_core.event_handler.log_command:Invoking command in '/home/openarm/ros2_ws2/build/openarm': AMENT_PREFIX_PATH=/home/openarm/ros2_ws2/install/openarm_hardware:/home/openarm/ros2_ws2/install/openarm_description:/home/openarm/ros2_ws2/install/openarm_bringup:${AMENT_PREFIX_PATH} CMAKE_PREFIX_PATH=/home/openarm/ros2_ws2/install/openarm_hardware:/home/openarm/ros2_ws2/install/openarm_description:/home/openarm/ros2_ws2/install/openarm_bringup:/opt/ros/humble LD_LIBRARY_PATH=/home/openarm/ros2_ws2/install/openarm_hardware/lib:${LD_LIBRARY_PATH} /usr/bin/cmake --install /home/openarm/ros2_ws2/build/openarm
[1.032s] Level 1:colcon.colcon_core.environment:create_environment_scripts_only(openarm_bimanual_moveit_config)
[1.033s] Level 1:colcon.colcon_core.environment:checking '/home/openarm/ros2_ws2/install/openarm_bimanual_moveit_config' for CMake module files
[1.033s] Level 1:colcon.colcon_core.environment:checking '/home/openarm/ros2_ws2/install/openarm_bimanual_moveit_config' for CMake config files
[1.034s] Level 1:colcon.colcon_core.shell:create_environment_hook('openarm_bimanual_moveit_config', 'cmake_prefix_path')
[1.034s] INFO:colcon.colcon_core.shell:Creating environment hook '/home/openarm/ros2_ws2/install/openarm_bimanual_moveit_config/share/openarm_bimanual_moveit_config/hook/cmake_prefix_path.ps1'
[1.036s] INFO:colcon.colcon_core.shell:Creating environment descriptor '/home/openarm/ros2_ws2/install/openarm_bimanual_moveit_config/share/openarm_bimanual_moveit_config/hook/cmake_prefix_path.dsv'
[1.037s] INFO:colcon.colcon_core.shell:Creating environment hook '/home/openarm/ros2_ws2/install/openarm_bimanual_moveit_config/share/openarm_bimanual_moveit_config/hook/cmake_prefix_path.sh'
[1.038s] DEBUG:colcon.colcon_core.event_handler.log_command:Invoked command in '/home/openarm/ros2_ws2/build/openarm_bimanual_moveit_config' returned '0': AMENT_PREFIX_PATH=/home/openarm/ros2_ws2/install/openarm_description:${AMENT_PREFIX_PATH} CMAKE_PREFIX_PATH=/home/openarm/ros2_ws2/install/openarm_description:/opt/ros/humble /usr/bin/cmake --install /home/openarm/ros2_ws2/build/openarm_bimanual_moveit_config
[1.039s] Level 1:colcon.colcon_core.environment:checking '/home/openarm/ros2_ws2/install/openarm_bimanual_moveit_config/bin'
[1.039s] Level 1:colcon.colcon_core.environment:checking '/home/openarm/ros2_ws2/install/openarm_bimanual_moveit_config/lib/pkgconfig/openarm_bimanual_moveit_config.pc'
[1.040s] Level 1:colcon.colcon_core.environment:checking '/home/openarm/ros2_ws2/install/openarm_bimanual_moveit_config/lib/python3.10/site-packages'
[1.040s] Level 1:colcon.colcon_core.environment:checking '/home/openarm/ros2_ws2/install/openarm_bimanual_moveit_config/bin'
[1.041s] INFO:colcon.colcon_core.shell:Creating package script '/home/openarm/ros2_ws2/install/openarm_bimanual_moveit_config/share/openarm_bimanual_moveit_config/package.ps1'
[1.041s] INFO:colcon.colcon_core.shell:Creating package descriptor '/home/openarm/ros2_ws2/install/openarm_bimanual_moveit_config/share/openarm_bimanual_moveit_config/package.dsv'
[1.043s] INFO:colcon.colcon_core.shell:Creating package script '/home/openarm/ros2_ws2/install/openarm_bimanual_moveit_config/share/openarm_bimanual_moveit_config/package.sh'
[1.043s] INFO:colcon.colcon_core.shell:Creating package script '/home/openarm/ros2_ws2/install/openarm_bimanual_moveit_config/share/openarm_bimanual_moveit_config/package.bash'
[1.044s] INFO:colcon.colcon_core.shell:Creating package script '/home/openarm/ros2_ws2/install/openarm_bimanual_moveit_config/share/openarm_bimanual_moveit_config/package.zsh'
[1.044s] Level 1:colcon.colcon_core.environment:create_file_with_runtime_dependencies(/home/openarm/ros2_ws2/install/openarm_bimanual_moveit_config/share/colcon-core/packages/openarm_bimanual_moveit_config)
[1.045s] Level 1:colcon.colcon_core.environment:create_environment_scripts_only(openarm_bimanual_moveit_config)
[1.046s] Level 1:colcon.colcon_core.environment:checking '/home/openarm/ros2_ws2/install/openarm_bimanual_moveit_config' for CMake module files
[1.046s] Level 1:colcon.colcon_core.environment:checking '/home/openarm/ros2_ws2/install/openarm_bimanual_moveit_config' for CMake config files
[1.047s] Level 1:colcon.colcon_core.shell:create_environment_hook('openarm_bimanual_moveit_config', 'cmake_prefix_path')
[1.047s] INFO:colcon.colcon_core.shell:Creating environment hook '/home/openarm/ros2_ws2/install/openarm_bimanual_moveit_config/share/openarm_bimanual_moveit_config/hook/cmake_prefix_path.ps1'
[1.048s] INFO:colcon.colcon_core.shell:Creating environment descriptor '/home/openarm/ros2_ws2/install/openarm_bimanual_moveit_config/share/openarm_bimanual_moveit_config/hook/cmake_prefix_path.dsv'
[1.048s] INFO:colcon.colcon_core.shell:Creating environment hook '/home/openarm/ros2_ws2/install/openarm_bimanual_moveit_config/share/openarm_bimanual_moveit_config/hook/cmake_prefix_path.sh'
[1.049s] Level 1:colcon.colcon_core.environment:checking '/home/openarm/ros2_ws2/install/openarm_bimanual_moveit_config/bin'
[1.049s] Level 1:colcon.colcon_core.environment:checking '/home/openarm/ros2_ws2/install/openarm_bimanual_moveit_config/lib/pkgconfig/openarm_bimanual_moveit_config.pc'
[1.049s] Level 1:colcon.colcon_core.environment:checking '/home/openarm/ros2_ws2/install/openarm_bimanual_moveit_config/lib/python3.10/site-packages'
[1.050s] Level 1:colcon.colcon_core.environment:checking '/home/openarm/ros2_ws2/install/openarm_bimanual_moveit_config/bin'
[1.050s] INFO:colcon.colcon_core.shell:Creating package script '/home/openarm/ros2_ws2/install/openarm_bimanual_moveit_config/share/openarm_bimanual_moveit_config/package.ps1'
[1.051s] INFO:colcon.colcon_core.shell:Creating package descriptor '/home/openarm/ros2_ws2/install/openarm_bimanual_moveit_config/share/openarm_bimanual_moveit_config/package.dsv'
[1.052s] INFO:colcon.colcon_core.shell:Creating package script '/home/openarm/ros2_ws2/install/openarm_bimanual_moveit_config/share/openarm_bimanual_moveit_config/package.sh'
[1.052s] INFO:colcon.colcon_core.shell:Creating package script '/home/openarm/ros2_ws2/install/openarm_bimanual_moveit_config/share/openarm_bimanual_moveit_config/package.bash'
[1.053s] INFO:colcon.colcon_core.shell:Creating package script '/home/openarm/ros2_ws2/install/openarm_bimanual_moveit_config/share/openarm_bimanual_moveit_config/package.zsh'
[1.054s] Level 1:colcon.colcon_core.environment:create_file_with_runtime_dependencies(/home/openarm/ros2_ws2/install/openarm_bimanual_moveit_config/share/colcon-core/packages/openarm_bimanual_moveit_config)
[1.055s] Level 1:colcon.colcon_core.environment:create_environment_scripts_only(openarm)
[1.056s] Level 1:colcon.colcon_core.environment:checking '/home/openarm/ros2_ws2/install/openarm' for CMake module files
[1.056s] Level 1:colcon.colcon_core.environment:checking '/home/openarm/ros2_ws2/install/openarm' for CMake config files
[1.057s] Level 1:colcon.colcon_core.shell:create_environment_hook('openarm', 'cmake_prefix_path')
[1.057s] INFO:colcon.colcon_core.shell:Creating environment hook '/home/openarm/ros2_ws2/install/openarm/share/openarm/hook/cmake_prefix_path.ps1'
[1.058s] INFO:colcon.colcon_core.shell:Creating environment descriptor '/home/openarm/ros2_ws2/install/openarm/share/openarm/hook/cmake_prefix_path.dsv'
[1.055s] DEBUG:colcon.colcon_core.event_handler.log_command:Invoked command in '/home/openarm/ros2_ws2/build/openarm' returned '0': AMENT_PREFIX_PATH=/home/openarm/ros2_ws2/install/openarm_hardware:/home/openarm/ros2_ws2/install/openarm_description:/home/openarm/ros2_ws2/install/openarm_bringup:${AMENT_PREFIX_PATH} CMAKE_PREFIX_PATH=/home/openarm/ros2_ws2/install/openarm_hardware:/home/openarm/ros2_ws2/install/openarm_description:/home/openarm/ros2_ws2/install/openarm_bringup:/opt/ros/humble LD_LIBRARY_PATH=/home/openarm/ros2_ws2/install/openarm_hardware/lib:${LD_LIBRARY_PATH} /usr/bin/cmake --install /home/openarm/ros2_ws2/build/openarm
[1.059s] INFO:colcon.colcon_core.shell:Creating environment hook '/home/openarm/ros2_ws2/install/openarm/share/openarm/hook/cmake_prefix_path.sh'
[1.059s] Level 1:colcon.colcon_core.environment:checking '/home/openarm/ros2_ws2/install/openarm/bin'
[1.059s] Level 1:colcon.colcon_core.environment:checking '/home/openarm/ros2_ws2/install/openarm/lib/pkgconfig/openarm.pc'
[1.060s] Level 1:colcon.colcon_core.environment:checking '/home/openarm/ros2_ws2/install/openarm/lib/python3.10/site-packages'
[1.061s] Level 1:colcon.colcon_core.environment:checking '/home/openarm/ros2_ws2/install/openarm/bin'
[1.061s] INFO:colcon.colcon_core.shell:Creating package script '/home/openarm/ros2_ws2/install/openarm/share/openarm/package.ps1'
[1.062s] INFO:colcon.colcon_core.shell:Creating package descriptor '/home/openarm/ros2_ws2/install/openarm/share/openarm/package.dsv'
[1.062s] INFO:colcon.colcon_core.shell:Creating package script '/home/openarm/ros2_ws2/install/openarm/share/openarm/package.sh'
[1.063s] INFO:colcon.colcon_core.shell:Creating package script '/home/openarm/ros2_ws2/install/openarm/share/openarm/package.bash'
[1.063s] INFO:colcon.colcon_core.shell:Creating package script '/home/openarm/ros2_ws2/install/openarm/share/openarm/package.zsh'
[1.064s] Level 1:colcon.colcon_core.environment:create_file_with_runtime_dependencies(/home/openarm/ros2_ws2/install/openarm/share/colcon-core/packages/openarm)
[1.065s] Level 1:colcon.colcon_core.environment:create_environment_scripts_only(openarm)
[1.065s] Level 1:colcon.colcon_core.environment:checking '/home/openarm/ros2_ws2/install/openarm' for CMake module files
[1.066s] Level 1:colcon.colcon_core.environment:checking '/home/openarm/ros2_ws2/install/openarm' for CMake config files
[1.066s] Level 1:colcon.colcon_core.shell:create_environment_hook('openarm', 'cmake_prefix_path')
[1.066s] INFO:colcon.colcon_core.shell:Creating environment hook '/home/openarm/ros2_ws2/install/openarm/share/openarm/hook/cmake_prefix_path.ps1'
[1.067s] INFO:colcon.colcon_core.shell:Creating environment descriptor '/home/openarm/ros2_ws2/install/openarm/share/openarm/hook/cmake_prefix_path.dsv'
[1.067s] INFO:colcon.colcon_core.shell:Creating environment hook '/home/openarm/ros2_ws2/install/openarm/share/openarm/hook/cmake_prefix_path.sh'
[1.068s] Level 1:colcon.colcon_core.environment:checking '/home/openarm/ros2_ws2/install/openarm/bin'
[1.068s] Level 1:colcon.colcon_core.environment:checking '/home/openarm/ros2_ws2/install/openarm/lib/pkgconfig/openarm.pc'
[1.069s] Level 1:colcon.colcon_core.environment:checking '/home/openarm/ros2_ws2/install/openarm/lib/python3.10/site-packages'
[1.069s] Level 1:colcon.colcon_core.environment:checking '/home/openarm/ros2_ws2/install/openarm/bin'
[1.070s] INFO:colcon.colcon_core.shell:Creating package script '/home/openarm/ros2_ws2/install/openarm/share/openarm/package.ps1'
[1.070s] INFO:colcon.colcon_core.shell:Creating package descriptor '/home/openarm/ros2_ws2/install/openarm/share/openarm/package.dsv'
[1.071s] INFO:colcon.colcon_core.shell:Creating package script '/home/openarm/ros2_ws2/install/openarm/share/openarm/package.sh'
[1.072s] INFO:colcon.colcon_core.shell:Creating package script '/home/openarm/ros2_ws2/install/openarm/share/openarm/package.bash'
[1.073s] INFO:colcon.colcon_core.shell:Creating package script '/home/openarm/ros2_ws2/install/openarm/share/openarm/package.zsh'
[1.073s] Level 1:colcon.colcon_core.environment:create_file_with_runtime_dependencies(/home/openarm/ros2_ws2/install/openarm/share/colcon-core/packages/openarm)
[1.521s] DEBUG:colcon.colcon_core.event_handler.log_command:Invoking command in '/home/openarm/ros2_ws2/src/hello_moveit_py': PYTHONPATH=/home/openarm/ros2_ws2/build/hello_moveit_py/prefix_override:/usr/lib/python3/dist-packages/colcon_core/task/python/colcon_distutils_commands:/home/openarm/ros2_ws2/install/hello_moveit_py/lib/python3.10/site-packages:${PYTHONPATH} /usr/bin/python3 -W ignore:setup.py install is deprecated -W ignore:easy_install command is deprecated setup.py egg_info --egg-base ../../build/hello_moveit_py build --build-base /home/openarm/ros2_ws2/build/hello_moveit_py/build install --record /home/openarm/ros2_ws2/build/hello_moveit_py/install.log --single-version-externally-managed install_data
[1.863s] Level 1:colcon.colcon_core.environment:checking '/home/openarm/ros2_ws2/install/hello_moveit_py' for CMake module files
[1.863s] Level 1:colcon.colcon_core.environment:checking '/home/openarm/ros2_ws2/install/hello_moveit_py' for CMake config files
[1.864s] Level 1:colcon.colcon_core.environment:checking '/home/openarm/ros2_ws2/install/hello_moveit_py/lib'
[1.864s] Level 1:colcon.colcon_core.environment:checking '/home/openarm/ros2_ws2/install/hello_moveit_py/bin'
[1.864s] Level 1:colcon.colcon_core.environment:checking '/home/openarm/ros2_ws2/install/hello_moveit_py/lib/pkgconfig/hello_moveit_py.pc'
[1.865s] Level 1:colcon.colcon_core.environment:checking '/home/openarm/ros2_ws2/install/hello_moveit_py/lib/python3.10/site-packages'
[1.865s] Level 1:colcon.colcon_core.shell:create_environment_hook('hello_moveit_py', 'pythonpath')
[1.865s] INFO:colcon.colcon_core.shell:Creating environment hook '/home/openarm/ros2_ws2/install/hello_moveit_py/share/hello_moveit_py/hook/pythonpath.ps1'
[1.866s] DEBUG:colcon.colcon_core.event_handler.log_command:Invoked command in '/home/openarm/ros2_ws2/src/hello_moveit_py' returned '0': PYTHONPATH=/home/openarm/ros2_ws2/build/hello_moveit_py/prefix_override:/usr/lib/python3/dist-packages/colcon_core/task/python/colcon_distutils_commands:/home/openarm/ros2_ws2/install/hello_moveit_py/lib/python3.10/site-packages:${PYTHONPATH} /usr/bin/python3 -W ignore:setup.py install is deprecated -W ignore:easy_install command is deprecated setup.py egg_info --egg-base ../../build/hello_moveit_py build --build-base /home/openarm/ros2_ws2/build/hello_moveit_py/build install --record /home/openarm/ros2_ws2/build/hello_moveit_py/install.log --single-version-externally-managed install_data
[1.867s] INFO:colcon.colcon_core.shell:Creating environment descriptor '/home/openarm/ros2_ws2/install/hello_moveit_py/share/hello_moveit_py/hook/pythonpath.dsv'
[1.867s] INFO:colcon.colcon_core.shell:Creating environment hook '/home/openarm/ros2_ws2/install/hello_moveit_py/share/hello_moveit_py/hook/pythonpath.sh'
[1.871s] Level 1:colcon.colcon_core.environment:checking '/home/openarm/ros2_ws2/install/hello_moveit_py/bin'
[1.871s] Level 1:colcon.colcon_core.environment:create_environment_scripts_only(hello_moveit_py)
[1.872s] INFO:colcon.colcon_core.shell:Creating package script '/home/openarm/ros2_ws2/install/hello_moveit_py/share/hello_moveit_py/package.ps1'
[1.873s] INFO:colcon.colcon_core.shell:Creating package descriptor '/home/openarm/ros2_ws2/install/hello_moveit_py/share/hello_moveit_py/package.dsv'
[1.873s] INFO:colcon.colcon_core.shell:Creating package script '/home/openarm/ros2_ws2/install/hello_moveit_py/share/hello_moveit_py/package.sh'
[1.874s] INFO:colcon.colcon_core.shell:Creating package script '/home/openarm/ros2_ws2/install/hello_moveit_py/share/hello_moveit_py/package.bash'
[1.874s] INFO:colcon.colcon_core.shell:Creating package script '/home/openarm/ros2_ws2/install/hello_moveit_py/share/hello_moveit_py/package.zsh'
[1.875s] Level 1:colcon.colcon_core.environment:create_file_with_runtime_dependencies(/home/openarm/ros2_ws2/install/hello_moveit_py/share/colcon-core/packages/hello_moveit_py)
[1.877s] DEBUG:colcon.colcon_parallel_executor.executor.parallel:closing loop
[1.877s] DEBUG:colcon.colcon_parallel_executor.executor.parallel:loop closed
[1.877s] DEBUG:colcon.colcon_parallel_executor.executor.parallel:run_until_complete finished with '0'
[1.877s] DEBUG:colcon.colcon_core.event_reactor:joining thread
[1.888s] INFO:colcon.colcon_core.plugin_system:Skipping extension 'colcon_notification.desktop_notification.terminal_notifier': Not used on non-Darwin systems
[1.888s] INFO:colcon.colcon_core.plugin_system:Skipping extension 'colcon_notification.desktop_notification.win32': Not used on non-Windows systems
[1.888s] INFO:colcon.colcon_notification.desktop_notification:Sending desktop notification using 'notify2'
[1.913s] DEBUG:colcon.colcon_core.event_reactor:joined thread
[1.913s] INFO:colcon.colcon_core.shell:Creating prefix script '/home/openarm/ros2_ws2/install/local_setup.ps1'
[1.915s] INFO:colcon.colcon_core.shell:Creating prefix util module '/home/openarm/ros2_ws2/install/_local_setup_util_ps1.py'
[1.918s] INFO:colcon.colcon_core.shell:Creating prefix chain script '/home/openarm/ros2_ws2/install/setup.ps1'
[1.919s] INFO:colcon.colcon_core.shell:Creating prefix script '/home/openarm/ros2_ws2/install/local_setup.sh'
[1.920s] INFO:colcon.colcon_core.shell:Creating prefix util module '/home/openarm/ros2_ws2/install/_local_setup_util_sh.py'
[1.921s] INFO:colcon.colcon_core.shell:Creating prefix chain script '/home/openarm/ros2_ws2/install/setup.sh'
[1.923s] INFO:colcon.colcon_core.shell:Creating prefix script '/home/openarm/ros2_ws2/install/local_setup.bash'
[1.924s] INFO:colcon.colcon_core.shell:Creating prefix chain script '/home/openarm/ros2_ws2/install/setup.bash'
[1.925s] INFO:colcon.colcon_core.shell:Creating prefix script '/home/openarm/ros2_ws2/install/local_setup.zsh'
[1.926s] INFO:colcon.colcon_core.shell:Creating prefix chain script '/home/openarm/ros2_ws2/install/setup.zsh'
