[0.022s] Invoking command in '/home/openarm/ros2_ws2/build/openarm_hardware': CMAKE_PREFIX_PATH=/opt/ros/humble /usr/bin/cmake --build /home/openarm/ros2_ws2/build/openarm_hardware -- -j4 -l4
[0.062s] -- Found ament_cmake: 1.3.12 (/opt/ros/humble/share/ament_cmake/cmake)
[0.261s] -- Found hardware_interface: 2.52.0 (/opt/ros/humble/share/hardware_interface/cmake)
[0.310s] -- Found rosidl_generator_c: 3.1.7 (/opt/ros/humble/share/rosidl_generator_c/cmake)
[0.316s] -- Found rosidl_adapter: 3.1.7 (/opt/ros/humble/share/rosidl_adapter/cmake)
[0.327s] -- Found rosidl_generator_cpp: 3.1.7 (/opt/ros/humble/share/rosidl_generator_cpp/cmake)
[0.349s] -- Using all available rosidl_typesupport_c: rosidl_typesupport_fastrtps_c;rosidl_typesupport_introspection_c
[0.375s] -- Using all available rosidl_typesupport_cpp: rosidl_typesupport_fastrtps_cpp;rosidl_typesupport_introspection_cpp
[0.623s] -- Found rmw_implementation_cmake: 6.1.2 (/opt/ros/humble/share/rmw_implementation_cmake/cmake)
[0.624s] -- Found rmw_fastrtps_cpp: 6.2.9 (/opt/ros/humble/share/rmw_fastrtps_cpp/cmake)
[0.647s] -- Found TinyXML2 via Config file: TinyXML2_DIR-NOTFOUND
[0.657s] -- Found TinyXML2 via Config file: TinyXML2_DIR-NOTFOUND
[0.675s] -- Found TinyXML2 via Config file: TinyXML2_DIR-NOTFOUND
[0.684s] -- Found TinyXML2 via Config file: TinyXML2_DIR-NOTFOUND
[0.694s] -- Using RMW implementation 'rmw_fastrtps_cpp' as default
[0.837s] -- Configuring done
[0.851s] -- Generating done
[0.856s] -- Build files have been written to: /home/openarm/ros2_ws2/build/openarm_hardware
[0.883s] [35m[1mConsolidate compiler generated dependencies of target openarm_hardware[0m
[0.900s] [ 50%] [32mBuilding CXX object CMakeFiles/openarm_hardware.dir/src/v10_simple_hardware.cpp.o[0m
[5.001s] [100%] [32m[1mLinking CXX shared library libopenarm_hardware.so[0m
[5.201s] [100%] Built target openarm_hardware
[5.212s] Invoked command in '/home/openarm/ros2_ws2/build/openarm_hardware' returned '0': CMAKE_PREFIX_PATH=/opt/ros/humble /usr/bin/cmake --build /home/openarm/ros2_ws2/build/openarm_hardware -- -j4 -l4
[5.213s] Invoking command in '/home/openarm/ros2_ws2/build/openarm_hardware': CMAKE_PREFIX_PATH=/opt/ros/humble /usr/bin/cmake --install /home/openarm/ros2_ws2/build/openarm_hardware
[5.220s] -- Install configuration: ""
[5.220s] -- Installing: /home/openarm/ros2_ws2/install/openarm_hardware/share/openarm_hardware/openarm_hardware.xml
[5.221s] -- Installing: /home/openarm/ros2_ws2/install/openarm_hardware/lib/libopenarm_hardware.so
[5.222s] -- Set runtime path of "/home/openarm/ros2_ws2/install/openarm_hardware/lib/libopenarm_hardware.so" to ""
[5.222s] -- Up-to-date: /home/openarm/ros2_ws2/install/openarm_hardware/include
[5.222s] -- Up-to-date: /home/openarm/ros2_ws2/install/openarm_hardware/include/openarm_hardware
[5.223s] -- Installing: /home/openarm/ros2_ws2/install/openarm_hardware/include/openarm_hardware/v10_simple_hardware.hpp
[5.223s] -- Installing: /home/openarm/ros2_ws2/install/openarm_hardware/include/openarm_hardware/visibility_control.h
[5.223s] -- Up-to-date: /home/openarm/ros2_ws2/install/openarm_hardware/share/openarm_hardware/environment/library_path.sh
[5.223s] -- Installing: /home/openarm/ros2_ws2/install/openarm_hardware/share/openarm_hardware/environment/library_path.dsv
[5.223s] -- Installing: /home/openarm/ros2_ws2/install/openarm_hardware/share/ament_index/resource_index/package_run_dependencies/openarm_hardware
[5.223s] -- Installing: /home/openarm/ros2_ws2/install/openarm_hardware/share/ament_index/resource_index/parent_prefix_path/openarm_hardware
[5.223s] -- Up-to-date: /home/openarm/ros2_ws2/install/openarm_hardware/share/openarm_hardware/environment/ament_prefix_path.sh
[5.223s] -- Installing: /home/openarm/ros2_ws2/install/openarm_hardware/share/openarm_hardware/environment/ament_prefix_path.dsv
[5.224s] -- Up-to-date: /home/openarm/ros2_ws2/install/openarm_hardware/share/openarm_hardware/environment/path.sh
[5.224s] -- Installing: /home/openarm/ros2_ws2/install/openarm_hardware/share/openarm_hardware/environment/path.dsv
[5.224s] -- Up-to-date: /home/openarm/ros2_ws2/install/openarm_hardware/share/openarm_hardware/local_setup.bash
[5.224s] -- Up-to-date: /home/openarm/ros2_ws2/install/openarm_hardware/share/openarm_hardware/local_setup.sh
[5.224s] -- Up-to-date: /home/openarm/ros2_ws2/install/openarm_hardware/share/openarm_hardware/local_setup.zsh
[5.224s] -- Installing: /home/openarm/ros2_ws2/install/openarm_hardware/share/openarm_hardware/local_setup.dsv
[5.224s] -- Installing: /home/openarm/ros2_ws2/install/openarm_hardware/share/openarm_hardware/package.dsv
[5.224s] -- Up-to-date: /home/openarm/ros2_ws2/install/openarm_hardware/share/ament_index/resource_index/packages/openarm_hardware
[5.225s] -- Up-to-date: /home/openarm/ros2_ws2/install/openarm_hardware/share/ament_index/resource_index/hardware_interface__pluginlib__plugin/openarm_hardware
[5.225s] -- Up-to-date: /home/openarm/ros2_ws2/install/openarm_hardware/share/openarm_hardware/cmake/ament_cmake_export_include_directories-extras.cmake
[5.225s] -- Up-to-date: /home/openarm/ros2_ws2/install/openarm_hardware/share/openarm_hardware/cmake/ament_cmake_export_libraries-extras.cmake
[5.225s] -- Installing: /home/openarm/ros2_ws2/install/openarm_hardware/share/openarm_hardware/cmake/ament_cmake_export_dependencies-extras.cmake
[5.225s] -- Installing: /home/openarm/ros2_ws2/install/openarm_hardware/share/openarm_hardware/cmake/openarm_hardwareConfig.cmake
[5.225s] -- Installing: /home/openarm/ros2_ws2/install/openarm_hardware/share/openarm_hardware/cmake/openarm_hardwareConfig-version.cmake
[5.225s] -- Installing: /home/openarm/ros2_ws2/install/openarm_hardware/share/openarm_hardware/package.xml
[5.228s] Invoked command in '/home/openarm/ros2_ws2/build/openarm_hardware' returned '0': CMAKE_PREFIX_PATH=/opt/ros/humble /usr/bin/cmake --install /home/openarm/ros2_ws2/build/openarm_hardware
