[0.055s] Invoking command in '/home/openarm/ros2_ws2/build/openarm_bimanual_moveit_config': CMAKE_PREFIX_PATH=/home/openarm/ros2_ws2/install/openarm_description:/home/openarm/ros2_ws2/install/openarm:/home/openarm/ros2_ws2/install/openarm_hardware:/home/openarm/ros2_ws2/install/openarm_bimanual_moveit_config:/home/openarm/ros2_ws2/install/openarm_bringup:/home/openarm/ros2_ws/install/openarm:/home/openarm/ros2_ws/install/openarm_hardware:/home/openarm/ros2_ws/install/openarm_bimanual_moveit_config:/home/openarm/ros2_ws/install/openarm_description:/home/openarm/ros2_ws/install/openarm_can:/home/openarm/ros2_ws/install/openarm_bringup:/home/openarm/ros2_ws/install/hello_moveit:/home/openarm/ros2_ws/install/my_arm_control:/home/openarm/ros2_ws/install/hello_moveit_py:/opt/ros/humble /usr/bin/cmake --build /home/openarm/ros2_ws2/build/openarm_bimanual_moveit_config -- -j4 -l4
[0.127s] Invoked command in '/home/openarm/ros2_ws2/build/openarm_bimanual_moveit_config' returned '0': CMAKE_PREFIX_PATH=/home/openarm/ros2_ws2/install/openarm_description:/home/openarm/ros2_ws2/install/openarm:/home/openarm/ros2_ws2/install/openarm_hardware:/home/openarm/ros2_ws2/install/openarm_bimanual_moveit_config:/home/openarm/ros2_ws2/install/openarm_bringup:/home/openarm/ros2_ws/install/openarm:/home/openarm/ros2_ws/install/openarm_hardware:/home/openarm/ros2_ws/install/openarm_bimanual_moveit_config:/home/openarm/ros2_ws/install/openarm_description:/home/openarm/ros2_ws/install/openarm_can:/home/openarm/ros2_ws/install/openarm_bringup:/home/openarm/ros2_ws/install/hello_moveit:/home/openarm/ros2_ws/install/my_arm_control:/home/openarm/ros2_ws/install/hello_moveit_py:/opt/ros/humble /usr/bin/cmake --build /home/openarm/ros2_ws2/build/openarm_bimanual_moveit_config -- -j4 -l4
[0.129s] Invoking command in '/home/openarm/ros2_ws2/build/openarm_bimanual_moveit_config': CMAKE_PREFIX_PATH=/home/openarm/ros2_ws2/install/openarm_description:/home/openarm/ros2_ws2/install/openarm:/home/openarm/ros2_ws2/install/openarm_hardware:/home/openarm/ros2_ws2/install/openarm_bimanual_moveit_config:/home/openarm/ros2_ws2/install/openarm_bringup:/home/openarm/ros2_ws/install/openarm:/home/openarm/ros2_ws/install/openarm_hardware:/home/openarm/ros2_ws/install/openarm_bimanual_moveit_config:/home/openarm/ros2_ws/install/openarm_description:/home/openarm/ros2_ws/install/openarm_can:/home/openarm/ros2_ws/install/openarm_bringup:/home/openarm/ros2_ws/install/hello_moveit:/home/openarm/ros2_ws/install/my_arm_control:/home/openarm/ros2_ws/install/hello_moveit_py:/opt/ros/humble /usr/bin/cmake --install /home/openarm/ros2_ws2/build/openarm_bimanual_moveit_config
[0.140s] -- Install configuration: ""
[0.140s] -- Up-to-date: /home/openarm/ros2_ws2/install/openarm_bimanual_moveit_config/share/ament_index/resource_index/package_run_dependencies/openarm_bimanual_moveit_config
[0.141s] -- Up-to-date: /home/openarm/ros2_ws2/install/openarm_bimanual_moveit_config/share/ament_index/resource_index/parent_prefix_path/openarm_bimanual_moveit_config
[0.142s] -- Up-to-date: /home/openarm/ros2_ws2/install/openarm_bimanual_moveit_config/share/openarm_bimanual_moveit_config/environment/ament_prefix_path.sh
[0.142s] -- Up-to-date: /home/openarm/ros2_ws2/install/openarm_bimanual_moveit_config/share/openarm_bimanual_moveit_config/environment/ament_prefix_path.dsv
[0.142s] -- Up-to-date: /home/openarm/ros2_ws2/install/openarm_bimanual_moveit_config/share/openarm_bimanual_moveit_config/environment/path.sh
[0.142s] -- Up-to-date: /home/openarm/ros2_ws2/install/openarm_bimanual_moveit_config/share/openarm_bimanual_moveit_config/environment/path.dsv
[0.142s] -- Up-to-date: /home/openarm/ros2_ws2/install/openarm_bimanual_moveit_config/share/openarm_bimanual_moveit_config/local_setup.bash
[0.143s] -- Up-to-date: /home/openarm/ros2_ws2/install/openarm_bimanual_moveit_config/share/openarm_bimanual_moveit_config/local_setup.sh
[0.143s] -- Up-to-date: /home/openarm/ros2_ws2/install/openarm_bimanual_moveit_config/share/openarm_bimanual_moveit_config/local_setup.zsh
[0.143s] -- Up-to-date: /home/openarm/ros2_ws2/install/openarm_bimanual_moveit_config/share/openarm_bimanual_moveit_config/local_setup.dsv
[0.144s] -- Installing: /home/openarm/ros2_ws2/install/openarm_bimanual_moveit_config/share/openarm_bimanual_moveit_config/package.dsv
[0.144s] -- Up-to-date: /home/openarm/ros2_ws2/install/openarm_bimanual_moveit_config/share/ament_index/resource_index/packages/openarm_bimanual_moveit_config
[0.144s] -- Up-to-date: /home/openarm/ros2_ws2/install/openarm_bimanual_moveit_config/share/openarm_bimanual_moveit_config/cmake/openarm_bimanual_moveit_configConfig.cmake
[0.144s] -- Up-to-date: /home/openarm/ros2_ws2/install/openarm_bimanual_moveit_config/share/openarm_bimanual_moveit_config/cmake/openarm_bimanual_moveit_configConfig-version.cmake
[0.144s] -- Up-to-date: /home/openarm/ros2_ws2/install/openarm_bimanual_moveit_config/share/openarm_bimanual_moveit_config/package.xml
[0.144s] -- Up-to-date: /home/openarm/ros2_ws2/install/openarm_bimanual_moveit_config/share/openarm_bimanual_moveit_config/launch
[0.144s] -- Up-to-date: /home/openarm/ros2_ws2/install/openarm_bimanual_moveit_config/share/openarm_bimanual_moveit_config/launch/move_group.launch.py
[0.144s] -- Up-to-date: /home/openarm/ros2_ws2/install/openarm_bimanual_moveit_config/share/openarm_bimanual_moveit_config/launch/setup_assistant.launch.py
[0.145s] -- Up-to-date: /home/openarm/ros2_ws2/install/openarm_bimanual_moveit_config/share/openarm_bimanual_moveit_config/launch/demo.launch.py
[0.145s] -- Up-to-date: /home/openarm/ros2_ws2/install/openarm_bimanual_moveit_config/share/openarm_bimanual_moveit_config/launch/spawn_controllers.launch.py
[0.145s] -- Up-to-date: /home/openarm/ros2_ws2/install/openarm_bimanual_moveit_config/share/openarm_bimanual_moveit_config/launch/static_virtual_joint_tfs.launch.py
[0.145s] -- Up-to-date: /home/openarm/ros2_ws2/install/openarm_bimanual_moveit_config/share/openarm_bimanual_moveit_config/launch/moveit_rviz.launch.py
[0.145s] -- Up-to-date: /home/openarm/ros2_ws2/install/openarm_bimanual_moveit_config/share/openarm_bimanual_moveit_config/config
[0.146s] -- Up-to-date: /home/openarm/ros2_ws2/install/openarm_bimanual_moveit_config/share/openarm_bimanual_moveit_config/config/openarm_bimanual.srdf
[0.146s] -- Up-to-date: /home/openarm/ros2_ws2/install/openarm_bimanual_moveit_config/share/openarm_bimanual_moveit_config/config/pilz_cartesian_limits.yaml
[0.146s] -- Up-to-date: /home/openarm/ros2_ws2/install/openarm_bimanual_moveit_config/share/openarm_bimanual_moveit_config/config/kinematics.yaml
[0.146s] -- Up-to-date: /home/openarm/ros2_ws2/install/openarm_bimanual_moveit_config/share/openarm_bimanual_moveit_config/config/sensors_3d.yaml
[0.147s] -- Up-to-date: /home/openarm/ros2_ws2/install/openarm_bimanual_moveit_config/share/openarm_bimanual_moveit_config/config/ros2_controllers.yaml
[0.149s] -- Up-to-date: /home/openarm/ros2_ws2/install/openarm_bimanual_moveit_config/share/openarm_bimanual_moveit_config/config/initial_positions.yaml
[0.150s] -- Up-to-date: /home/openarm/ros2_ws2/install/openarm_bimanual_moveit_config/share/openarm_bimanual_moveit_config/config/joint_limits.yaml
[0.151s] -- Up-to-date: /home/openarm/ros2_ws2/install/openarm_bimanual_moveit_config/share/openarm_bimanual_moveit_config/config/moveit.rviz
[0.151s] -- Up-to-date: /home/openarm/ros2_ws2/install/openarm_bimanual_moveit_config/share/openarm_bimanual_moveit_config/config/openarm_bimanual.urdf.xacro
[0.151s] -- Up-to-date: /home/openarm/ros2_ws2/install/openarm_bimanual_moveit_config/share/openarm_bimanual_moveit_config/config/moveit_controllers.yaml
[0.151s] -- Up-to-date: /home/openarm/ros2_ws2/install/openarm_bimanual_moveit_config/share/openarm_bimanual_moveit_config/.setup_assistant
[0.151s] Invoked command in '/home/openarm/ros2_ws2/build/openarm_bimanual_moveit_config' returned '0': CMAKE_PREFIX_PATH=/home/openarm/ros2_ws2/install/openarm_description:/home/openarm/ros2_ws2/install/openarm:/home/openarm/ros2_ws2/install/openarm_hardware:/home/openarm/ros2_ws2/install/openarm_bimanual_moveit_config:/home/openarm/ros2_ws2/install/openarm_bringup:/home/openarm/ros2_ws/install/openarm:/home/openarm/ros2_ws/install/openarm_hardware:/home/openarm/ros2_ws/install/openarm_bimanual_moveit_config:/home/openarm/ros2_ws/install/openarm_description:/home/openarm/ros2_ws/install/openarm_can:/home/openarm/ros2_ws/install/openarm_bringup:/home/openarm/ros2_ws/install/hello_moveit:/home/openarm/ros2_ws/install/my_arm_control:/home/openarm/ros2_ws/install/hello_moveit_py:/opt/ros/humble /usr/bin/cmake --install /home/openarm/ros2_ws2/build/openarm_bimanual_moveit_config
