[0.034s] Invoking command in '/home/openarm/ros2_ws2/build/openarm_bringup': CMAKE_PREFIX_PATH=${CMAKE_PREFIX_PATH}:/home/openarm/ros2_ws/install/my_arm_control:/home/openarm/ros2_ws/install/hello_moveit_py:/opt/ros/humble /usr/bin/cmake --build /home/openarm/ros2_ws2/build/openarm_bringup -- -j4 -l4
[0.110s] Invoked command in '/home/openarm/ros2_ws2/build/openarm_bringup' returned '0': CMAKE_PREFIX_PATH=${CMAKE_PREFIX_PATH}:/home/openarm/ros2_ws/install/my_arm_control:/home/openarm/ros2_ws/install/hello_moveit_py:/opt/ros/humble /usr/bin/cmake --build /home/openarm/ros2_ws2/build/openarm_bringup -- -j4 -l4
[0.125s] Invoking command in '/home/openarm/ros2_ws2/build/openarm_bringup': CMAKE_PREFIX_PATH=${CMAKE_PREFIX_PATH}:/home/openarm/ros2_ws/install/my_arm_control:/home/openarm/ros2_ws/install/hello_moveit_py:/opt/ros/humble /usr/bin/cmake --install /home/openarm/ros2_ws2/build/openarm_bringup
[0.226s] -- Install configuration: ""
[0.226s] -- Up-to-date: /home/openarm/ros2_ws2/install/openarm_bringup/share/openarm_bringup/launch
[0.226s] -- Up-to-date: /home/openarm/ros2_ws2/install/openarm_bringup/share/openarm_bringup/launch/openarm.bimanual.launch.py
[0.227s] -- Up-to-date: /home/openarm/ros2_ws2/install/openarm_bringup/share/openarm_bringup/launch/openarm.launch.py
[0.227s] -- Up-to-date: /home/openarm/ros2_ws2/install/openarm_bringup/share/openarm_bringup/config
[0.227s] -- Up-to-date: /home/openarm/ros2_ws2/install/openarm_bringup/share/openarm_bringup/config/v10_controllers
[0.227s] -- Up-to-date: /home/openarm/ros2_ws2/install/openarm_bringup/share/openarm_bringup/config/v10_controllers/openarm_v10_controllers.yaml
[0.227s] -- Up-to-date: /home/openarm/ros2_ws2/install/openarm_bringup/share/openarm_bringup/config/v10_controllers/openarm_v10_bimanual_controllers_namespaced.yaml
[0.227s] -- Up-to-date: /home/openarm/ros2_ws2/install/openarm_bringup/share/openarm_bringup/config/v10_controllers/openarm_v10_bimanual_controllers.yaml
[0.228s] -- Up-to-date: /home/openarm/ros2_ws2/install/openarm_bringup/share/ament_index/resource_index/package_run_dependencies/openarm_bringup
[0.228s] -- Up-to-date: /home/openarm/ros2_ws2/install/openarm_bringup/share/ament_index/resource_index/parent_prefix_path/openarm_bringup
[0.228s] -- Up-to-date: /home/openarm/ros2_ws2/install/openarm_bringup/share/openarm_bringup/environment/ament_prefix_path.sh
[0.228s] -- Up-to-date: /home/openarm/ros2_ws2/install/openarm_bringup/share/openarm_bringup/environment/ament_prefix_path.dsv
[0.231s] -- Up-to-date: /home/openarm/ros2_ws2/install/openarm_bringup/share/openarm_bringup/environment/path.sh
[0.231s] -- Up-to-date: /home/openarm/ros2_ws2/install/openarm_bringup/share/openarm_bringup/environment/path.dsv
[0.231s] -- Up-to-date: /home/openarm/ros2_ws2/install/openarm_bringup/share/openarm_bringup/local_setup.bash
[0.231s] -- Up-to-date: /home/openarm/ros2_ws2/install/openarm_bringup/share/openarm_bringup/local_setup.sh
[0.232s] -- Up-to-date: /home/openarm/ros2_ws2/install/openarm_bringup/share/openarm_bringup/local_setup.zsh
[0.232s] -- Up-to-date: /home/openarm/ros2_ws2/install/openarm_bringup/share/openarm_bringup/local_setup.dsv
[0.232s] -- Installing: /home/openarm/ros2_ws2/install/openarm_bringup/share/openarm_bringup/package.dsv
[0.232s] -- Up-to-date: /home/openarm/ros2_ws2/install/openarm_bringup/share/ament_index/resource_index/packages/openarm_bringup
[0.232s] -- Up-to-date: /home/openarm/ros2_ws2/install/openarm_bringup/share/openarm_bringup/cmake/openarm_bringupConfig.cmake
[0.232s] -- Up-to-date: /home/openarm/ros2_ws2/install/openarm_bringup/share/openarm_bringup/cmake/openarm_bringupConfig-version.cmake
[0.233s] -- Up-to-date: /home/openarm/ros2_ws2/install/openarm_bringup/share/openarm_bringup/package.xml
[0.253s] Invoked command in '/home/openarm/ros2_ws2/build/openarm_bringup' returned '0': CMAKE_PREFIX_PATH=${CMAKE_PREFIX_PATH}:/home/openarm/ros2_ws/install/my_arm_control:/home/openarm/ros2_ws/install/hello_moveit_py:/opt/ros/humble /usr/bin/cmake --install /home/openarm/ros2_ws2/build/openarm_bringup
