[0.120s] DEBUG:colcon:Command line arguments: ['/usr/bin/colcon', 'build']
[0.120s] DEBUG:colcon:Parsed command line arguments: Namespace(log_base=None, log_level=None, verb_name='build', build_base='build', install_base='install', merge_install=False, symlink_install=False, test_result_base=None, continue_on_error=False, executor='parallel', parallel_workers=4, event_handlers=None, ignore_user_meta=False, metas=['./colcon.meta'], base_paths=['.'], packages_ignore=None, packages_ignore_regex=None, paths=None, packages_up_to=None, packages_up_to_regex=None, packages_above=None, packages_above_and_dependencies=None, packages_above_depth=None, packages_select_by_dep=None, packages_skip_by_dep=None, packages_skip_up_to=None, packages_select_build_failed=False, packages_skip_build_finished=False, packages_select_test_failures=False, packages_skip_test_passed=False, packages_select=None, packages_skip=None, packages_select_regex=None, packages_skip_regex=None, packages_start=None, packages_end=None, allow_overriding=[], cmake_args=None, cmake_target=None, cmake_target_skip_unavailable=False, cmake_clean_cache=False, cmake_clean_first=False, cmake_force_configure=False, ament_cmake_args=None, catkin_cmake_args=None, catkin_skip_building_tests=False, mixin_files=None, mixin=None, verb_parser=<colcon_mixin.mixin.mixin_argument.MixinArgumentDecorator object at 0x7fea52055ae0>, verb_extension=<colcon_core.verb.build.BuildVerb object at 0x7fea5214f0a0>, main=<bound method BuildVerb.main of <colcon_core.verb.build.BuildVerb object at 0x7fea5214f0a0>>, mixin_verb=('build',))
[0.283s] Level 1:colcon.colcon_core.package_discovery:discover_packages(colcon_meta) check parameters
[0.283s] Level 1:colcon.colcon_core.package_discovery:discover_packages(recursive) check parameters
[0.283s] Level 1:colcon.colcon_core.package_discovery:discover_packages(ignore) check parameters
[0.283s] Level 1:colcon.colcon_core.package_discovery:discover_packages(path) check parameters
[0.283s] Level 1:colcon.colcon_core.package_discovery:discover_packages(colcon_meta) discover
[0.284s] Level 1:colcon.colcon_core.package_discovery:discover_packages(recursive) discover
[0.284s] INFO:colcon.colcon_core.package_discovery:Crawling recursively for packages in '/home/openarm/ros2_ws2'
[0.284s] Level 1:colcon.colcon_core.package_identification:_identify(.) by extensions ['ignore', 'ignore_ament_install']
[0.284s] Level 1:colcon.colcon_core.package_identification:_identify(.) by extension 'ignore'
[0.284s] Level 1:colcon.colcon_core.package_identification:_identify(.) by extension 'ignore_ament_install'
[0.284s] Level 1:colcon.colcon_core.package_identification:_identify(.) by extensions ['colcon_pkg']
[0.284s] Level 1:colcon.colcon_core.package_identification:_identify(.) by extension 'colcon_pkg'
[0.284s] Level 1:colcon.colcon_core.package_identification:_identify(.) by extensions ['colcon_meta']
[0.284s] Level 1:colcon.colcon_core.package_identification:_identify(.) by extension 'colcon_meta'
[0.284s] Level 1:colcon.colcon_core.package_identification:_identify(.) by extensions ['ros']
[0.284s] Level 1:colcon.colcon_core.package_identification:_identify(.) by extension 'ros'
[0.294s] Level 1:colcon.colcon_core.package_identification:_identify(.) by extensions ['cmake', 'python']
[0.294s] Level 1:colcon.colcon_core.package_identification:_identify(.) by extension 'cmake'
[0.294s] Level 1:colcon.colcon_core.package_identification:_identify(.) by extension 'python'
[0.294s] Level 1:colcon.colcon_core.package_identification:_identify(.) by extensions ['python_setup_py']
[0.294s] Level 1:colcon.colcon_core.package_identification:_identify(.) by extension 'python_setup_py'
[0.294s] Level 1:colcon.colcon_core.package_identification:_identify(build) by extensions ['ignore', 'ignore_ament_install']
[0.294s] Level 1:colcon.colcon_core.package_identification:_identify(build) by extension 'ignore'
[0.294s] Level 1:colcon.colcon_core.package_identification:_identify(build) ignored
[0.295s] Level 1:colcon.colcon_core.package_identification:_identify(install) by extensions ['ignore', 'ignore_ament_install']
[0.295s] Level 1:colcon.colcon_core.package_identification:_identify(install) by extension 'ignore'
[0.295s] Level 1:colcon.colcon_core.package_identification:_identify(install) ignored
[0.295s] Level 1:colcon.colcon_core.package_identification:_identify(log) by extensions ['ignore', 'ignore_ament_install']
[0.295s] Level 1:colcon.colcon_core.package_identification:_identify(log) by extension 'ignore'
[0.295s] Level 1:colcon.colcon_core.package_identification:_identify(log) ignored
[0.295s] Level 1:colcon.colcon_core.package_identification:_identify(src) by extensions ['ignore', 'ignore_ament_install']
[0.295s] Level 1:colcon.colcon_core.package_identification:_identify(src) by extension 'ignore'
[0.295s] Level 1:colcon.colcon_core.package_identification:_identify(src) by extension 'ignore_ament_install'
[0.295s] Level 1:colcon.colcon_core.package_identification:_identify(src) by extensions ['colcon_pkg']
[0.295s] Level 1:colcon.colcon_core.package_identification:_identify(src) by extension 'colcon_pkg'
[0.295s] Level 1:colcon.colcon_core.package_identification:_identify(src) by extensions ['colcon_meta']
[0.295s] Level 1:colcon.colcon_core.package_identification:_identify(src) by extension 'colcon_meta'
[0.295s] Level 1:colcon.colcon_core.package_identification:_identify(src) by extensions ['ros']
[0.295s] Level 1:colcon.colcon_core.package_identification:_identify(src) by extension 'ros'
[0.295s] Level 1:colcon.colcon_core.package_identification:_identify(src) by extensions ['cmake', 'python']
[0.295s] Level 1:colcon.colcon_core.package_identification:_identify(src) by extension 'cmake'
[0.295s] Level 1:colcon.colcon_core.package_identification:_identify(src) by extension 'python'
[0.295s] Level 1:colcon.colcon_core.package_identification:_identify(src) by extensions ['python_setup_py']
[0.296s] Level 1:colcon.colcon_core.package_identification:_identify(src) by extension 'python_setup_py'
[0.296s] Level 1:colcon.colcon_core.package_identification:_identify(src/openarm_description) by extensions ['ignore', 'ignore_ament_install']
[0.296s] Level 1:colcon.colcon_core.package_identification:_identify(src/openarm_description) by extension 'ignore'
[0.296s] Level 1:colcon.colcon_core.package_identification:_identify(src/openarm_description) by extension 'ignore_ament_install'
[0.296s] Level 1:colcon.colcon_core.package_identification:_identify(src/openarm_description) by extensions ['colcon_pkg']
[0.296s] Level 1:colcon.colcon_core.package_identification:_identify(src/openarm_description) by extension 'colcon_pkg'
[0.296s] Level 1:colcon.colcon_core.package_identification:_identify(src/openarm_description) by extensions ['colcon_meta']
[0.296s] Level 1:colcon.colcon_core.package_identification:_identify(src/openarm_description) by extension 'colcon_meta'
[0.296s] Level 1:colcon.colcon_core.package_identification:_identify(src/openarm_description) by extensions ['ros']
[0.296s] Level 1:colcon.colcon_core.package_identification:_identify(src/openarm_description) by extension 'ros'
[0.298s] DEBUG:colcon.colcon_core.package_identification:Package 'src/openarm_description' with type 'ros.ament_cmake' and name 'openarm_description'
[0.298s] Level 1:colcon.colcon_core.package_identification:_identify(src/openarm_ros2) by extensions ['ignore', 'ignore_ament_install']
[0.299s] Level 1:colcon.colcon_core.package_identification:_identify(src/openarm_ros2) by extension 'ignore'
[0.299s] Level 1:colcon.colcon_core.package_identification:_identify(src/openarm_ros2) by extension 'ignore_ament_install'
[0.299s] Level 1:colcon.colcon_core.package_identification:_identify(src/openarm_ros2) by extensions ['colcon_pkg']
[0.299s] Level 1:colcon.colcon_core.package_identification:_identify(src/openarm_ros2) by extension 'colcon_pkg'
[0.299s] Level 1:colcon.colcon_core.package_identification:_identify(src/openarm_ros2) by extensions ['colcon_meta']
[0.299s] Level 1:colcon.colcon_core.package_identification:_identify(src/openarm_ros2) by extension 'colcon_meta'
[0.299s] Level 1:colcon.colcon_core.package_identification:_identify(src/openarm_ros2) by extensions ['ros']
[0.299s] Level 1:colcon.colcon_core.package_identification:_identify(src/openarm_ros2) by extension 'ros'
[0.299s] Level 1:colcon.colcon_core.package_identification:_identify(src/openarm_ros2) by extensions ['cmake', 'python']
[0.299s] Level 1:colcon.colcon_core.package_identification:_identify(src/openarm_ros2) by extension 'cmake'
[0.299s] Level 1:colcon.colcon_core.package_identification:_identify(src/openarm_ros2) by extension 'python'
[0.299s] Level 1:colcon.colcon_core.package_identification:_identify(src/openarm_ros2) by extensions ['python_setup_py']
[0.299s] Level 1:colcon.colcon_core.package_identification:_identify(src/openarm_ros2) by extension 'python_setup_py'
[0.299s] Level 1:colcon.colcon_core.package_identification:_identify(src/openarm_ros2/dev) by extensions ['ignore', 'ignore_ament_install']
[0.299s] Level 1:colcon.colcon_core.package_identification:_identify(src/openarm_ros2/dev) by extension 'ignore'
[0.299s] Level 1:colcon.colcon_core.package_identification:_identify(src/openarm_ros2/dev) by extension 'ignore_ament_install'
[0.299s] Level 1:colcon.colcon_core.package_identification:_identify(src/openarm_ros2/dev) by extensions ['colcon_pkg']
[0.299s] Level 1:colcon.colcon_core.package_identification:_identify(src/openarm_ros2/dev) by extension 'colcon_pkg'
[0.299s] Level 1:colcon.colcon_core.package_identification:_identify(src/openarm_ros2/dev) by extensions ['colcon_meta']
[0.299s] Level 1:colcon.colcon_core.package_identification:_identify(src/openarm_ros2/dev) by extension 'colcon_meta'
[0.299s] Level 1:colcon.colcon_core.package_identification:_identify(src/openarm_ros2/dev) by extensions ['ros']
[0.300s] Level 1:colcon.colcon_core.package_identification:_identify(src/openarm_ros2/dev) by extension 'ros'
[0.300s] Level 1:colcon.colcon_core.package_identification:_identify(src/openarm_ros2/dev) by extensions ['cmake', 'python']
[0.300s] Level 1:colcon.colcon_core.package_identification:_identify(src/openarm_ros2/dev) by extension 'cmake'
[0.300s] Level 1:colcon.colcon_core.package_identification:_identify(src/openarm_ros2/dev) by extension 'python'
[0.300s] Level 1:colcon.colcon_core.package_identification:_identify(src/openarm_ros2/dev) by extensions ['python_setup_py']
[0.300s] Level 1:colcon.colcon_core.package_identification:_identify(src/openarm_ros2/dev) by extension 'python_setup_py'
[0.300s] Level 1:colcon.colcon_core.package_identification:_identify(src/openarm_ros2/openarm) by extensions ['ignore', 'ignore_ament_install']
[0.300s] Level 1:colcon.colcon_core.package_identification:_identify(src/openarm_ros2/openarm) by extension 'ignore'
[0.300s] Level 1:colcon.colcon_core.package_identification:_identify(src/openarm_ros2/openarm) by extension 'ignore_ament_install'
[0.300s] Level 1:colcon.colcon_core.package_identification:_identify(src/openarm_ros2/openarm) by extensions ['colcon_pkg']
[0.300s] Level 1:colcon.colcon_core.package_identification:_identify(src/openarm_ros2/openarm) by extension 'colcon_pkg'
[0.300s] Level 1:colcon.colcon_core.package_identification:_identify(src/openarm_ros2/openarm) by extensions ['colcon_meta']
[0.300s] Level 1:colcon.colcon_core.package_identification:_identify(src/openarm_ros2/openarm) by extension 'colcon_meta'
[0.300s] Level 1:colcon.colcon_core.package_identification:_identify(src/openarm_ros2/openarm) by extensions ['ros']
[0.300s] Level 1:colcon.colcon_core.package_identification:_identify(src/openarm_ros2/openarm) by extension 'ros'
[0.301s] DEBUG:colcon.colcon_core.package_identification:Package 'src/openarm_ros2/openarm' with type 'ros.ament_cmake' and name 'openarm'
[0.301s] Level 1:colcon.colcon_core.package_identification:_identify(src/openarm_ros2/openarm_bimanual_moveit_config) by extensions ['ignore', 'ignore_ament_install']
[0.301s] Level 1:colcon.colcon_core.package_identification:_identify(src/openarm_ros2/openarm_bimanual_moveit_config) by extension 'ignore'
[0.301s] Level 1:colcon.colcon_core.package_identification:_identify(src/openarm_ros2/openarm_bimanual_moveit_config) by extension 'ignore_ament_install'
[0.301s] Level 1:colcon.colcon_core.package_identification:_identify(src/openarm_ros2/openarm_bimanual_moveit_config) by extensions ['colcon_pkg']
[0.301s] Level 1:colcon.colcon_core.package_identification:_identify(src/openarm_ros2/openarm_bimanual_moveit_config) by extension 'colcon_pkg'
[0.301s] Level 1:colcon.colcon_core.package_identification:_identify(src/openarm_ros2/openarm_bimanual_moveit_config) by extensions ['colcon_meta']
[0.301s] Level 1:colcon.colcon_core.package_identification:_identify(src/openarm_ros2/openarm_bimanual_moveit_config) by extension 'colcon_meta'
[0.301s] Level 1:colcon.colcon_core.package_identification:_identify(src/openarm_ros2/openarm_bimanual_moveit_config) by extensions ['ros']
[0.301s] Level 1:colcon.colcon_core.package_identification:_identify(src/openarm_ros2/openarm_bimanual_moveit_config) by extension 'ros'
[0.302s] DEBUG:colcon.colcon_core.package_identification:Package 'src/openarm_ros2/openarm_bimanual_moveit_config' with type 'ros.ament_cmake' and name 'openarm_bimanual_moveit_config'
[0.302s] Level 1:colcon.colcon_core.package_identification:_identify(src/openarm_ros2/openarm_bringup) by extensions ['ignore', 'ignore_ament_install']
[0.302s] Level 1:colcon.colcon_core.package_identification:_identify(src/openarm_ros2/openarm_bringup) by extension 'ignore'
[0.302s] Level 1:colcon.colcon_core.package_identification:_identify(src/openarm_ros2/openarm_bringup) by extension 'ignore_ament_install'
[0.302s] Level 1:colcon.colcon_core.package_identification:_identify(src/openarm_ros2/openarm_bringup) by extensions ['colcon_pkg']
[0.302s] Level 1:colcon.colcon_core.package_identification:_identify(src/openarm_ros2/openarm_bringup) by extension 'colcon_pkg'
[0.302s] Level 1:colcon.colcon_core.package_identification:_identify(src/openarm_ros2/openarm_bringup) by extensions ['colcon_meta']
[0.302s] Level 1:colcon.colcon_core.package_identification:_identify(src/openarm_ros2/openarm_bringup) by extension 'colcon_meta'
[0.302s] Level 1:colcon.colcon_core.package_identification:_identify(src/openarm_ros2/openarm_bringup) by extensions ['ros']
[0.302s] Level 1:colcon.colcon_core.package_identification:_identify(src/openarm_ros2/openarm_bringup) by extension 'ros'
[0.303s] DEBUG:colcon.colcon_core.package_identification:Package 'src/openarm_ros2/openarm_bringup' with type 'ros.ament_cmake' and name 'openarm_bringup'
[0.303s] Level 1:colcon.colcon_core.package_identification:_identify(src/openarm_ros2/openarm_hardware) by extensions ['ignore', 'ignore_ament_install']
[0.303s] Level 1:colcon.colcon_core.package_identification:_identify(src/openarm_ros2/openarm_hardware) by extension 'ignore'
[0.303s] Level 1:colcon.colcon_core.package_identification:_identify(src/openarm_ros2/openarm_hardware) by extension 'ignore_ament_install'
[0.303s] Level 1:colcon.colcon_core.package_identification:_identify(src/openarm_ros2/openarm_hardware) by extensions ['colcon_pkg']
[0.303s] Level 1:colcon.colcon_core.package_identification:_identify(src/openarm_ros2/openarm_hardware) by extension 'colcon_pkg'
[0.303s] Level 1:colcon.colcon_core.package_identification:_identify(src/openarm_ros2/openarm_hardware) by extensions ['colcon_meta']
[0.303s] Level 1:colcon.colcon_core.package_identification:_identify(src/openarm_ros2/openarm_hardware) by extension 'colcon_meta'
[0.303s] Level 1:colcon.colcon_core.package_identification:_identify(src/openarm_ros2/openarm_hardware) by extensions ['ros']
[0.303s] Level 1:colcon.colcon_core.package_identification:_identify(src/openarm_ros2/openarm_hardware) by extension 'ros'
[0.304s] DEBUG:colcon.colcon_core.package_identification:Package 'src/openarm_ros2/openarm_hardware' with type 'ros.ament_cmake' and name 'openarm_hardware'
[0.304s] Level 1:colcon.colcon_core.package_discovery:discover_packages(recursive) using defaults
[0.304s] Level 1:colcon.colcon_core.package_discovery:discover_packages(ignore) discover
[0.304s] Level 1:colcon.colcon_core.package_discovery:discover_packages(ignore) using defaults
[0.304s] Level 1:colcon.colcon_core.package_discovery:discover_packages(path) discover
[0.304s] Level 1:colcon.colcon_core.package_discovery:discover_packages(path) using defaults
[0.334s] Level 1:colcon.colcon_core.package_discovery:discover_packages(prefix_path) check parameters
[0.334s] Level 1:colcon.colcon_core.package_discovery:discover_packages(prefix_path) discover
[0.335s] DEBUG:colcon.colcon_installed_package_information.package_discovery:Found 1 installed packages in /home/openarm/ros2_ws2/install
[0.337s] DEBUG:colcon.colcon_installed_package_information.package_discovery:Found 374 installed packages in /opt/ros/humble
[0.338s] Level 1:colcon.colcon_core.package_discovery:discover_packages(prefix_path) using defaults
[0.385s] Level 5:colcon.colcon_core.verb:set package 'openarm_bringup' build argument 'cmake_args' from command line to 'None'
[0.385s] Level 5:colcon.colcon_core.verb:set package 'openarm_bringup' build argument 'cmake_target' from command line to 'None'
[0.385s] Level 5:colcon.colcon_core.verb:set package 'openarm_bringup' build argument 'cmake_target_skip_unavailable' from command line to 'False'
[0.385s] Level 5:colcon.colcon_core.verb:set package 'openarm_bringup' build argument 'cmake_clean_cache' from command line to 'False'
[0.385s] Level 5:colcon.colcon_core.verb:set package 'openarm_bringup' build argument 'cmake_clean_first' from command line to 'False'
[0.385s] Level 5:colcon.colcon_core.verb:set package 'openarm_bringup' build argument 'cmake_force_configure' from command line to 'False'
[0.385s] Level 5:colcon.colcon_core.verb:set package 'openarm_bringup' build argument 'ament_cmake_args' from command line to 'None'
[0.385s] Level 5:colcon.colcon_core.verb:set package 'openarm_bringup' build argument 'catkin_cmake_args' from command line to 'None'
[0.385s] Level 5:colcon.colcon_core.verb:set package 'openarm_bringup' build argument 'catkin_skip_building_tests' from command line to 'False'
[0.385s] DEBUG:colcon.colcon_core.verb:Building package 'openarm_bringup' with the following arguments: {'ament_cmake_args': None, 'build_base': '/home/openarm/ros2_ws2/build/openarm_bringup', 'catkin_cmake_args': None, 'catkin_skip_building_tests': False, 'cmake_args': None, 'cmake_clean_cache': False, 'cmake_clean_first': False, 'cmake_force_configure': False, 'cmake_target': None, 'cmake_target_skip_unavailable': False, 'install_base': '/home/openarm/ros2_ws2/install/openarm_bringup', 'merge_install': False, 'path': '/home/openarm/ros2_ws2/src/openarm_ros2/openarm_bringup', 'symlink_install': False, 'test_result_base': None}
[0.385s] Level 5:colcon.colcon_core.verb:set package 'openarm_description' build argument 'cmake_args' from command line to 'None'
[0.385s] Level 5:colcon.colcon_core.verb:set package 'openarm_description' build argument 'cmake_target' from command line to 'None'
[0.385s] Level 5:colcon.colcon_core.verb:set package 'openarm_description' build argument 'cmake_target_skip_unavailable' from command line to 'False'
[0.385s] Level 5:colcon.colcon_core.verb:set package 'openarm_description' build argument 'cmake_clean_cache' from command line to 'False'
[0.385s] Level 5:colcon.colcon_core.verb:set package 'openarm_description' build argument 'cmake_clean_first' from command line to 'False'
[0.385s] Level 5:colcon.colcon_core.verb:set package 'openarm_description' build argument 'cmake_force_configure' from command line to 'False'
[0.385s] Level 5:colcon.colcon_core.verb:set package 'openarm_description' build argument 'ament_cmake_args' from command line to 'None'
[0.385s] Level 5:colcon.colcon_core.verb:set package 'openarm_description' build argument 'catkin_cmake_args' from command line to 'None'
[0.385s] Level 5:colcon.colcon_core.verb:set package 'openarm_description' build argument 'catkin_skip_building_tests' from command line to 'False'
[0.386s] DEBUG:colcon.colcon_core.verb:Building package 'openarm_description' with the following arguments: {'ament_cmake_args': None, 'build_base': '/home/openarm/ros2_ws2/build/openarm_description', 'catkin_cmake_args': None, 'catkin_skip_building_tests': False, 'cmake_args': None, 'cmake_clean_cache': False, 'cmake_clean_first': False, 'cmake_force_configure': False, 'cmake_target': None, 'cmake_target_skip_unavailable': False, 'install_base': '/home/openarm/ros2_ws2/install/openarm_description', 'merge_install': False, 'path': '/home/openarm/ros2_ws2/src/openarm_description', 'symlink_install': False, 'test_result_base': None}
[0.386s] Level 5:colcon.colcon_core.verb:set package 'openarm_hardware' build argument 'cmake_args' from command line to 'None'
[0.386s] Level 5:colcon.colcon_core.verb:set package 'openarm_hardware' build argument 'cmake_target' from command line to 'None'
[0.386s] Level 5:colcon.colcon_core.verb:set package 'openarm_hardware' build argument 'cmake_target_skip_unavailable' from command line to 'False'
[0.386s] Level 5:colcon.colcon_core.verb:set package 'openarm_hardware' build argument 'cmake_clean_cache' from command line to 'False'
[0.386s] Level 5:colcon.colcon_core.verb:set package 'openarm_hardware' build argument 'cmake_clean_first' from command line to 'False'
[0.386s] Level 5:colcon.colcon_core.verb:set package 'openarm_hardware' build argument 'cmake_force_configure' from command line to 'False'
[0.386s] Level 5:colcon.colcon_core.verb:set package 'openarm_hardware' build argument 'ament_cmake_args' from command line to 'None'
[0.386s] Level 5:colcon.colcon_core.verb:set package 'openarm_hardware' build argument 'catkin_cmake_args' from command line to 'None'
[0.386s] Level 5:colcon.colcon_core.verb:set package 'openarm_hardware' build argument 'catkin_skip_building_tests' from command line to 'False'
[0.386s] DEBUG:colcon.colcon_core.verb:Building package 'openarm_hardware' with the following arguments: {'ament_cmake_args': None, 'build_base': '/home/openarm/ros2_ws2/build/openarm_hardware', 'catkin_cmake_args': None, 'catkin_skip_building_tests': False, 'cmake_args': None, 'cmake_clean_cache': False, 'cmake_clean_first': False, 'cmake_force_configure': False, 'cmake_target': None, 'cmake_target_skip_unavailable': False, 'install_base': '/home/openarm/ros2_ws2/install/openarm_hardware', 'merge_install': False, 'path': '/home/openarm/ros2_ws2/src/openarm_ros2/openarm_hardware', 'symlink_install': False, 'test_result_base': None}
[0.386s] Level 5:colcon.colcon_core.verb:set package 'openarm' build argument 'cmake_args' from command line to 'None'
[0.386s] Level 5:colcon.colcon_core.verb:set package 'openarm' build argument 'cmake_target' from command line to 'None'
[0.386s] Level 5:colcon.colcon_core.verb:set package 'openarm' build argument 'cmake_target_skip_unavailable' from command line to 'False'
[0.386s] Level 5:colcon.colcon_core.verb:set package 'openarm' build argument 'cmake_clean_cache' from command line to 'False'
[0.386s] Level 5:colcon.colcon_core.verb:set package 'openarm' build argument 'cmake_clean_first' from command line to 'False'
[0.387s] Level 5:colcon.colcon_core.verb:set package 'openarm' build argument 'cmake_force_configure' from command line to 'False'
[0.387s] Level 5:colcon.colcon_core.verb:set package 'openarm' build argument 'ament_cmake_args' from command line to 'None'
[0.387s] Level 5:colcon.colcon_core.verb:set package 'openarm' build argument 'catkin_cmake_args' from command line to 'None'
[0.387s] Level 5:colcon.colcon_core.verb:set package 'openarm' build argument 'catkin_skip_building_tests' from command line to 'False'
[0.387s] DEBUG:colcon.colcon_core.verb:Building package 'openarm' with the following arguments: {'ament_cmake_args': None, 'build_base': '/home/openarm/ros2_ws2/build/openarm', 'catkin_cmake_args': None, 'catkin_skip_building_tests': False, 'cmake_args': None, 'cmake_clean_cache': False, 'cmake_clean_first': False, 'cmake_force_configure': False, 'cmake_target': None, 'cmake_target_skip_unavailable': False, 'install_base': '/home/openarm/ros2_ws2/install/openarm', 'merge_install': False, 'path': '/home/openarm/ros2_ws2/src/openarm_ros2/openarm', 'symlink_install': False, 'test_result_base': None}
[0.387s] Level 5:colcon.colcon_core.verb:set package 'openarm_bimanual_moveit_config' build argument 'cmake_args' from command line to 'None'
[0.387s] Level 5:colcon.colcon_core.verb:set package 'openarm_bimanual_moveit_config' build argument 'cmake_target' from command line to 'None'
[0.387s] Level 5:colcon.colcon_core.verb:set package 'openarm_bimanual_moveit_config' build argument 'cmake_target_skip_unavailable' from command line to 'False'
[0.387s] Level 5:colcon.colcon_core.verb:set package 'openarm_bimanual_moveit_config' build argument 'cmake_clean_cache' from command line to 'False'
[0.387s] Level 5:colcon.colcon_core.verb:set package 'openarm_bimanual_moveit_config' build argument 'cmake_clean_first' from command line to 'False'
[0.387s] Level 5:colcon.colcon_core.verb:set package 'openarm_bimanual_moveit_config' build argument 'cmake_force_configure' from command line to 'False'
[0.387s] Level 5:colcon.colcon_core.verb:set package 'openarm_bimanual_moveit_config' build argument 'ament_cmake_args' from command line to 'None'
[0.387s] Level 5:colcon.colcon_core.verb:set package 'openarm_bimanual_moveit_config' build argument 'catkin_cmake_args' from command line to 'None'
[0.387s] Level 5:colcon.colcon_core.verb:set package 'openarm_bimanual_moveit_config' build argument 'catkin_skip_building_tests' from command line to 'False'
[0.387s] DEBUG:colcon.colcon_core.verb:Building package 'openarm_bimanual_moveit_config' with the following arguments: {'ament_cmake_args': None, 'build_base': '/home/openarm/ros2_ws2/build/openarm_bimanual_moveit_config', 'catkin_cmake_args': None, 'catkin_skip_building_tests': False, 'cmake_args': None, 'cmake_clean_cache': False, 'cmake_clean_first': False, 'cmake_force_configure': False, 'cmake_target': None, 'cmake_target_skip_unavailable': False, 'install_base': '/home/openarm/ros2_ws2/install/openarm_bimanual_moveit_config', 'merge_install': False, 'path': '/home/openarm/ros2_ws2/src/openarm_ros2/openarm_bimanual_moveit_config', 'symlink_install': False, 'test_result_base': None}
[0.387s] INFO:colcon.colcon_core.executor:Executing jobs using 'parallel' executor
[0.388s] DEBUG:colcon.colcon_parallel_executor.executor.parallel:run_until_complete
[0.388s] INFO:colcon.colcon_ros.task.ament_cmake.build:Building ROS package in '/home/openarm/ros2_ws2/src/openarm_description' with build type 'ament_cmake'
[0.389s] INFO:colcon.colcon_cmake.task.cmake.build:Building CMake package in '/home/openarm/ros2_ws2/src/openarm_description'
[0.391s] INFO:colcon.colcon_core.plugin_system:Skipping extension 'colcon_core.shell.bat': Not used on non-Windows systems
[0.391s] INFO:colcon.colcon_core.shell:Skip shell extension 'powershell' for command environment: Not usable outside of PowerShell
[0.391s] DEBUG:colcon.colcon_core.shell:Skip shell extension 'dsv' for command environment
[0.394s] INFO:colcon.colcon_ros.task.ament_cmake.build:Building ROS package in '/home/openarm/ros2_ws2/src/openarm_ros2/openarm_bringup' with build type 'ament_cmake'
[0.394s] INFO:colcon.colcon_cmake.task.cmake.build:Building CMake package in '/home/openarm/ros2_ws2/src/openarm_ros2/openarm_bringup'
[0.395s] INFO:colcon.colcon_core.shell:Skip shell extension 'powershell' for command environment: Not usable outside of PowerShell
[0.395s] DEBUG:colcon.colcon_core.shell:Skip shell extension 'dsv' for command environment
[0.398s] INFO:colcon.colcon_ros.task.ament_cmake.build:Building ROS package in '/home/openarm/ros2_ws2/src/openarm_ros2/openarm_hardware' with build type 'ament_cmake'
[0.398s] INFO:colcon.colcon_cmake.task.cmake.build:Building CMake package in '/home/openarm/ros2_ws2/src/openarm_ros2/openarm_hardware'
[0.398s] INFO:colcon.colcon_core.shell:Skip shell extension 'powershell' for command environment: Not usable outside of PowerShell
[0.398s] DEBUG:colcon.colcon_core.shell:Skip shell extension 'dsv' for command environment
[0.410s] DEBUG:colcon.colcon_core.event_handler.log_command:Invoking command in '/home/openarm/ros2_ws2/build/openarm_description': CMAKE_PREFIX_PATH=${CMAKE_PREFIX_PATH}:/opt/ros/humble /usr/bin/cmake --build /home/openarm/ros2_ws2/build/openarm_description -- -j4 -l4
[0.413s] DEBUG:colcon.colcon_core.event_handler.log_command:Invoking command in '/home/openarm/ros2_ws2/build/openarm_bringup': CMAKE_PREFIX_PATH=${CMAKE_PREFIX_PATH}:/opt/ros/humble /usr/bin/cmake /home/openarm/ros2_ws2/src/openarm_ros2/openarm_bringup -DCMAKE_INSTALL_PREFIX=/home/openarm/ros2_ws2/install/openarm_bringup
[0.418s] DEBUG:colcon.colcon_core.event_handler.log_command:Invoking command in '/home/openarm/ros2_ws2/build/openarm_hardware': CMAKE_PREFIX_PATH=${CMAKE_PREFIX_PATH}:/opt/ros/humble /usr/bin/cmake /home/openarm/ros2_ws2/src/openarm_ros2/openarm_hardware -DCMAKE_INSTALL_PREFIX=/home/openarm/ros2_ws2/install/openarm_hardware
[0.457s] DEBUG:colcon.colcon_core.event_handler.log_command:Invoked command in '/home/openarm/ros2_ws2/build/openarm_description' returned '0': CMAKE_PREFIX_PATH=${CMAKE_PREFIX_PATH}:/opt/ros/humble /usr/bin/cmake --build /home/openarm/ros2_ws2/build/openarm_description -- -j4 -l4
[0.471s] DEBUG:colcon.colcon_core.event_handler.log_command:Invoking command in '/home/openarm/ros2_ws2/build/openarm_description': CMAKE_PREFIX_PATH=${CMAKE_PREFIX_PATH}:/opt/ros/humble /usr/bin/cmake --install /home/openarm/ros2_ws2/build/openarm_description
[0.489s] Level 1:colcon.colcon_core.environment:create_environment_scripts_only(openarm_description)
[0.494s] DEBUG:colcon.colcon_core.event_handler.log_command:Invoked command in '/home/openarm/ros2_ws2/build/openarm_description' returned '0': CMAKE_PREFIX_PATH=${CMAKE_PREFIX_PATH}:/opt/ros/humble /usr/bin/cmake --install /home/openarm/ros2_ws2/build/openarm_description
[0.497s] Level 1:colcon.colcon_core.environment:checking '/home/openarm/ros2_ws2/install/openarm_description' for CMake module files
[0.498s] Level 1:colcon.colcon_core.environment:checking '/home/openarm/ros2_ws2/install/openarm_description' for CMake config files
[0.499s] Level 1:colcon.colcon_core.shell:create_environment_hook('openarm_description', 'cmake_prefix_path')
[0.499s] INFO:colcon.colcon_core.shell:Creating environment hook '/home/openarm/ros2_ws2/install/openarm_description/share/openarm_description/hook/cmake_prefix_path.ps1'
[0.500s] INFO:colcon.colcon_core.shell:Creating environment descriptor '/home/openarm/ros2_ws2/install/openarm_description/share/openarm_description/hook/cmake_prefix_path.dsv'
[0.501s] INFO:colcon.colcon_core.shell:Creating environment hook '/home/openarm/ros2_ws2/install/openarm_description/share/openarm_description/hook/cmake_prefix_path.sh'
[0.502s] Level 1:colcon.colcon_core.environment:checking '/home/openarm/ros2_ws2/install/openarm_description/bin'
[0.502s] Level 1:colcon.colcon_core.environment:checking '/home/openarm/ros2_ws2/install/openarm_description/lib/pkgconfig/openarm_description.pc'
[0.503s] Level 1:colcon.colcon_core.environment:checking '/home/openarm/ros2_ws2/install/openarm_description/lib/python3.10/site-packages'
[0.503s] Level 1:colcon.colcon_core.environment:checking '/home/openarm/ros2_ws2/install/openarm_description/bin'
[0.504s] INFO:colcon.colcon_core.shell:Creating package script '/home/openarm/ros2_ws2/install/openarm_description/share/openarm_description/package.ps1'
[0.505s] INFO:colcon.colcon_core.shell:Creating package descriptor '/home/openarm/ros2_ws2/install/openarm_description/share/openarm_description/package.dsv'
[0.506s] INFO:colcon.colcon_core.shell:Creating package script '/home/openarm/ros2_ws2/install/openarm_description/share/openarm_description/package.sh'
[0.508s] INFO:colcon.colcon_core.shell:Creating package script '/home/openarm/ros2_ws2/install/openarm_description/share/openarm_description/package.bash'
[0.509s] INFO:colcon.colcon_core.shell:Creating package script '/home/openarm/ros2_ws2/install/openarm_description/share/openarm_description/package.zsh'
[0.510s] Level 1:colcon.colcon_core.environment:create_file_with_runtime_dependencies(/home/openarm/ros2_ws2/install/openarm_description/share/colcon-core/packages/openarm_description)
[0.511s] Level 1:colcon.colcon_core.environment:create_environment_scripts_only(openarm_description)
[0.511s] Level 1:colcon.colcon_core.environment:checking '/home/openarm/ros2_ws2/install/openarm_description' for CMake module files
[0.512s] Level 1:colcon.colcon_core.environment:checking '/home/openarm/ros2_ws2/install/openarm_description' for CMake config files
[0.513s] Level 1:colcon.colcon_core.shell:create_environment_hook('openarm_description', 'cmake_prefix_path')
[0.513s] INFO:colcon.colcon_core.shell:Creating environment hook '/home/openarm/ros2_ws2/install/openarm_description/share/openarm_description/hook/cmake_prefix_path.ps1'
[0.514s] INFO:colcon.colcon_core.shell:Creating environment descriptor '/home/openarm/ros2_ws2/install/openarm_description/share/openarm_description/hook/cmake_prefix_path.dsv'
[0.514s] INFO:colcon.colcon_core.shell:Creating environment hook '/home/openarm/ros2_ws2/install/openarm_description/share/openarm_description/hook/cmake_prefix_path.sh'
[0.515s] Level 1:colcon.colcon_core.environment:checking '/home/openarm/ros2_ws2/install/openarm_description/bin'
[0.515s] Level 1:colcon.colcon_core.environment:checking '/home/openarm/ros2_ws2/install/openarm_description/lib/pkgconfig/openarm_description.pc'
[0.515s] Level 1:colcon.colcon_core.environment:checking '/home/openarm/ros2_ws2/install/openarm_description/lib/python3.10/site-packages'
[0.516s] Level 1:colcon.colcon_core.environment:checking '/home/openarm/ros2_ws2/install/openarm_description/bin'
[0.516s] INFO:colcon.colcon_core.shell:Creating package script '/home/openarm/ros2_ws2/install/openarm_description/share/openarm_description/package.ps1'
[0.517s] INFO:colcon.colcon_core.shell:Creating package descriptor '/home/openarm/ros2_ws2/install/openarm_description/share/openarm_description/package.dsv'
[0.518s] INFO:colcon.colcon_core.shell:Creating package script '/home/openarm/ros2_ws2/install/openarm_description/share/openarm_description/package.sh'
[0.519s] INFO:colcon.colcon_core.shell:Creating package script '/home/openarm/ros2_ws2/install/openarm_description/share/openarm_description/package.bash'
[0.520s] INFO:colcon.colcon_core.shell:Creating package script '/home/openarm/ros2_ws2/install/openarm_description/share/openarm_description/package.zsh'
[0.520s] Level 1:colcon.colcon_core.environment:create_file_with_runtime_dependencies(/home/openarm/ros2_ws2/install/openarm_description/share/colcon-core/packages/openarm_description)
[0.521s] INFO:colcon.colcon_ros.task.ament_cmake.build:Building ROS package in '/home/openarm/ros2_ws2/src/openarm_ros2/openarm_bimanual_moveit_config' with build type 'ament_cmake'
[0.521s] INFO:colcon.colcon_cmake.task.cmake.build:Building CMake package in '/home/openarm/ros2_ws2/src/openarm_ros2/openarm_bimanual_moveit_config'
[0.521s] INFO:colcon.colcon_core.shell:Skip shell extension 'powershell' for command environment: Not usable outside of PowerShell
[0.521s] DEBUG:colcon.colcon_core.shell:Skip shell extension 'dsv' for command environment
[0.533s] DEBUG:colcon.colcon_core.event_handler.log_command:Invoking command in '/home/openarm/ros2_ws2/build/openarm_bimanual_moveit_config': CMAKE_PREFIX_PATH=${CMAKE_PREFIX_PATH}:/opt/ros/humble /usr/bin/cmake /home/openarm/ros2_ws2/src/openarm_ros2/openarm_bimanual_moveit_config -DCMAKE_INSTALL_PREFIX=/home/openarm/ros2_ws2/install/openarm_bimanual_moveit_config
[1.243s] DEBUG:colcon.colcon_core.event_handler.log_command:Invoked command in '/home/openarm/ros2_ws2/build/openarm_bringup' returned '0': CMAKE_PREFIX_PATH=${CMAKE_PREFIX_PATH}:/opt/ros/humble /usr/bin/cmake /home/openarm/ros2_ws2/src/openarm_ros2/openarm_bringup -DCMAKE_INSTALL_PREFIX=/home/openarm/ros2_ws2/install/openarm_bringup
[1.245s] DEBUG:colcon.colcon_core.event_handler.log_command:Invoking command in '/home/openarm/ros2_ws2/build/openarm_bringup': CMAKE_PREFIX_PATH=${CMAKE_PREFIX_PATH}:/opt/ros/humble /usr/bin/cmake --build /home/openarm/ros2_ws2/build/openarm_bringup -- -j4 -l4
[1.282s] DEBUG:colcon.colcon_core.event_handler.log_command:Invoked command in '/home/openarm/ros2_ws2/build/openarm_bringup' returned '0': CMAKE_PREFIX_PATH=${CMAKE_PREFIX_PATH}:/opt/ros/humble /usr/bin/cmake --build /home/openarm/ros2_ws2/build/openarm_bringup -- -j4 -l4
[1.284s] DEBUG:colcon.colcon_core.event_handler.log_command:Invoking command in '/home/openarm/ros2_ws2/build/openarm_bringup': CMAKE_PREFIX_PATH=${CMAKE_PREFIX_PATH}:/opt/ros/humble /usr/bin/cmake --install /home/openarm/ros2_ws2/build/openarm_bringup
[1.300s] Level 1:colcon.colcon_core.environment:create_environment_scripts_only(openarm_bringup)
[1.300s] Level 1:colcon.colcon_core.environment:checking '/home/openarm/ros2_ws2/install/openarm_bringup' for CMake module files
[1.301s] DEBUG:colcon.colcon_core.event_handler.log_command:Invoked command in '/home/openarm/ros2_ws2/build/openarm_bringup' returned '0': CMAKE_PREFIX_PATH=${CMAKE_PREFIX_PATH}:/opt/ros/humble /usr/bin/cmake --install /home/openarm/ros2_ws2/build/openarm_bringup
[1.301s] Level 1:colcon.colcon_core.environment:checking '/home/openarm/ros2_ws2/install/openarm_bringup' for CMake config files
[1.302s] Level 1:colcon.colcon_core.shell:create_environment_hook('openarm_bringup', 'cmake_prefix_path')
[1.302s] INFO:colcon.colcon_core.shell:Creating environment hook '/home/openarm/ros2_ws2/install/openarm_bringup/share/openarm_bringup/hook/cmake_prefix_path.ps1'
[1.303s] INFO:colcon.colcon_core.shell:Creating environment descriptor '/home/openarm/ros2_ws2/install/openarm_bringup/share/openarm_bringup/hook/cmake_prefix_path.dsv'
[1.303s] INFO:colcon.colcon_core.shell:Creating environment hook '/home/openarm/ros2_ws2/install/openarm_bringup/share/openarm_bringup/hook/cmake_prefix_path.sh'
[1.304s] Level 1:colcon.colcon_core.environment:checking '/home/openarm/ros2_ws2/install/openarm_bringup/bin'
[1.304s] Level 1:colcon.colcon_core.environment:checking '/home/openarm/ros2_ws2/install/openarm_bringup/lib/pkgconfig/openarm_bringup.pc'
[1.304s] Level 1:colcon.colcon_core.environment:checking '/home/openarm/ros2_ws2/install/openarm_bringup/lib/python3.10/site-packages'
[1.305s] Level 1:colcon.colcon_core.environment:checking '/home/openarm/ros2_ws2/install/openarm_bringup/bin'
[1.306s] INFO:colcon.colcon_core.shell:Creating package script '/home/openarm/ros2_ws2/install/openarm_bringup/share/openarm_bringup/package.ps1'
[1.306s] INFO:colcon.colcon_core.shell:Creating package descriptor '/home/openarm/ros2_ws2/install/openarm_bringup/share/openarm_bringup/package.dsv'
[1.307s] INFO:colcon.colcon_core.shell:Creating package script '/home/openarm/ros2_ws2/install/openarm_bringup/share/openarm_bringup/package.sh'
[1.307s] INFO:colcon.colcon_core.shell:Creating package script '/home/openarm/ros2_ws2/install/openarm_bringup/share/openarm_bringup/package.bash'
[1.308s] INFO:colcon.colcon_core.shell:Creating package script '/home/openarm/ros2_ws2/install/openarm_bringup/share/openarm_bringup/package.zsh'
[1.308s] Level 1:colcon.colcon_core.environment:create_file_with_runtime_dependencies(/home/openarm/ros2_ws2/install/openarm_bringup/share/colcon-core/packages/openarm_bringup)
[1.309s] Level 1:colcon.colcon_core.environment:create_environment_scripts_only(openarm_bringup)
[1.310s] Level 1:colcon.colcon_core.environment:checking '/home/openarm/ros2_ws2/install/openarm_bringup' for CMake module files
[1.310s] Level 1:colcon.colcon_core.environment:checking '/home/openarm/ros2_ws2/install/openarm_bringup' for CMake config files
[1.311s] Level 1:colcon.colcon_core.shell:create_environment_hook('openarm_bringup', 'cmake_prefix_path')
[1.311s] INFO:colcon.colcon_core.shell:Creating environment hook '/home/openarm/ros2_ws2/install/openarm_bringup/share/openarm_bringup/hook/cmake_prefix_path.ps1'
[1.312s] INFO:colcon.colcon_core.shell:Creating environment descriptor '/home/openarm/ros2_ws2/install/openarm_bringup/share/openarm_bringup/hook/cmake_prefix_path.dsv'
[1.312s] INFO:colcon.colcon_core.shell:Creating environment hook '/home/openarm/ros2_ws2/install/openarm_bringup/share/openarm_bringup/hook/cmake_prefix_path.sh'
[1.313s] Level 1:colcon.colcon_core.environment:checking '/home/openarm/ros2_ws2/install/openarm_bringup/bin'
[1.313s] Level 1:colcon.colcon_core.environment:checking '/home/openarm/ros2_ws2/install/openarm_bringup/lib/pkgconfig/openarm_bringup.pc'
[1.313s] Level 1:colcon.colcon_core.environment:checking '/home/openarm/ros2_ws2/install/openarm_bringup/lib/python3.10/site-packages'
[1.314s] Level 1:colcon.colcon_core.environment:checking '/home/openarm/ros2_ws2/install/openarm_bringup/bin'
[1.314s] INFO:colcon.colcon_core.shell:Creating package script '/home/openarm/ros2_ws2/install/openarm_bringup/share/openarm_bringup/package.ps1'
[1.315s] INFO:colcon.colcon_core.shell:Creating package descriptor '/home/openarm/ros2_ws2/install/openarm_bringup/share/openarm_bringup/package.dsv'
[1.316s] INFO:colcon.colcon_core.shell:Creating package script '/home/openarm/ros2_ws2/install/openarm_bringup/share/openarm_bringup/package.sh'
[1.317s] INFO:colcon.colcon_core.shell:Creating package script '/home/openarm/ros2_ws2/install/openarm_bringup/share/openarm_bringup/package.bash'
[1.317s] INFO:colcon.colcon_core.shell:Creating package script '/home/openarm/ros2_ws2/install/openarm_bringup/share/openarm_bringup/package.zsh'
[1.318s] Level 1:colcon.colcon_core.environment:create_file_with_runtime_dependencies(/home/openarm/ros2_ws2/install/openarm_bringup/share/colcon-core/packages/openarm_bringup)
[1.338s] DEBUG:colcon.colcon_core.event_handler.log_command:Invoked command in '/home/openarm/ros2_ws2/build/openarm_bimanual_moveit_config' returned '0': CMAKE_PREFIX_PATH=${CMAKE_PREFIX_PATH}:/opt/ros/humble /usr/bin/cmake /home/openarm/ros2_ws2/src/openarm_ros2/openarm_bimanual_moveit_config -DCMAKE_INSTALL_PREFIX=/home/openarm/ros2_ws2/install/openarm_bimanual_moveit_config
[1.339s] DEBUG:colcon.colcon_core.event_handler.log_command:Invoking command in '/home/openarm/ros2_ws2/build/openarm_bimanual_moveit_config': CMAKE_PREFIX_PATH=${CMAKE_PREFIX_PATH}:/opt/ros/humble /usr/bin/cmake --build /home/openarm/ros2_ws2/build/openarm_bimanual_moveit_config -- -j4 -l4
[1.373s] DEBUG:colcon.colcon_core.event_handler.log_command:Invoked command in '/home/openarm/ros2_ws2/build/openarm_bimanual_moveit_config' returned '0': CMAKE_PREFIX_PATH=${CMAKE_PREFIX_PATH}:/opt/ros/humble /usr/bin/cmake --build /home/openarm/ros2_ws2/build/openarm_bimanual_moveit_config -- -j4 -l4
[1.375s] DEBUG:colcon.colcon_core.event_handler.log_command:Invoking command in '/home/openarm/ros2_ws2/build/openarm_bimanual_moveit_config': CMAKE_PREFIX_PATH=${CMAKE_PREFIX_PATH}:/opt/ros/humble /usr/bin/cmake --install /home/openarm/ros2_ws2/build/openarm_bimanual_moveit_config
[1.388s] Level 1:colcon.colcon_core.environment:create_environment_scripts_only(openarm_bimanual_moveit_config)
[1.389s] Level 1:colcon.colcon_core.environment:checking '/home/openarm/ros2_ws2/install/openarm_bimanual_moveit_config' for CMake module files
[1.389s] DEBUG:colcon.colcon_core.event_handler.log_command:Invoked command in '/home/openarm/ros2_ws2/build/openarm_bimanual_moveit_config' returned '0': CMAKE_PREFIX_PATH=${CMAKE_PREFIX_PATH}:/opt/ros/humble /usr/bin/cmake --install /home/openarm/ros2_ws2/build/openarm_bimanual_moveit_config
[1.390s] Level 1:colcon.colcon_core.environment:checking '/home/openarm/ros2_ws2/install/openarm_bimanual_moveit_config' for CMake config files
[1.390s] Level 1:colcon.colcon_core.shell:create_environment_hook('openarm_bimanual_moveit_config', 'cmake_prefix_path')
[1.390s] INFO:colcon.colcon_core.shell:Creating environment hook '/home/openarm/ros2_ws2/install/openarm_bimanual_moveit_config/share/openarm_bimanual_moveit_config/hook/cmake_prefix_path.ps1'
[1.391s] INFO:colcon.colcon_core.shell:Creating environment descriptor '/home/openarm/ros2_ws2/install/openarm_bimanual_moveit_config/share/openarm_bimanual_moveit_config/hook/cmake_prefix_path.dsv'
[1.391s] INFO:colcon.colcon_core.shell:Creating environment hook '/home/openarm/ros2_ws2/install/openarm_bimanual_moveit_config/share/openarm_bimanual_moveit_config/hook/cmake_prefix_path.sh'
[1.392s] Level 1:colcon.colcon_core.environment:checking '/home/openarm/ros2_ws2/install/openarm_bimanual_moveit_config/bin'
[1.392s] Level 1:colcon.colcon_core.environment:checking '/home/openarm/ros2_ws2/install/openarm_bimanual_moveit_config/lib/pkgconfig/openarm_bimanual_moveit_config.pc'
[1.392s] Level 1:colcon.colcon_core.environment:checking '/home/openarm/ros2_ws2/install/openarm_bimanual_moveit_config/lib/python3.10/site-packages'
[1.393s] Level 1:colcon.colcon_core.environment:checking '/home/openarm/ros2_ws2/install/openarm_bimanual_moveit_config/bin'
[1.393s] INFO:colcon.colcon_core.shell:Creating package script '/home/openarm/ros2_ws2/install/openarm_bimanual_moveit_config/share/openarm_bimanual_moveit_config/package.ps1'
[1.394s] INFO:colcon.colcon_core.shell:Creating package descriptor '/home/openarm/ros2_ws2/install/openarm_bimanual_moveit_config/share/openarm_bimanual_moveit_config/package.dsv'
[1.394s] INFO:colcon.colcon_core.shell:Creating package script '/home/openarm/ros2_ws2/install/openarm_bimanual_moveit_config/share/openarm_bimanual_moveit_config/package.sh'
[1.395s] INFO:colcon.colcon_core.shell:Creating package script '/home/openarm/ros2_ws2/install/openarm_bimanual_moveit_config/share/openarm_bimanual_moveit_config/package.bash'
[1.395s] INFO:colcon.colcon_core.shell:Creating package script '/home/openarm/ros2_ws2/install/openarm_bimanual_moveit_config/share/openarm_bimanual_moveit_config/package.zsh'
[1.396s] Level 1:colcon.colcon_core.environment:create_file_with_runtime_dependencies(/home/openarm/ros2_ws2/install/openarm_bimanual_moveit_config/share/colcon-core/packages/openarm_bimanual_moveit_config)
[1.397s] Level 1:colcon.colcon_core.environment:create_environment_scripts_only(openarm_bimanual_moveit_config)
[1.397s] Level 1:colcon.colcon_core.environment:checking '/home/openarm/ros2_ws2/install/openarm_bimanual_moveit_config' for CMake module files
[1.397s] Level 1:colcon.colcon_core.environment:checking '/home/openarm/ros2_ws2/install/openarm_bimanual_moveit_config' for CMake config files
[1.398s] Level 1:colcon.colcon_core.shell:create_environment_hook('openarm_bimanual_moveit_config', 'cmake_prefix_path')
[1.398s] INFO:colcon.colcon_core.shell:Creating environment hook '/home/openarm/ros2_ws2/install/openarm_bimanual_moveit_config/share/openarm_bimanual_moveit_config/hook/cmake_prefix_path.ps1'
[1.399s] INFO:colcon.colcon_core.shell:Creating environment descriptor '/home/openarm/ros2_ws2/install/openarm_bimanual_moveit_config/share/openarm_bimanual_moveit_config/hook/cmake_prefix_path.dsv'
[1.399s] INFO:colcon.colcon_core.shell:Creating environment hook '/home/openarm/ros2_ws2/install/openarm_bimanual_moveit_config/share/openarm_bimanual_moveit_config/hook/cmake_prefix_path.sh'
[1.400s] Level 1:colcon.colcon_core.environment:checking '/home/openarm/ros2_ws2/install/openarm_bimanual_moveit_config/bin'
[1.400s] Level 1:colcon.colcon_core.environment:checking '/home/openarm/ros2_ws2/install/openarm_bimanual_moveit_config/lib/pkgconfig/openarm_bimanual_moveit_config.pc'
[1.400s] Level 1:colcon.colcon_core.environment:checking '/home/openarm/ros2_ws2/install/openarm_bimanual_moveit_config/lib/python3.10/site-packages'
[1.401s] Level 1:colcon.colcon_core.environment:checking '/home/openarm/ros2_ws2/install/openarm_bimanual_moveit_config/bin'
[1.401s] INFO:colcon.colcon_core.shell:Creating package script '/home/openarm/ros2_ws2/install/openarm_bimanual_moveit_config/share/openarm_bimanual_moveit_config/package.ps1'
[1.402s] INFO:colcon.colcon_core.shell:Creating package descriptor '/home/openarm/ros2_ws2/install/openarm_bimanual_moveit_config/share/openarm_bimanual_moveit_config/package.dsv'
[1.402s] INFO:colcon.colcon_core.shell:Creating package script '/home/openarm/ros2_ws2/install/openarm_bimanual_moveit_config/share/openarm_bimanual_moveit_config/package.sh'
[1.403s] INFO:colcon.colcon_core.shell:Creating package script '/home/openarm/ros2_ws2/install/openarm_bimanual_moveit_config/share/openarm_bimanual_moveit_config/package.bash'
[1.404s] INFO:colcon.colcon_core.shell:Creating package script '/home/openarm/ros2_ws2/install/openarm_bimanual_moveit_config/share/openarm_bimanual_moveit_config/package.zsh'
[1.404s] Level 1:colcon.colcon_core.environment:create_file_with_runtime_dependencies(/home/openarm/ros2_ws2/install/openarm_bimanual_moveit_config/share/colcon-core/packages/openarm_bimanual_moveit_config)
[2.061s] DEBUG:colcon.colcon_core.event_handler.log_command:Invoked command in '/home/openarm/ros2_ws2/build/openarm_hardware' returned '0': CMAKE_PREFIX_PATH=${CMAKE_PREFIX_PATH}:/opt/ros/humble /usr/bin/cmake /home/openarm/ros2_ws2/src/openarm_ros2/openarm_hardware -DCMAKE_INSTALL_PREFIX=/home/openarm/ros2_ws2/install/openarm_hardware
[2.062s] DEBUG:colcon.colcon_core.event_handler.log_command:Invoking command in '/home/openarm/ros2_ws2/build/openarm_hardware': CMAKE_PREFIX_PATH=${CMAKE_PREFIX_PATH}:/opt/ros/humble /usr/bin/cmake --build /home/openarm/ros2_ws2/build/openarm_hardware -- -j4 -l4
[6.003s] DEBUG:colcon.colcon_core.event_handler.log_command:Invoked command in '/home/openarm/ros2_ws2/build/openarm_hardware' returned '0': CMAKE_PREFIX_PATH=${CMAKE_PREFIX_PATH}:/opt/ros/humble /usr/bin/cmake --build /home/openarm/ros2_ws2/build/openarm_hardware -- -j4 -l4
[6.004s] DEBUG:colcon.colcon_core.event_handler.log_command:Invoking command in '/home/openarm/ros2_ws2/build/openarm_hardware': CMAKE_PREFIX_PATH=${CMAKE_PREFIX_PATH}:/opt/ros/humble /usr/bin/cmake --install /home/openarm/ros2_ws2/build/openarm_hardware
[6.017s] Level 1:colcon.colcon_core.environment:create_environment_scripts_only(openarm_hardware)
[6.018s] Level 1:colcon.colcon_core.environment:checking '/home/openarm/ros2_ws2/install/openarm_hardware' for CMake module files
[6.018s] DEBUG:colcon.colcon_core.event_handler.log_command:Invoked command in '/home/openarm/ros2_ws2/build/openarm_hardware' returned '0': CMAKE_PREFIX_PATH=${CMAKE_PREFIX_PATH}:/opt/ros/humble /usr/bin/cmake --install /home/openarm/ros2_ws2/build/openarm_hardware
[6.018s] Level 1:colcon.colcon_core.environment:checking '/home/openarm/ros2_ws2/install/openarm_hardware' for CMake config files
[6.019s] Level 1:colcon.colcon_core.shell:create_environment_hook('openarm_hardware', 'cmake_prefix_path')
[6.019s] INFO:colcon.colcon_core.shell:Creating environment hook '/home/openarm/ros2_ws2/install/openarm_hardware/share/openarm_hardware/hook/cmake_prefix_path.ps1'
[6.019s] INFO:colcon.colcon_core.shell:Creating environment descriptor '/home/openarm/ros2_ws2/install/openarm_hardware/share/openarm_hardware/hook/cmake_prefix_path.dsv'
[6.019s] INFO:colcon.colcon_core.shell:Creating environment hook '/home/openarm/ros2_ws2/install/openarm_hardware/share/openarm_hardware/hook/cmake_prefix_path.sh'
[6.020s] Level 1:colcon.colcon_core.environment:checking '/home/openarm/ros2_ws2/install/openarm_hardware/lib'
[6.020s] Level 1:colcon.colcon_core.shell:create_environment_hook('openarm_hardware', 'ld_library_path_lib')
[6.020s] INFO:colcon.colcon_core.shell:Creating environment hook '/home/openarm/ros2_ws2/install/openarm_hardware/share/openarm_hardware/hook/ld_library_path_lib.ps1'
[6.021s] INFO:colcon.colcon_core.shell:Creating environment descriptor '/home/openarm/ros2_ws2/install/openarm_hardware/share/openarm_hardware/hook/ld_library_path_lib.dsv'
[6.021s] INFO:colcon.colcon_core.shell:Creating environment hook '/home/openarm/ros2_ws2/install/openarm_hardware/share/openarm_hardware/hook/ld_library_path_lib.sh'
[6.021s] Level 1:colcon.colcon_core.environment:checking '/home/openarm/ros2_ws2/install/openarm_hardware/bin'
[6.021s] Level 1:colcon.colcon_core.environment:checking '/home/openarm/ros2_ws2/install/openarm_hardware/lib/pkgconfig/openarm_hardware.pc'
[6.021s] Level 1:colcon.colcon_core.environment:checking '/home/openarm/ros2_ws2/install/openarm_hardware/lib/python3.10/site-packages'
[6.022s] Level 1:colcon.colcon_core.environment:checking '/home/openarm/ros2_ws2/install/openarm_hardware/bin'
[6.022s] INFO:colcon.colcon_core.shell:Creating package script '/home/openarm/ros2_ws2/install/openarm_hardware/share/openarm_hardware/package.ps1'
[6.022s] INFO:colcon.colcon_core.shell:Creating package descriptor '/home/openarm/ros2_ws2/install/openarm_hardware/share/openarm_hardware/package.dsv'
[6.023s] INFO:colcon.colcon_core.shell:Creating package script '/home/openarm/ros2_ws2/install/openarm_hardware/share/openarm_hardware/package.sh'
[6.023s] INFO:colcon.colcon_core.shell:Creating package script '/home/openarm/ros2_ws2/install/openarm_hardware/share/openarm_hardware/package.bash'
[6.023s] INFO:colcon.colcon_core.shell:Creating package script '/home/openarm/ros2_ws2/install/openarm_hardware/share/openarm_hardware/package.zsh'
[6.024s] Level 1:colcon.colcon_core.environment:create_file_with_runtime_dependencies(/home/openarm/ros2_ws2/install/openarm_hardware/share/colcon-core/packages/openarm_hardware)
[6.024s] Level 1:colcon.colcon_core.environment:create_environment_scripts_only(openarm_hardware)
[6.024s] Level 1:colcon.colcon_core.environment:checking '/home/openarm/ros2_ws2/install/openarm_hardware' for CMake module files
[6.025s] Level 1:colcon.colcon_core.environment:checking '/home/openarm/ros2_ws2/install/openarm_hardware' for CMake config files
[6.025s] Level 1:colcon.colcon_core.shell:create_environment_hook('openarm_hardware', 'cmake_prefix_path')
[6.025s] INFO:colcon.colcon_core.shell:Creating environment hook '/home/openarm/ros2_ws2/install/openarm_hardware/share/openarm_hardware/hook/cmake_prefix_path.ps1'
[6.025s] INFO:colcon.colcon_core.shell:Creating environment descriptor '/home/openarm/ros2_ws2/install/openarm_hardware/share/openarm_hardware/hook/cmake_prefix_path.dsv'
[6.026s] INFO:colcon.colcon_core.shell:Creating environment hook '/home/openarm/ros2_ws2/install/openarm_hardware/share/openarm_hardware/hook/cmake_prefix_path.sh'
[6.026s] Level 1:colcon.colcon_core.environment:checking '/home/openarm/ros2_ws2/install/openarm_hardware/lib'
[6.026s] Level 1:colcon.colcon_core.shell:create_environment_hook('openarm_hardware', 'ld_library_path_lib')
[6.026s] INFO:colcon.colcon_core.shell:Creating environment hook '/home/openarm/ros2_ws2/install/openarm_hardware/share/openarm_hardware/hook/ld_library_path_lib.ps1'
[6.027s] INFO:colcon.colcon_core.shell:Creating environment descriptor '/home/openarm/ros2_ws2/install/openarm_hardware/share/openarm_hardware/hook/ld_library_path_lib.dsv'
[6.027s] INFO:colcon.colcon_core.shell:Creating environment hook '/home/openarm/ros2_ws2/install/openarm_hardware/share/openarm_hardware/hook/ld_library_path_lib.sh'
[6.027s] Level 1:colcon.colcon_core.environment:checking '/home/openarm/ros2_ws2/install/openarm_hardware/bin'
[6.027s] Level 1:colcon.colcon_core.environment:checking '/home/openarm/ros2_ws2/install/openarm_hardware/lib/pkgconfig/openarm_hardware.pc'
[6.028s] Level 1:colcon.colcon_core.environment:checking '/home/openarm/ros2_ws2/install/openarm_hardware/lib/python3.10/site-packages'
[6.028s] Level 1:colcon.colcon_core.environment:checking '/home/openarm/ros2_ws2/install/openarm_hardware/bin'
[6.029s] INFO:colcon.colcon_core.shell:Creating package script '/home/openarm/ros2_ws2/install/openarm_hardware/share/openarm_hardware/package.ps1'
[6.030s] INFO:colcon.colcon_core.shell:Creating package descriptor '/home/openarm/ros2_ws2/install/openarm_hardware/share/openarm_hardware/package.dsv'
[6.030s] INFO:colcon.colcon_core.shell:Creating package script '/home/openarm/ros2_ws2/install/openarm_hardware/share/openarm_hardware/package.sh'
[6.031s] INFO:colcon.colcon_core.shell:Creating package script '/home/openarm/ros2_ws2/install/openarm_hardware/share/openarm_hardware/package.bash'
[6.031s] INFO:colcon.colcon_core.shell:Creating package script '/home/openarm/ros2_ws2/install/openarm_hardware/share/openarm_hardware/package.zsh'
[6.032s] Level 1:colcon.colcon_core.environment:create_file_with_runtime_dependencies(/home/openarm/ros2_ws2/install/openarm_hardware/share/colcon-core/packages/openarm_hardware)
[6.032s] INFO:colcon.colcon_ros.task.ament_cmake.build:Building ROS package in '/home/openarm/ros2_ws2/src/openarm_ros2/openarm' with build type 'ament_cmake'
[6.032s] INFO:colcon.colcon_cmake.task.cmake.build:Building CMake package in '/home/openarm/ros2_ws2/src/openarm_ros2/openarm'
[6.033s] INFO:colcon.colcon_core.shell:Skip shell extension 'powershell' for command environment: Not usable outside of PowerShell
[6.033s] DEBUG:colcon.colcon_core.shell:Skip shell extension 'dsv' for command environment
[6.045s] DEBUG:colcon.colcon_core.event_handler.log_command:Invoking command in '/home/openarm/ros2_ws2/build/openarm': AMENT_PREFIX_PATH=/home/openarm/ros2_ws2/install/openarm_hardware:/home/openarm/ros2_ws2/install/openarm_bringup:${AMENT_PREFIX_PATH} CMAKE_PREFIX_PATH=/home/openarm/ros2_ws2/install/openarm_hardware:/home/openarm/ros2_ws2/install/openarm_description:/home/openarm/ros2_ws2/install/openarm_bringup:/opt/ros/humble LD_LIBRARY_PATH=/home/openarm/ros2_ws2/install/openarm_hardware/lib:${LD_LIBRARY_PATH} /usr/bin/cmake /home/openarm/ros2_ws2/src/openarm_ros2/openarm -DCMAKE_INSTALL_PREFIX=/home/openarm/ros2_ws2/install/openarm
[6.600s] DEBUG:colcon.colcon_core.event_handler.log_command:Invoked command in '/home/openarm/ros2_ws2/build/openarm' returned '0': AMENT_PREFIX_PATH=/home/openarm/ros2_ws2/install/openarm_hardware:/home/openarm/ros2_ws2/install/openarm_bringup:${AMENT_PREFIX_PATH} CMAKE_PREFIX_PATH=/home/openarm/ros2_ws2/install/openarm_hardware:/home/openarm/ros2_ws2/install/openarm_description:/home/openarm/ros2_ws2/install/openarm_bringup:/opt/ros/humble LD_LIBRARY_PATH=/home/openarm/ros2_ws2/install/openarm_hardware/lib:${LD_LIBRARY_PATH} /usr/bin/cmake /home/openarm/ros2_ws2/src/openarm_ros2/openarm -DCMAKE_INSTALL_PREFIX=/home/openarm/ros2_ws2/install/openarm
[6.602s] DEBUG:colcon.colcon_core.event_handler.log_command:Invoking command in '/home/openarm/ros2_ws2/build/openarm': AMENT_PREFIX_PATH=/home/openarm/ros2_ws2/install/openarm_hardware:/home/openarm/ros2_ws2/install/openarm_bringup:${AMENT_PREFIX_PATH} CMAKE_PREFIX_PATH=/home/openarm/ros2_ws2/install/openarm_hardware:/home/openarm/ros2_ws2/install/openarm_description:/home/openarm/ros2_ws2/install/openarm_bringup:/opt/ros/humble LD_LIBRARY_PATH=/home/openarm/ros2_ws2/install/openarm_hardware/lib:${LD_LIBRARY_PATH} /usr/bin/cmake --build /home/openarm/ros2_ws2/build/openarm -- -j4 -l4
[6.637s] DEBUG:colcon.colcon_core.event_handler.log_command:Invoked command in '/home/openarm/ros2_ws2/build/openarm' returned '0': AMENT_PREFIX_PATH=/home/openarm/ros2_ws2/install/openarm_hardware:/home/openarm/ros2_ws2/install/openarm_bringup:${AMENT_PREFIX_PATH} CMAKE_PREFIX_PATH=/home/openarm/ros2_ws2/install/openarm_hardware:/home/openarm/ros2_ws2/install/openarm_description:/home/openarm/ros2_ws2/install/openarm_bringup:/opt/ros/humble LD_LIBRARY_PATH=/home/openarm/ros2_ws2/install/openarm_hardware/lib:${LD_LIBRARY_PATH} /usr/bin/cmake --build /home/openarm/ros2_ws2/build/openarm -- -j4 -l4
[6.639s] DEBUG:colcon.colcon_core.event_handler.log_command:Invoking command in '/home/openarm/ros2_ws2/build/openarm': AMENT_PREFIX_PATH=/home/openarm/ros2_ws2/install/openarm_hardware:/home/openarm/ros2_ws2/install/openarm_bringup:${AMENT_PREFIX_PATH} CMAKE_PREFIX_PATH=/home/openarm/ros2_ws2/install/openarm_hardware:/home/openarm/ros2_ws2/install/openarm_description:/home/openarm/ros2_ws2/install/openarm_bringup:/opt/ros/humble LD_LIBRARY_PATH=/home/openarm/ros2_ws2/install/openarm_hardware/lib:${LD_LIBRARY_PATH} /usr/bin/cmake --install /home/openarm/ros2_ws2/build/openarm
[6.650s] Level 1:colcon.colcon_core.environment:create_environment_scripts_only(openarm)
[6.650s] Level 1:colcon.colcon_core.environment:checking '/home/openarm/ros2_ws2/install/openarm' for CMake module files
[6.651s] DEBUG:colcon.colcon_core.event_handler.log_command:Invoked command in '/home/openarm/ros2_ws2/build/openarm' returned '0': AMENT_PREFIX_PATH=/home/openarm/ros2_ws2/install/openarm_hardware:/home/openarm/ros2_ws2/install/openarm_bringup:${AMENT_PREFIX_PATH} CMAKE_PREFIX_PATH=/home/openarm/ros2_ws2/install/openarm_hardware:/home/openarm/ros2_ws2/install/openarm_description:/home/openarm/ros2_ws2/install/openarm_bringup:/opt/ros/humble LD_LIBRARY_PATH=/home/openarm/ros2_ws2/install/openarm_hardware/lib:${LD_LIBRARY_PATH} /usr/bin/cmake --install /home/openarm/ros2_ws2/build/openarm
[6.651s] Level 1:colcon.colcon_core.environment:checking '/home/openarm/ros2_ws2/install/openarm' for CMake config files
[6.652s] Level 1:colcon.colcon_core.shell:create_environment_hook('openarm', 'cmake_prefix_path')
[6.652s] INFO:colcon.colcon_core.shell:Creating environment hook '/home/openarm/ros2_ws2/install/openarm/share/openarm/hook/cmake_prefix_path.ps1'
[6.652s] INFO:colcon.colcon_core.shell:Creating environment descriptor '/home/openarm/ros2_ws2/install/openarm/share/openarm/hook/cmake_prefix_path.dsv'
[6.652s] INFO:colcon.colcon_core.shell:Creating environment hook '/home/openarm/ros2_ws2/install/openarm/share/openarm/hook/cmake_prefix_path.sh'
[6.653s] Level 1:colcon.colcon_core.environment:checking '/home/openarm/ros2_ws2/install/openarm/bin'
[6.653s] Level 1:colcon.colcon_core.environment:checking '/home/openarm/ros2_ws2/install/openarm/lib/pkgconfig/openarm.pc'
[6.653s] Level 1:colcon.colcon_core.environment:checking '/home/openarm/ros2_ws2/install/openarm/lib/python3.10/site-packages'
[6.654s] Level 1:colcon.colcon_core.environment:checking '/home/openarm/ros2_ws2/install/openarm/bin'
[6.654s] INFO:colcon.colcon_core.shell:Creating package script '/home/openarm/ros2_ws2/install/openarm/share/openarm/package.ps1'
[6.654s] INFO:colcon.colcon_core.shell:Creating package descriptor '/home/openarm/ros2_ws2/install/openarm/share/openarm/package.dsv'
[6.655s] INFO:colcon.colcon_core.shell:Creating package script '/home/openarm/ros2_ws2/install/openarm/share/openarm/package.sh'
[6.655s] INFO:colcon.colcon_core.shell:Creating package script '/home/openarm/ros2_ws2/install/openarm/share/openarm/package.bash'
[6.656s] INFO:colcon.colcon_core.shell:Creating package script '/home/openarm/ros2_ws2/install/openarm/share/openarm/package.zsh'
[6.656s] Level 1:colcon.colcon_core.environment:create_file_with_runtime_dependencies(/home/openarm/ros2_ws2/install/openarm/share/colcon-core/packages/openarm)
[6.656s] Level 1:colcon.colcon_core.environment:create_environment_scripts_only(openarm)
[6.657s] Level 1:colcon.colcon_core.environment:checking '/home/openarm/ros2_ws2/install/openarm' for CMake module files
[6.657s] Level 1:colcon.colcon_core.environment:checking '/home/openarm/ros2_ws2/install/openarm' for CMake config files
[6.657s] Level 1:colcon.colcon_core.shell:create_environment_hook('openarm', 'cmake_prefix_path')
[6.658s] INFO:colcon.colcon_core.shell:Creating environment hook '/home/openarm/ros2_ws2/install/openarm/share/openarm/hook/cmake_prefix_path.ps1'
[6.658s] INFO:colcon.colcon_core.shell:Creating environment descriptor '/home/openarm/ros2_ws2/install/openarm/share/openarm/hook/cmake_prefix_path.dsv'
[6.659s] INFO:colcon.colcon_core.shell:Creating environment hook '/home/openarm/ros2_ws2/install/openarm/share/openarm/hook/cmake_prefix_path.sh'
[6.659s] Level 1:colcon.colcon_core.environment:checking '/home/openarm/ros2_ws2/install/openarm/bin'
[6.659s] Level 1:colcon.colcon_core.environment:checking '/home/openarm/ros2_ws2/install/openarm/lib/pkgconfig/openarm.pc'
[6.660s] Level 1:colcon.colcon_core.environment:checking '/home/openarm/ros2_ws2/install/openarm/lib/python3.10/site-packages'
[6.660s] Level 1:colcon.colcon_core.environment:checking '/home/openarm/ros2_ws2/install/openarm/bin'
[6.661s] INFO:colcon.colcon_core.shell:Creating package script '/home/openarm/ros2_ws2/install/openarm/share/openarm/package.ps1'
[6.661s] INFO:colcon.colcon_core.shell:Creating package descriptor '/home/openarm/ros2_ws2/install/openarm/share/openarm/package.dsv'
[6.662s] INFO:colcon.colcon_core.shell:Creating package script '/home/openarm/ros2_ws2/install/openarm/share/openarm/package.sh'
[6.663s] INFO:colcon.colcon_core.shell:Creating package script '/home/openarm/ros2_ws2/install/openarm/share/openarm/package.bash'
[6.663s] INFO:colcon.colcon_core.shell:Creating package script '/home/openarm/ros2_ws2/install/openarm/share/openarm/package.zsh'
[6.664s] Level 1:colcon.colcon_core.environment:create_file_with_runtime_dependencies(/home/openarm/ros2_ws2/install/openarm/share/colcon-core/packages/openarm)
[6.664s] DEBUG:colcon.colcon_parallel_executor.executor.parallel:closing loop
[6.665s] DEBUG:colcon.colcon_parallel_executor.executor.parallel:loop closed
[6.665s] DEBUG:colcon.colcon_parallel_executor.executor.parallel:run_until_complete finished with '0'
[6.665s] DEBUG:colcon.colcon_core.event_reactor:joining thread
[6.674s] INFO:colcon.colcon_core.plugin_system:Skipping extension 'colcon_notification.desktop_notification.terminal_notifier': Not used on non-Darwin systems
[6.674s] INFO:colcon.colcon_core.plugin_system:Skipping extension 'colcon_notification.desktop_notification.win32': Not used on non-Windows systems
[6.674s] INFO:colcon.colcon_notification.desktop_notification:Sending desktop notification using 'notify2'
[6.689s] DEBUG:colcon.colcon_core.event_reactor:joined thread
[6.689s] INFO:colcon.colcon_core.shell:Creating prefix script '/home/openarm/ros2_ws2/install/local_setup.ps1'
[6.690s] INFO:colcon.colcon_core.shell:Creating prefix util module '/home/openarm/ros2_ws2/install/_local_setup_util_ps1.py'
[6.693s] INFO:colcon.colcon_core.shell:Creating prefix chain script '/home/openarm/ros2_ws2/install/setup.ps1'
[6.695s] INFO:colcon.colcon_core.shell:Creating prefix script '/home/openarm/ros2_ws2/install/local_setup.sh'
[6.696s] INFO:colcon.colcon_core.shell:Creating prefix util module '/home/openarm/ros2_ws2/install/_local_setup_util_sh.py'
[6.697s] INFO:colcon.colcon_core.shell:Creating prefix chain script '/home/openarm/ros2_ws2/install/setup.sh'
[6.698s] INFO:colcon.colcon_core.shell:Creating prefix script '/home/openarm/ros2_ws2/install/local_setup.bash'
[6.700s] INFO:colcon.colcon_core.shell:Creating prefix chain script '/home/openarm/ros2_ws2/install/setup.bash'
[6.702s] INFO:colcon.colcon_core.shell:Creating prefix script '/home/openarm/ros2_ws2/install/local_setup.zsh'
[6.703s] INFO:colcon.colcon_core.shell:Creating prefix chain script '/home/openarm/ros2_ws2/install/setup.zsh'
