-- Found ament_cmake: 1.3.12 (/opt/ros/humble/share/ament_cmake/cmake)
-- Configuring done
-- Generating done
-- Build files have been written to: /home/openarm/ros2_ws2/build/openarm
-- Install configuration: ""
-- Installing: /home/openarm/ros2_ws2/install/openarm/share/ament_index/resource_index/package_run_dependencies/openarm
-- Up-to-date: /home/openarm/ros2_ws2/install/openarm/share/ament_index/resource_index/parent_prefix_path/openarm
-- Up-to-date: /home/openarm/ros2_ws2/install/openarm/share/openarm/environment/ament_prefix_path.sh
-- Installing: /home/openarm/ros2_ws2/install/openarm/share/openarm/environment/ament_prefix_path.dsv
-- Up-to-date: /home/openarm/ros2_ws2/install/openarm/share/openarm/environment/path.sh
-- Installing: /home/openarm/ros2_ws2/install/openarm/share/openarm/environment/path.dsv
-- Up-to-date: /home/openarm/ros2_ws2/install/openarm/share/openarm/local_setup.bash
-- Up-to-date: /home/openarm/ros2_ws2/install/openarm/share/openarm/local_setup.sh
-- Up-to-date: /home/openarm/ros2_ws2/install/openarm/share/openarm/local_setup.zsh
-- Installing: /home/openarm/ros2_ws2/install/openarm/share/openarm/local_setup.dsv
-- Installing: /home/openarm/ros2_ws2/install/openarm/share/openarm/package.dsv
-- Up-to-date: /home/openarm/ros2_ws2/install/openarm/share/ament_index/resource_index/packages/openarm
-- Up-to-date: /home/openarm/ros2_ws2/install/openarm/share/openarm/cmake/openarmConfig.cmake
-- Up-to-date: /home/openarm/ros2_ws2/install/openarm/share/openarm/cmake/openarmConfig-version.cmake
-- Installing: /home/openarm/ros2_ws2/install/openarm/share/openarm/package.xml
