[0.019s] Invoking command in '/home/openarm/ros2_ws2/build/openarm_bringup': CMAKE_PREFIX_PATH=${CMAKE_PREFIX_PATH}:/opt/ros/humble /usr/bin/cmake /home/openarm/ros2_ws2/src/openarm_ros2/openarm_bringup -DCMAKE_INSTALL_PREFIX=/home/openarm/ros2_ws2/install/openarm_bringup
[0.079s] -- The C compiler identification is GNU 11.4.0
[0.156s] -- The CXX compiler identification is GNU 11.4.0
[0.167s] -- Detecting C compiler ABI info
[0.258s] -- Detecting C compiler ABI info - done
[0.273s] -- Check for working C compiler: /usr/bin/cc - skipped
[0.273s] -- Detecting C compile features
[0.274s] -- Detecting C compile features - done
[0.278s] -- Detecting CXX compiler ABI info
[0.376s] -- Detecting CXX compiler ABI info - done
[0.392s] -- Check for working CXX compiler: /usr/bin/c++ - skipped
[0.392s] -- Detecting CXX compile features
[0.393s] -- Detecting CXX compile features - done
[0.396s] -- Found ament_cmake: 1.3.12 (/opt/ros/humble/share/ament_cmake/cmake)
[0.601s] -- Found Python3: /usr/bin/python3 (found version "3.10.12") found components: Interpreter 
[0.713s] -- Found ament_lint_auto: 0.12.14 (/opt/ros/humble/share/ament_lint_auto/cmake)
[0.834s] -- Added test 'flake8' to check Python code syntax and style conventions
[0.834s] -- Added test 'lint_cmake' to check CMake code style
[0.835s] -- Added test 'pep257' to check Python code against some of the docstring style conventions in PEP 257
[0.837s] -- Added test 'xmllint' to check XML markup files
[0.839s] -- Configuring done
[0.842s] -- Generating done
[0.844s] -- Build files have been written to: /home/openarm/ros2_ws2/build/openarm_bringup
[0.848s] Invoked command in '/home/openarm/ros2_ws2/build/openarm_bringup' returned '0': CMAKE_PREFIX_PATH=${CMAKE_PREFIX_PATH}:/opt/ros/humble /usr/bin/cmake /home/openarm/ros2_ws2/src/openarm_ros2/openarm_bringup -DCMAKE_INSTALL_PREFIX=/home/openarm/ros2_ws2/install/openarm_bringup
[0.850s] Invoking command in '/home/openarm/ros2_ws2/build/openarm_bringup': CMAKE_PREFIX_PATH=${CMAKE_PREFIX_PATH}:/opt/ros/humble /usr/bin/cmake --build /home/openarm/ros2_ws2/build/openarm_bringup -- -j4 -l4
[0.888s] Invoked command in '/home/openarm/ros2_ws2/build/openarm_bringup' returned '0': CMAKE_PREFIX_PATH=${CMAKE_PREFIX_PATH}:/opt/ros/humble /usr/bin/cmake --build /home/openarm/ros2_ws2/build/openarm_bringup -- -j4 -l4
[0.890s] Invoking command in '/home/openarm/ros2_ws2/build/openarm_bringup': CMAKE_PREFIX_PATH=${CMAKE_PREFIX_PATH}:/opt/ros/humble /usr/bin/cmake --install /home/openarm/ros2_ws2/build/openarm_bringup
[0.899s] -- Install configuration: ""
[0.899s] -- Installing: /home/openarm/ros2_ws2/install/openarm_bringup/share/openarm_bringup/launch
[0.899s] -- Installing: /home/openarm/ros2_ws2/install/openarm_bringup/share/openarm_bringup/launch/openarm.bimanual.launch.py
[0.900s] -- Installing: /home/openarm/ros2_ws2/install/openarm_bringup/share/openarm_bringup/launch/openarm.launch.py
[0.900s] -- Installing: /home/openarm/ros2_ws2/install/openarm_bringup/share/openarm_bringup/config
[0.900s] -- Installing: /home/openarm/ros2_ws2/install/openarm_bringup/share/openarm_bringup/config/v10_controllers
[0.900s] -- Installing: /home/openarm/ros2_ws2/install/openarm_bringup/share/openarm_bringup/config/v10_controllers/openarm_v10_controllers.yaml
[0.900s] -- Installing: /home/openarm/ros2_ws2/install/openarm_bringup/share/openarm_bringup/config/v10_controllers/openarm_v10_bimanual_controllers_namespaced.yaml
[0.900s] -- Installing: /home/openarm/ros2_ws2/install/openarm_bringup/share/openarm_bringup/config/v10_controllers/openarm_v10_bimanual_controllers.yaml
[0.900s] -- Installing: /home/openarm/ros2_ws2/install/openarm_bringup/share/ament_index/resource_index/package_run_dependencies/openarm_bringup
[0.901s] -- Installing: /home/openarm/ros2_ws2/install/openarm_bringup/share/ament_index/resource_index/parent_prefix_path/openarm_bringup
[0.901s] -- Installing: /home/openarm/ros2_ws2/install/openarm_bringup/share/openarm_bringup/environment/ament_prefix_path.sh
[0.901s] -- Installing: /home/openarm/ros2_ws2/install/openarm_bringup/share/openarm_bringup/environment/ament_prefix_path.dsv
[0.901s] -- Installing: /home/openarm/ros2_ws2/install/openarm_bringup/share/openarm_bringup/environment/path.sh
[0.901s] -- Installing: /home/openarm/ros2_ws2/install/openarm_bringup/share/openarm_bringup/environment/path.dsv
[0.902s] -- Installing: /home/openarm/ros2_ws2/install/openarm_bringup/share/openarm_bringup/local_setup.bash
[0.902s] -- Installing: /home/openarm/ros2_ws2/install/openarm_bringup/share/openarm_bringup/local_setup.sh
[0.902s] -- Installing: /home/openarm/ros2_ws2/install/openarm_bringup/share/openarm_bringup/local_setup.zsh
[0.902s] -- Installing: /home/openarm/ros2_ws2/install/openarm_bringup/share/openarm_bringup/local_setup.dsv
[0.902s] -- Installing: /home/openarm/ros2_ws2/install/openarm_bringup/share/openarm_bringup/package.dsv
[0.903s] -- Installing: /home/openarm/ros2_ws2/install/openarm_bringup/share/ament_index/resource_index/packages/openarm_bringup
[0.903s] -- Installing: /home/openarm/ros2_ws2/install/openarm_bringup/share/openarm_bringup/cmake/openarm_bringupConfig.cmake
[0.903s] -- Installing: /home/openarm/ros2_ws2/install/openarm_bringup/share/openarm_bringup/cmake/openarm_bringupConfig-version.cmake
[0.903s] -- Installing: /home/openarm/ros2_ws2/install/openarm_bringup/share/openarm_bringup/package.xml
[0.906s] Invoked command in '/home/openarm/ros2_ws2/build/openarm_bringup' returned '0': CMAKE_PREFIX_PATH=${CMAKE_PREFIX_PATH}:/opt/ros/humble /usr/bin/cmake --install /home/openarm/ros2_ws2/build/openarm_bringup
