[0.011s] Invoking command in '/home/openarm/ros2_ws2/build/openarm': AMENT_PREFIX_PATH=/home/openarm/ros2_ws2/install/openarm_hardware:/home/openarm/ros2_ws2/install/openarm_bringup:${AMENT_PREFIX_PATH} CMAKE_PREFIX_PATH=/home/openarm/ros2_ws2/install/openarm_hardware:/home/openarm/ros2_ws2/install/openarm_description:/home/openarm/ros2_ws2/install/openarm_bringup:/opt/ros/humble LD_LIBRARY_PATH=/home/openarm/ros2_ws2/install/openarm_hardware/lib:${LD_LIBRARY_PATH} /usr/bin/cmake /home/openarm/ros2_ws2/src/openarm_ros2/openarm -DCMAKE_INSTALL_PREFIX=/home/openarm/ros2_ws2/install/openarm
[0.063s] -- The C compiler identification is GNU 11.4.0
[0.117s] -- The CXX compiler identification is GNU 11.4.0
[0.124s] -- Detecting C compiler ABI info
[0.185s] -- Detecting C compiler ABI info - done
[0.192s] -- Check for working C compiler: /usr/bin/cc - skipped
[0.192s] -- Detecting C compile features
[0.192s] -- Detecting C compile features - done
[0.196s] -- Detecting CXX compiler ABI info
[0.270s] -- Detecting CXX compiler ABI info - done
[0.277s] -- Check for working CXX compiler: /usr/bin/c++ - skipped
[0.277s] -- Detecting CXX compile features
[0.278s] -- Detecting CXX compile features - done
[0.280s] -- Found ament_cmake: 1.3.12 (/opt/ros/humble/share/ament_cmake/cmake)
[0.416s] -- Found Python3: /usr/bin/python3 (found version "3.10.12") found components: Interpreter 
[0.556s] -- Configuring done
[0.559s] -- Generating done
[0.560s] -- Build files have been written to: /home/openarm/ros2_ws2/build/openarm
[0.567s] Invoked command in '/home/openarm/ros2_ws2/build/openarm' returned '0': AMENT_PREFIX_PATH=/home/openarm/ros2_ws2/install/openarm_hardware:/home/openarm/ros2_ws2/install/openarm_bringup:${AMENT_PREFIX_PATH} CMAKE_PREFIX_PATH=/home/openarm/ros2_ws2/install/openarm_hardware:/home/openarm/ros2_ws2/install/openarm_description:/home/openarm/ros2_ws2/install/openarm_bringup:/opt/ros/humble LD_LIBRARY_PATH=/home/openarm/ros2_ws2/install/openarm_hardware/lib:${LD_LIBRARY_PATH} /usr/bin/cmake /home/openarm/ros2_ws2/src/openarm_ros2/openarm -DCMAKE_INSTALL_PREFIX=/home/openarm/ros2_ws2/install/openarm
[0.568s] Invoking command in '/home/openarm/ros2_ws2/build/openarm': AMENT_PREFIX_PATH=/home/openarm/ros2_ws2/install/openarm_hardware:/home/openarm/ros2_ws2/install/openarm_bringup:${AMENT_PREFIX_PATH} CMAKE_PREFIX_PATH=/home/openarm/ros2_ws2/install/openarm_hardware:/home/openarm/ros2_ws2/install/openarm_description:/home/openarm/ros2_ws2/install/openarm_bringup:/opt/ros/humble LD_LIBRARY_PATH=/home/openarm/ros2_ws2/install/openarm_hardware/lib:${LD_LIBRARY_PATH} /usr/bin/cmake --build /home/openarm/ros2_ws2/build/openarm -- -j4 -l4
[0.603s] Invoked command in '/home/openarm/ros2_ws2/build/openarm' returned '0': AMENT_PREFIX_PATH=/home/openarm/ros2_ws2/install/openarm_hardware:/home/openarm/ros2_ws2/install/openarm_bringup:${AMENT_PREFIX_PATH} CMAKE_PREFIX_PATH=/home/openarm/ros2_ws2/install/openarm_hardware:/home/openarm/ros2_ws2/install/openarm_description:/home/openarm/ros2_ws2/install/openarm_bringup:/opt/ros/humble LD_LIBRARY_PATH=/home/openarm/ros2_ws2/install/openarm_hardware/lib:${LD_LIBRARY_PATH} /usr/bin/cmake --build /home/openarm/ros2_ws2/build/openarm -- -j4 -l4
[0.605s] Invoking command in '/home/openarm/ros2_ws2/build/openarm': AMENT_PREFIX_PATH=/home/openarm/ros2_ws2/install/openarm_hardware:/home/openarm/ros2_ws2/install/openarm_bringup:${AMENT_PREFIX_PATH} CMAKE_PREFIX_PATH=/home/openarm/ros2_ws2/install/openarm_hardware:/home/openarm/ros2_ws2/install/openarm_description:/home/openarm/ros2_ws2/install/openarm_bringup:/opt/ros/humble LD_LIBRARY_PATH=/home/openarm/ros2_ws2/install/openarm_hardware/lib:${LD_LIBRARY_PATH} /usr/bin/cmake --install /home/openarm/ros2_ws2/build/openarm
[0.612s] -- Install configuration: ""
[0.612s] -- Installing: /home/openarm/ros2_ws2/install/openarm/share/ament_index/resource_index/package_run_dependencies/openarm
[0.612s] -- Installing: /home/openarm/ros2_ws2/install/openarm/share/ament_index/resource_index/parent_prefix_path/openarm
[0.613s] -- Installing: /home/openarm/ros2_ws2/install/openarm/share/openarm/environment/ament_prefix_path.sh
[0.613s] -- Installing: /home/openarm/ros2_ws2/install/openarm/share/openarm/environment/ament_prefix_path.dsv
[0.613s] -- Installing: /home/openarm/ros2_ws2/install/openarm/share/openarm/environment/path.sh
[0.613s] -- Installing: /home/openarm/ros2_ws2/install/openarm/share/openarm/environment/path.dsv
[0.613s] -- Installing: /home/openarm/ros2_ws2/install/openarm/share/openarm/local_setup.bash
[0.613s] -- Installing: /home/openarm/ros2_ws2/install/openarm/share/openarm/local_setup.sh
[0.614s] -- Installing: /home/openarm/ros2_ws2/install/openarm/share/openarm/local_setup.zsh
[0.614s] -- Installing: /home/openarm/ros2_ws2/install/openarm/share/openarm/local_setup.dsv
[0.614s] -- Installing: /home/openarm/ros2_ws2/install/openarm/share/openarm/package.dsv
[0.614s] -- Installing: /home/openarm/ros2_ws2/install/openarm/share/ament_index/resource_index/packages/openarm
[0.614s] -- Installing: /home/openarm/ros2_ws2/install/openarm/share/openarm/cmake/openarmConfig.cmake
[0.615s] -- Installing: /home/openarm/ros2_ws2/install/openarm/share/openarm/cmake/openarmConfig-version.cmake
[0.615s] -- Installing: /home/openarm/ros2_ws2/install/openarm/share/openarm/package.xml
[0.617s] Invoked command in '/home/openarm/ros2_ws2/build/openarm' returned '0': AMENT_PREFIX_PATH=/home/openarm/ros2_ws2/install/openarm_hardware:/home/openarm/ros2_ws2/install/openarm_bringup:${AMENT_PREFIX_PATH} CMAKE_PREFIX_PATH=/home/openarm/ros2_ws2/install/openarm_hardware:/home/openarm/ros2_ws2/install/openarm_description:/home/openarm/ros2_ws2/install/openarm_bringup:/opt/ros/humble LD_LIBRARY_PATH=/home/openarm/ros2_ws2/install/openarm_hardware/lib:${LD_LIBRARY_PATH} /usr/bin/cmake --install /home/openarm/ros2_ws2/build/openarm
