[0.011s] Invoking command in '/home/openarm/ros2_ws2/build/openarm': AMENT_PREFIX_PATH=/home/openarm/ros2_ws2/install/openarm_hardware:/home/openarm/ros2_ws2/install/openarm_description:/home/openarm/ros2_ws2/install/openarm_bringup:${AMENT_PREFIX_PATH} CMAKE_PREFIX_PATH=/home/openarm/ros2_ws2/install/openarm_hardware:/home/openarm/ros2_ws2/install/openarm_description:/home/openarm/ros2_ws2/install/openarm_bringup:/opt/ros/humble LD_LIBRARY_PATH=/home/openarm/ros2_ws2/install/openarm_hardware/lib:${LD_LIBRARY_PATH} /usr/bin/cmake --build /home/openarm/ros2_ws2/build/openarm -- -j4 -l4
[0.036s] -- Found ament_cmake: 1.3.12 (/opt/ros/humble/share/ament_cmake/cmake)
[0.263s] -- Configuring done
[0.269s] -- Generating done
[0.272s] -- Build files have been written to: /home/openarm/ros2_ws2/build/openarm
[0.306s] Invoked command in '/home/openarm/ros2_ws2/build/openarm' returned '0': AMENT_PREFIX_PATH=/home/openarm/ros2_ws2/install/openarm_hardware:/home/openarm/ros2_ws2/install/openarm_description:/home/openarm/ros2_ws2/install/openarm_bringup:${AMENT_PREFIX_PATH} CMAKE_PREFIX_PATH=/home/openarm/ros2_ws2/install/openarm_hardware:/home/openarm/ros2_ws2/install/openarm_description:/home/openarm/ros2_ws2/install/openarm_bringup:/opt/ros/humble LD_LIBRARY_PATH=/home/openarm/ros2_ws2/install/openarm_hardware/lib:${LD_LIBRARY_PATH} /usr/bin/cmake --build /home/openarm/ros2_ws2/build/openarm -- -j4 -l4
[0.309s] Invoking command in '/home/openarm/ros2_ws2/build/openarm': AMENT_PREFIX_PATH=/home/openarm/ros2_ws2/install/openarm_hardware:/home/openarm/ros2_ws2/install/openarm_description:/home/openarm/ros2_ws2/install/openarm_bringup:${AMENT_PREFIX_PATH} CMAKE_PREFIX_PATH=/home/openarm/ros2_ws2/install/openarm_hardware:/home/openarm/ros2_ws2/install/openarm_description:/home/openarm/ros2_ws2/install/openarm_bringup:/opt/ros/humble LD_LIBRARY_PATH=/home/openarm/ros2_ws2/install/openarm_hardware/lib:${LD_LIBRARY_PATH} /usr/bin/cmake --install /home/openarm/ros2_ws2/build/openarm
[0.320s] -- Install configuration: ""
[0.321s] -- Installing: /home/openarm/ros2_ws2/install/openarm/share/ament_index/resource_index/package_run_dependencies/openarm
[0.321s] -- Installing: /home/openarm/ros2_ws2/install/openarm/share/ament_index/resource_index/parent_prefix_path/openarm
[0.321s] -- Up-to-date: /home/openarm/ros2_ws2/install/openarm/share/openarm/environment/ament_prefix_path.sh
[0.321s] -- Installing: /home/openarm/ros2_ws2/install/openarm/share/openarm/environment/ament_prefix_path.dsv
[0.321s] -- Up-to-date: /home/openarm/ros2_ws2/install/openarm/share/openarm/environment/path.sh
[0.322s] -- Installing: /home/openarm/ros2_ws2/install/openarm/share/openarm/environment/path.dsv
[0.322s] -- Up-to-date: /home/openarm/ros2_ws2/install/openarm/share/openarm/local_setup.bash
[0.322s] -- Up-to-date: /home/openarm/ros2_ws2/install/openarm/share/openarm/local_setup.sh
[0.322s] -- Up-to-date: /home/openarm/ros2_ws2/install/openarm/share/openarm/local_setup.zsh
[0.323s] -- Installing: /home/openarm/ros2_ws2/install/openarm/share/openarm/local_setup.dsv
[0.323s] -- Installing: /home/openarm/ros2_ws2/install/openarm/share/openarm/package.dsv
[0.323s] -- Up-to-date: /home/openarm/ros2_ws2/install/openarm/share/ament_index/resource_index/packages/openarm
[0.323s] -- Up-to-date: /home/openarm/ros2_ws2/install/openarm/share/openarm/cmake/openarmConfig.cmake
[0.323s] -- Up-to-date: /home/openarm/ros2_ws2/install/openarm/share/openarm/cmake/openarmConfig-version.cmake
[0.324s] -- Installing: /home/openarm/ros2_ws2/install/openarm/share/openarm/package.xml
[0.326s] Invoked command in '/home/openarm/ros2_ws2/build/openarm' returned '0': AMENT_PREFIX_PATH=/home/openarm/ros2_ws2/install/openarm_hardware:/home/openarm/ros2_ws2/install/openarm_description:/home/openarm/ros2_ws2/install/openarm_bringup:${AMENT_PREFIX_PATH} CMAKE_PREFIX_PATH=/home/openarm/ros2_ws2/install/openarm_hardware:/home/openarm/ros2_ws2/install/openarm_description:/home/openarm/ros2_ws2/install/openarm_bringup:/opt/ros/humble LD_LIBRARY_PATH=/home/openarm/ros2_ws2/install/openarm_hardware/lib:${LD_LIBRARY_PATH} /usr/bin/cmake --install /home/openarm/ros2_ws2/build/openarm
