[0.015s] Invoking command in '/home/openarm/ros2_ws2/build/openarm': AMENT_PREFIX_PATH=/home/openarm/ros2_ws2/install/openarm_hardware:/home/openarm/ros2_ws2/install/openarm_description:/home/openarm/ros2_ws2/install/openarm_bringup:${AMENT_PREFIX_PATH} CMAKE_PREFIX_PATH=/home/openarm/ros2_ws2/install/openarm_hardware:/home/openarm/ros2_ws2/install/openarm_description:/home/openarm/ros2_ws2/install/openarm_bringup:/opt/ros/humble LD_LIBRARY_PATH=/home/openarm/ros2_ws2/install/openarm_hardware/lib:${LD_LIBRARY_PATH} /usr/bin/cmake --build /home/openarm/ros2_ws2/build/openarm -- -j4 -l4
[0.070s] Invoked command in '/home/openarm/ros2_ws2/build/openarm' returned '0': AMENT_PREFIX_PATH=/home/openarm/ros2_ws2/install/openarm_hardware:/home/openarm/ros2_ws2/install/openarm_description:/home/openarm/ros2_ws2/install/openarm_bringup:${AMENT_PREFIX_PATH} CMAKE_PREFIX_PATH=/home/openarm/ros2_ws2/install/openarm_hardware:/home/openarm/ros2_ws2/install/openarm_description:/home/openarm/ros2_ws2/install/openarm_bringup:/opt/ros/humble LD_LIBRARY_PATH=/home/openarm/ros2_ws2/install/openarm_hardware/lib:${LD_LIBRARY_PATH} /usr/bin/cmake --build /home/openarm/ros2_ws2/build/openarm -- -j4 -l4
[0.072s] Invoking command in '/home/openarm/ros2_ws2/build/openarm': AMENT_PREFIX_PATH=/home/openarm/ros2_ws2/install/openarm_hardware:/home/openarm/ros2_ws2/install/openarm_description:/home/openarm/ros2_ws2/install/openarm_bringup:${AMENT_PREFIX_PATH} CMAKE_PREFIX_PATH=/home/openarm/ros2_ws2/install/openarm_hardware:/home/openarm/ros2_ws2/install/openarm_description:/home/openarm/ros2_ws2/install/openarm_bringup:/opt/ros/humble LD_LIBRARY_PATH=/home/openarm/ros2_ws2/install/openarm_hardware/lib:${LD_LIBRARY_PATH} /usr/bin/cmake --install /home/openarm/ros2_ws2/build/openarm
[0.086s] -- Install configuration: ""
[0.086s] -- Up-to-date: /home/openarm/ros2_ws2/install/openarm/share/ament_index/resource_index/package_run_dependencies/openarm
[0.087s] -- Up-to-date: /home/openarm/ros2_ws2/install/openarm/share/ament_index/resource_index/parent_prefix_path/openarm
[0.087s] -- Up-to-date: /home/openarm/ros2_ws2/install/openarm/share/openarm/environment/ament_prefix_path.sh
[0.087s] -- Up-to-date: /home/openarm/ros2_ws2/install/openarm/share/openarm/environment/ament_prefix_path.dsv
[0.087s] -- Up-to-date: /home/openarm/ros2_ws2/install/openarm/share/openarm/environment/path.sh
[0.088s] -- Up-to-date: /home/openarm/ros2_ws2/install/openarm/share/openarm/environment/path.dsv
[0.088s] -- Up-to-date: /home/openarm/ros2_ws2/install/openarm/share/openarm/local_setup.bash
[0.089s] -- Up-to-date: /home/openarm/ros2_ws2/install/openarm/share/openarm/local_setup.sh
[0.089s] -- Up-to-date: /home/openarm/ros2_ws2/install/openarm/share/openarm/local_setup.zsh
[0.089s] -- Up-to-date: /home/openarm/ros2_ws2/install/openarm/share/openarm/local_setup.dsv
[0.090s] -- Installing: /home/openarm/ros2_ws2/install/openarm/share/openarm/package.dsv
[0.093s] -- Up-to-date: /home/openarm/ros2_ws2/install/openarm/share/ament_index/resource_index/packages/openarm
[0.093s] -- Up-to-date: /home/openarm/ros2_ws2/install/openarm/share/openarm/cmake/openarmConfig.cmake
[0.093s] -- Up-to-date: /home/openarm/ros2_ws2/install/openarm/share/openarm/cmake/openarmConfig-version.cmake
[0.093s] -- Up-to-date: /home/openarm/ros2_ws2/install/openarm/share/openarm/package.xml
[0.106s] Invoked command in '/home/openarm/ros2_ws2/build/openarm' returned '0': AMENT_PREFIX_PATH=/home/openarm/ros2_ws2/install/openarm_hardware:/home/openarm/ros2_ws2/install/openarm_description:/home/openarm/ros2_ws2/install/openarm_bringup:${AMENT_PREFIX_PATH} CMAKE_PREFIX_PATH=/home/openarm/ros2_ws2/install/openarm_hardware:/home/openarm/ros2_ws2/install/openarm_description:/home/openarm/ros2_ws2/install/openarm_bringup:/opt/ros/humble LD_LIBRARY_PATH=/home/openarm/ros2_ws2/install/openarm_hardware/lib:${LD_LIBRARY_PATH} /usr/bin/cmake --install /home/openarm/ros2_ws2/build/openarm
