[0.022s] Invoking command in '/home/openarm/ros2_ws2/build/openarm_hardware': CMAKE_PREFIX_PATH=${CMAKE_PREFIX_PATH}:/home/openarm/ros2_ws/install/my_arm_control:/home/openarm/ros2_ws/install/hello_moveit_py:/opt/ros/humble /usr/bin/cmake --build /home/openarm/ros2_ws2/build/openarm_hardware -- -j4 -l4
[0.057s] -- Found ament_cmake: 1.3.12 (/opt/ros/humble/share/ament_cmake/cmake)
[0.238s] -- Found hardware_interface: 2.52.0 (/opt/ros/humble/share/hardware_interface/cmake)
[0.282s] -- Found rosidl_generator_c: 3.1.7 (/opt/ros/humble/share/rosidl_generator_c/cmake)
[0.287s] -- Found rosidl_adapter: 3.1.7 (/opt/ros/humble/share/rosidl_adapter/cmake)
[0.297s] -- Found rosidl_generator_cpp: 3.1.7 (/opt/ros/humble/share/rosidl_generator_cpp/cmake)
[0.314s] -- Using all available rosidl_typesupport_c: rosidl_typesupport_fastrtps_c;rosidl_typesupport_introspection_c
[0.328s] -- Using all available rosidl_typesupport_cpp: rosidl_typesupport_fastrtps_cpp;rosidl_typesupport_introspection_cpp
[0.567s] -- Found rmw_implementation_cmake: 6.1.2 (/opt/ros/humble/share/rmw_implementation_cmake/cmake)
[0.569s] -- Found rmw_fastrtps_cpp: 6.2.9 (/opt/ros/humble/share/rmw_fastrtps_cpp/cmake)
[0.587s] -- Found TinyXML2 via Config file: TinyXML2_DIR-NOTFOUND
[0.596s] -- Found TinyXML2 via Config file: TinyXML2_DIR-NOTFOUND
[0.612s] -- Found TinyXML2 via Config file: TinyXML2_DIR-NOTFOUND
[0.620s] -- Found TinyXML2 via Config file: TinyXML2_DIR-NOTFOUND
[0.630s] -- Using RMW implementation 'rmw_fastrtps_cpp' as default
[0.741s] -- Configuring done
[0.754s] -- Generating done
[0.759s] -- Build files have been written to: /home/openarm/ros2_ws2/build/openarm_hardware
[0.783s] [35m[1mConsolidate compiler generated dependencies of target openarm_hardware[0m
[0.799s] [ 50%] [32mBuilding CXX object CMakeFiles/openarm_hardware.dir/src/v10_simple_hardware.cpp.o[0m
[4.443s] [100%] [32m[1mLinking CXX shared library libopenarm_hardware.so[0m
[4.616s] [100%] Built target openarm_hardware
[4.633s] Invoked command in '/home/openarm/ros2_ws2/build/openarm_hardware' returned '0': CMAKE_PREFIX_PATH=${CMAKE_PREFIX_PATH}:/home/openarm/ros2_ws/install/my_arm_control:/home/openarm/ros2_ws/install/hello_moveit_py:/opt/ros/humble /usr/bin/cmake --build /home/openarm/ros2_ws2/build/openarm_hardware -- -j4 -l4
[4.638s] Invoking command in '/home/openarm/ros2_ws2/build/openarm_hardware': CMAKE_PREFIX_PATH=${CMAKE_PREFIX_PATH}:/home/openarm/ros2_ws/install/my_arm_control:/home/openarm/ros2_ws/install/hello_moveit_py:/opt/ros/humble /usr/bin/cmake --install /home/openarm/ros2_ws2/build/openarm_hardware
[4.654s] -- Install configuration: ""
[4.654s] -- Installing: /home/openarm/ros2_ws2/install/openarm_hardware/share/openarm_hardware/openarm_hardware.xml
[4.655s] -- Installing: /home/openarm/ros2_ws2/install/openarm_hardware/lib/libopenarm_hardware.so
[4.657s] -- Set runtime path of "/home/openarm/ros2_ws2/install/openarm_hardware/lib/libopenarm_hardware.so" to ""
[4.657s] -- Up-to-date: /home/openarm/ros2_ws2/install/openarm_hardware/include
[4.657s] -- Up-to-date: /home/openarm/ros2_ws2/install/openarm_hardware/include/openarm_hardware
[4.657s] -- Installing: /home/openarm/ros2_ws2/install/openarm_hardware/include/openarm_hardware/v10_simple_hardware.hpp
[4.658s] -- Installing: /home/openarm/ros2_ws2/install/openarm_hardware/include/openarm_hardware/visibility_control.h
[4.658s] -- Up-to-date: /home/openarm/ros2_ws2/install/openarm_hardware/share/openarm_hardware/environment/library_path.sh
[4.658s] -- Installing: /home/openarm/ros2_ws2/install/openarm_hardware/share/openarm_hardware/environment/library_path.dsv
[4.659s] -- Installing: /home/openarm/ros2_ws2/install/openarm_hardware/share/ament_index/resource_index/package_run_dependencies/openarm_hardware
[4.659s] -- Up-to-date: /home/openarm/ros2_ws2/install/openarm_hardware/share/ament_index/resource_index/parent_prefix_path/openarm_hardware
[4.659s] -- Up-to-date: /home/openarm/ros2_ws2/install/openarm_hardware/share/openarm_hardware/environment/ament_prefix_path.sh
[4.659s] -- Installing: /home/openarm/ros2_ws2/install/openarm_hardware/share/openarm_hardware/environment/ament_prefix_path.dsv
[4.659s] -- Up-to-date: /home/openarm/ros2_ws2/install/openarm_hardware/share/openarm_hardware/environment/path.sh
[4.659s] -- Installing: /home/openarm/ros2_ws2/install/openarm_hardware/share/openarm_hardware/environment/path.dsv
[4.660s] -- Up-to-date: /home/openarm/ros2_ws2/install/openarm_hardware/share/openarm_hardware/local_setup.bash
[4.660s] -- Up-to-date: /home/openarm/ros2_ws2/install/openarm_hardware/share/openarm_hardware/local_setup.sh
[4.660s] -- Up-to-date: /home/openarm/ros2_ws2/install/openarm_hardware/share/openarm_hardware/local_setup.zsh
[4.660s] -- Installing: /home/openarm/ros2_ws2/install/openarm_hardware/share/openarm_hardware/local_setup.dsv
[4.661s] -- Installing: /home/openarm/ros2_ws2/install/openarm_hardware/share/openarm_hardware/package.dsv
[4.661s] -- Up-to-date: /home/openarm/ros2_ws2/install/openarm_hardware/share/ament_index/resource_index/packages/openarm_hardware
[4.661s] -- Up-to-date: /home/openarm/ros2_ws2/install/openarm_hardware/share/ament_index/resource_index/hardware_interface__pluginlib__plugin/openarm_hardware
[4.661s] -- Up-to-date: /home/openarm/ros2_ws2/install/openarm_hardware/share/openarm_hardware/cmake/ament_cmake_export_include_directories-extras.cmake
[4.661s] -- Up-to-date: /home/openarm/ros2_ws2/install/openarm_hardware/share/openarm_hardware/cmake/ament_cmake_export_libraries-extras.cmake
[4.661s] -- Installing: /home/openarm/ros2_ws2/install/openarm_hardware/share/openarm_hardware/cmake/ament_cmake_export_dependencies-extras.cmake
[4.662s] -- Installing: /home/openarm/ros2_ws2/install/openarm_hardware/share/openarm_hardware/cmake/openarm_hardwareConfig.cmake
[4.662s] -- Installing: /home/openarm/ros2_ws2/install/openarm_hardware/share/openarm_hardware/cmake/openarm_hardwareConfig-version.cmake
[4.662s] -- Installing: /home/openarm/ros2_ws2/install/openarm_hardware/share/openarm_hardware/package.xml
[4.665s] Invoked command in '/home/openarm/ros2_ws2/build/openarm_hardware' returned '0': CMAKE_PREFIX_PATH=${CMAKE_PREFIX_PATH}:/home/openarm/ros2_ws/install/my_arm_control:/home/openarm/ros2_ws/install/hello_moveit_py:/opt/ros/humble /usr/bin/cmake --install /home/openarm/ros2_ws2/build/openarm_hardware
