[0.120s] DEBUG:colcon:Command line arguments: ['/usr/bin/colcon', 'build']
[0.120s] DEBUG:colcon:Parsed command line arguments: Namespace(log_base=None, log_level=None, verb_name='build', build_base='build', install_base='install', merge_install=False, symlink_install=False, test_result_base=None, continue_on_error=False, executor='parallel', parallel_workers=4, event_handlers=None, ignore_user_meta=False, metas=['./colcon.meta'], base_paths=['.'], packages_ignore=None, packages_ignore_regex=None, paths=None, packages_up_to=None, packages_up_to_regex=None, packages_above=None, packages_above_and_dependencies=None, packages_above_depth=None, packages_select_by_dep=None, packages_skip_by_dep=None, packages_skip_up_to=None, packages_select_build_failed=False, packages_skip_build_finished=False, packages_select_test_failures=False, packages_skip_test_passed=False, packages_select=None, packages_skip=None, packages_select_regex=None, packages_skip_regex=None, packages_start=None, packages_end=None, allow_overriding=[], cmake_args=None, cmake_target=None, cmake_target_skip_unavailable=False, cmake_clean_cache=False, cmake_clean_first=False, cmake_force_configure=False, ament_cmake_args=None, catkin_cmake_args=None, catkin_skip_building_tests=False, mixin_files=None, mixin=None, verb_parser=<colcon_mixin.mixin.mixin_argument.MixinArgumentDecorator object at 0x7538ca05dae0>, verb_extension=<colcon_core.verb.build.BuildVerb object at 0x7538ca1570a0>, main=<bound method BuildVerb.main of <colcon_core.verb.build.BuildVerb object at 0x7538ca1570a0>>, mixin_verb=('build',))
[0.295s] Level 1:colcon.colcon_core.package_discovery:discover_packages(colcon_meta) check parameters
[0.296s] Level 1:colcon.colcon_core.package_discovery:discover_packages(recursive) check parameters
[0.296s] Level 1:colcon.colcon_core.package_discovery:discover_packages(ignore) check parameters
[0.296s] Level 1:colcon.colcon_core.package_discovery:discover_packages(path) check parameters
[0.296s] Level 1:colcon.colcon_core.package_discovery:discover_packages(colcon_meta) discover
[0.296s] Level 1:colcon.colcon_core.package_discovery:discover_packages(recursive) discover
[0.296s] INFO:colcon.colcon_core.package_discovery:Crawling recursively for packages in '/home/openarm/ros2_ws2'
[0.296s] Level 1:colcon.colcon_core.package_identification:_identify(.) by extensions ['ignore', 'ignore_ament_install']
[0.296s] Level 1:colcon.colcon_core.package_identification:_identify(.) by extension 'ignore'
[0.296s] Level 1:colcon.colcon_core.package_identification:_identify(.) by extension 'ignore_ament_install'
[0.296s] Level 1:colcon.colcon_core.package_identification:_identify(.) by extensions ['colcon_pkg']
[0.296s] Level 1:colcon.colcon_core.package_identification:_identify(.) by extension 'colcon_pkg'
[0.296s] Level 1:colcon.colcon_core.package_identification:_identify(.) by extensions ['colcon_meta']
[0.296s] Level 1:colcon.colcon_core.package_identification:_identify(.) by extension 'colcon_meta'
[0.296s] Level 1:colcon.colcon_core.package_identification:_identify(.) by extensions ['ros']
[0.297s] Level 1:colcon.colcon_core.package_identification:_identify(.) by extension 'ros'
[0.321s] Level 1:colcon.colcon_core.package_identification:_identify(.) by extensions ['cmake', 'python']
[0.321s] Level 1:colcon.colcon_core.package_identification:_identify(.) by extension 'cmake'
[0.321s] Level 1:colcon.colcon_core.package_identification:_identify(.) by extension 'python'
[0.321s] Level 1:colcon.colcon_core.package_identification:_identify(.) by extensions ['python_setup_py']
[0.321s] Level 1:colcon.colcon_core.package_identification:_identify(.) by extension 'python_setup_py'
[0.321s] Level 1:colcon.colcon_core.package_identification:_identify(build) by extensions ['ignore', 'ignore_ament_install']
[0.321s] Level 1:colcon.colcon_core.package_identification:_identify(build) by extension 'ignore'
[0.321s] Level 1:colcon.colcon_core.package_identification:_identify(build) ignored
[0.322s] Level 1:colcon.colcon_core.package_identification:_identify(install) by extensions ['ignore', 'ignore_ament_install']
[0.322s] Level 1:colcon.colcon_core.package_identification:_identify(install) by extension 'ignore'
[0.322s] Level 1:colcon.colcon_core.package_identification:_identify(install) ignored
[0.322s] Level 1:colcon.colcon_core.package_identification:_identify(log) by extensions ['ignore', 'ignore_ament_install']
[0.322s] Level 1:colcon.colcon_core.package_identification:_identify(log) by extension 'ignore'
[0.322s] Level 1:colcon.colcon_core.package_identification:_identify(log) ignored
[0.322s] Level 1:colcon.colcon_core.package_identification:_identify(src) by extensions ['ignore', 'ignore_ament_install']
[0.322s] Level 1:colcon.colcon_core.package_identification:_identify(src) by extension 'ignore'
[0.322s] Level 1:colcon.colcon_core.package_identification:_identify(src) by extension 'ignore_ament_install'
[0.322s] Level 1:colcon.colcon_core.package_identification:_identify(src) by extensions ['colcon_pkg']
[0.322s] Level 1:colcon.colcon_core.package_identification:_identify(src) by extension 'colcon_pkg'
[0.322s] Level 1:colcon.colcon_core.package_identification:_identify(src) by extensions ['colcon_meta']
[0.322s] Level 1:colcon.colcon_core.package_identification:_identify(src) by extension 'colcon_meta'
[0.322s] Level 1:colcon.colcon_core.package_identification:_identify(src) by extensions ['ros']
[0.322s] Level 1:colcon.colcon_core.package_identification:_identify(src) by extension 'ros'
[0.323s] Level 1:colcon.colcon_core.package_identification:_identify(src) by extensions ['cmake', 'python']
[0.323s] Level 1:colcon.colcon_core.package_identification:_identify(src) by extension 'cmake'
[0.323s] Level 1:colcon.colcon_core.package_identification:_identify(src) by extension 'python'
[0.323s] Level 1:colcon.colcon_core.package_identification:_identify(src) by extensions ['python_setup_py']
[0.323s] Level 1:colcon.colcon_core.package_identification:_identify(src) by extension 'python_setup_py'
[0.323s] Level 1:colcon.colcon_core.package_identification:_identify(src/openarm_description) by extensions ['ignore', 'ignore_ament_install']
[0.323s] Level 1:colcon.colcon_core.package_identification:_identify(src/openarm_description) by extension 'ignore'
[0.323s] Level 1:colcon.colcon_core.package_identification:_identify(src/openarm_description) by extension 'ignore_ament_install'
[0.323s] Level 1:colcon.colcon_core.package_identification:_identify(src/openarm_description) by extensions ['colcon_pkg']
[0.323s] Level 1:colcon.colcon_core.package_identification:_identify(src/openarm_description) by extension 'colcon_pkg'
[0.323s] Level 1:colcon.colcon_core.package_identification:_identify(src/openarm_description) by extensions ['colcon_meta']
[0.323s] Level 1:colcon.colcon_core.package_identification:_identify(src/openarm_description) by extension 'colcon_meta'
[0.323s] Level 1:colcon.colcon_core.package_identification:_identify(src/openarm_description) by extensions ['ros']
[0.324s] Level 1:colcon.colcon_core.package_identification:_identify(src/openarm_description) by extension 'ros'
[0.327s] DEBUG:colcon.colcon_core.package_identification:Package 'src/openarm_description' with type 'ros.ament_cmake' and name 'openarm_description'
[0.328s] Level 1:colcon.colcon_core.package_identification:_identify(src/openarm_ros2) by extensions ['ignore', 'ignore_ament_install']
[0.328s] Level 1:colcon.colcon_core.package_identification:_identify(src/openarm_ros2) by extension 'ignore'
[0.328s] Level 1:colcon.colcon_core.package_identification:_identify(src/openarm_ros2) by extension 'ignore_ament_install'
[0.328s] Level 1:colcon.colcon_core.package_identification:_identify(src/openarm_ros2) by extensions ['colcon_pkg']
[0.328s] Level 1:colcon.colcon_core.package_identification:_identify(src/openarm_ros2) by extension 'colcon_pkg'
[0.328s] Level 1:colcon.colcon_core.package_identification:_identify(src/openarm_ros2) by extensions ['colcon_meta']
[0.328s] Level 1:colcon.colcon_core.package_identification:_identify(src/openarm_ros2) by extension 'colcon_meta'
[0.328s] Level 1:colcon.colcon_core.package_identification:_identify(src/openarm_ros2) by extensions ['ros']
[0.328s] Level 1:colcon.colcon_core.package_identification:_identify(src/openarm_ros2) by extension 'ros'
[0.328s] Level 1:colcon.colcon_core.package_identification:_identify(src/openarm_ros2) by extensions ['cmake', 'python']
[0.328s] Level 1:colcon.colcon_core.package_identification:_identify(src/openarm_ros2) by extension 'cmake'
[0.329s] Level 1:colcon.colcon_core.package_identification:_identify(src/openarm_ros2) by extension 'python'
[0.329s] Level 1:colcon.colcon_core.package_identification:_identify(src/openarm_ros2) by extensions ['python_setup_py']
[0.329s] Level 1:colcon.colcon_core.package_identification:_identify(src/openarm_ros2) by extension 'python_setup_py'
[0.329s] Level 1:colcon.colcon_core.package_identification:_identify(src/openarm_ros2/build) by extensions ['ignore', 'ignore_ament_install']
[0.329s] Level 1:colcon.colcon_core.package_identification:_identify(src/openarm_ros2/build) by extension 'ignore'
[0.329s] Level 1:colcon.colcon_core.package_identification:_identify(src/openarm_ros2/build) ignored
[0.329s] Level 1:colcon.colcon_core.package_identification:_identify(src/openarm_ros2/install) by extensions ['ignore', 'ignore_ament_install']
[0.329s] Level 1:colcon.colcon_core.package_identification:_identify(src/openarm_ros2/install) by extension 'ignore'
[0.329s] Level 1:colcon.colcon_core.package_identification:_identify(src/openarm_ros2/install) ignored
[0.329s] Level 1:colcon.colcon_core.package_identification:_identify(src/openarm_ros2/log) by extensions ['ignore', 'ignore_ament_install']
[0.330s] Level 1:colcon.colcon_core.package_identification:_identify(src/openarm_ros2/log) by extension 'ignore'
[0.330s] Level 1:colcon.colcon_core.package_identification:_identify(src/openarm_ros2/log) ignored
[0.330s] Level 1:colcon.colcon_core.package_identification:_identify(src/openarm_ros2/openarm) by extensions ['ignore', 'ignore_ament_install']
[0.330s] Level 1:colcon.colcon_core.package_identification:_identify(src/openarm_ros2/openarm) by extension 'ignore'
[0.330s] Level 1:colcon.colcon_core.package_identification:_identify(src/openarm_ros2/openarm) by extension 'ignore_ament_install'
[0.330s] Level 1:colcon.colcon_core.package_identification:_identify(src/openarm_ros2/openarm) by extensions ['colcon_pkg']
[0.330s] Level 1:colcon.colcon_core.package_identification:_identify(src/openarm_ros2/openarm) by extension 'colcon_pkg'
[0.330s] Level 1:colcon.colcon_core.package_identification:_identify(src/openarm_ros2/openarm) by extensions ['colcon_meta']
[0.330s] Level 1:colcon.colcon_core.package_identification:_identify(src/openarm_ros2/openarm) by extension 'colcon_meta'
[0.330s] Level 1:colcon.colcon_core.package_identification:_identify(src/openarm_ros2/openarm) by extensions ['ros']
[0.330s] Level 1:colcon.colcon_core.package_identification:_identify(src/openarm_ros2/openarm) by extension 'ros'
[0.332s] DEBUG:colcon.colcon_core.package_identification:Package 'src/openarm_ros2/openarm' with type 'ros.ament_cmake' and name 'openarm'
[0.332s] Level 1:colcon.colcon_core.package_identification:_identify(src/openarm_ros2/openarm_bimanual_moveit_config) by extensions ['ignore', 'ignore_ament_install']
[0.332s] Level 1:colcon.colcon_core.package_identification:_identify(src/openarm_ros2/openarm_bimanual_moveit_config) by extension 'ignore'
[0.332s] Level 1:colcon.colcon_core.package_identification:_identify(src/openarm_ros2/openarm_bimanual_moveit_config) by extension 'ignore_ament_install'
[0.332s] Level 1:colcon.colcon_core.package_identification:_identify(src/openarm_ros2/openarm_bimanual_moveit_config) by extensions ['colcon_pkg']
[0.332s] Level 1:colcon.colcon_core.package_identification:_identify(src/openarm_ros2/openarm_bimanual_moveit_config) by extension 'colcon_pkg'
[0.332s] Level 1:colcon.colcon_core.package_identification:_identify(src/openarm_ros2/openarm_bimanual_moveit_config) by extensions ['colcon_meta']
[0.332s] Level 1:colcon.colcon_core.package_identification:_identify(src/openarm_ros2/openarm_bimanual_moveit_config) by extension 'colcon_meta'
[0.332s] Level 1:colcon.colcon_core.package_identification:_identify(src/openarm_ros2/openarm_bimanual_moveit_config) by extensions ['ros']
[0.332s] Level 1:colcon.colcon_core.package_identification:_identify(src/openarm_ros2/openarm_bimanual_moveit_config) by extension 'ros'
[0.334s] DEBUG:colcon.colcon_core.package_identification:Package 'src/openarm_ros2/openarm_bimanual_moveit_config' with type 'ros.ament_cmake' and name 'openarm_bimanual_moveit_config'
[0.334s] Level 1:colcon.colcon_core.package_identification:_identify(src/openarm_ros2/openarm_bringup) by extensions ['ignore', 'ignore_ament_install']
[0.334s] Level 1:colcon.colcon_core.package_identification:_identify(src/openarm_ros2/openarm_bringup) by extension 'ignore'
[0.334s] Level 1:colcon.colcon_core.package_identification:_identify(src/openarm_ros2/openarm_bringup) by extension 'ignore_ament_install'
[0.335s] Level 1:colcon.colcon_core.package_identification:_identify(src/openarm_ros2/openarm_bringup) by extensions ['colcon_pkg']
[0.335s] Level 1:colcon.colcon_core.package_identification:_identify(src/openarm_ros2/openarm_bringup) by extension 'colcon_pkg'
[0.335s] Level 1:colcon.colcon_core.package_identification:_identify(src/openarm_ros2/openarm_bringup) by extensions ['colcon_meta']
[0.335s] Level 1:colcon.colcon_core.package_identification:_identify(src/openarm_ros2/openarm_bringup) by extension 'colcon_meta'
[0.335s] Level 1:colcon.colcon_core.package_identification:_identify(src/openarm_ros2/openarm_bringup) by extensions ['ros']
[0.335s] Level 1:colcon.colcon_core.package_identification:_identify(src/openarm_ros2/openarm_bringup) by extension 'ros'
[0.336s] DEBUG:colcon.colcon_core.package_identification:Package 'src/openarm_ros2/openarm_bringup' with type 'ros.ament_cmake' and name 'openarm_bringup'
[0.336s] Level 1:colcon.colcon_core.package_identification:_identify(src/openarm_ros2/openarm_hardware) by extensions ['ignore', 'ignore_ament_install']
[0.336s] Level 1:colcon.colcon_core.package_identification:_identify(src/openarm_ros2/openarm_hardware) by extension 'ignore'
[0.336s] Level 1:colcon.colcon_core.package_identification:_identify(src/openarm_ros2/openarm_hardware) by extension 'ignore_ament_install'
[0.336s] Level 1:colcon.colcon_core.package_identification:_identify(src/openarm_ros2/openarm_hardware) by extensions ['colcon_pkg']
[0.336s] Level 1:colcon.colcon_core.package_identification:_identify(src/openarm_ros2/openarm_hardware) by extension 'colcon_pkg'
[0.337s] Level 1:colcon.colcon_core.package_identification:_identify(src/openarm_ros2/openarm_hardware) by extensions ['colcon_meta']
[0.337s] Level 1:colcon.colcon_core.package_identification:_identify(src/openarm_ros2/openarm_hardware) by extension 'colcon_meta'
[0.337s] Level 1:colcon.colcon_core.package_identification:_identify(src/openarm_ros2/openarm_hardware) by extensions ['ros']
[0.337s] Level 1:colcon.colcon_core.package_identification:_identify(src/openarm_ros2/openarm_hardware) by extension 'ros'
[0.338s] DEBUG:colcon.colcon_core.package_identification:Package 'src/openarm_ros2/openarm_hardware' with type 'ros.ament_cmake' and name 'openarm_hardware'
[0.338s] Level 1:colcon.colcon_core.package_discovery:discover_packages(recursive) using defaults
[0.338s] Level 1:colcon.colcon_core.package_discovery:discover_packages(ignore) discover
[0.338s] Level 1:colcon.colcon_core.package_discovery:discover_packages(ignore) using defaults
[0.338s] Level 1:colcon.colcon_core.package_discovery:discover_packages(path) discover
[0.338s] Level 1:colcon.colcon_core.package_discovery:discover_packages(path) using defaults
[0.368s] Level 1:colcon.colcon_core.package_discovery:discover_packages(prefix_path) check parameters
[0.368s] Level 1:colcon.colcon_core.package_discovery:discover_packages(prefix_path) discover
[0.370s] DEBUG:colcon.colcon_installed_package_information.package_discovery:Found 5 installed packages in /home/openarm/ros2_ws2/install
[0.371s] DEBUG:colcon.colcon_installed_package_information.package_discovery:Found 374 installed packages in /opt/ros/humble
[0.373s] Level 1:colcon.colcon_core.package_discovery:discover_packages(prefix_path) using defaults
[0.420s] Level 5:colcon.colcon_core.verb:set package 'openarm_bringup' build argument 'cmake_args' from command line to 'None'
[0.420s] Level 5:colcon.colcon_core.verb:set package 'openarm_bringup' build argument 'cmake_target' from command line to 'None'
[0.420s] Level 5:colcon.colcon_core.verb:set package 'openarm_bringup' build argument 'cmake_target_skip_unavailable' from command line to 'False'
[0.420s] Level 5:colcon.colcon_core.verb:set package 'openarm_bringup' build argument 'cmake_clean_cache' from command line to 'False'
[0.420s] Level 5:colcon.colcon_core.verb:set package 'openarm_bringup' build argument 'cmake_clean_first' from command line to 'False'
[0.421s] Level 5:colcon.colcon_core.verb:set package 'openarm_bringup' build argument 'cmake_force_configure' from command line to 'False'
[0.421s] Level 5:colcon.colcon_core.verb:set package 'openarm_bringup' build argument 'ament_cmake_args' from command line to 'None'
[0.421s] Level 5:colcon.colcon_core.verb:set package 'openarm_bringup' build argument 'catkin_cmake_args' from command line to 'None'
[0.421s] Level 5:colcon.colcon_core.verb:set package 'openarm_bringup' build argument 'catkin_skip_building_tests' from command line to 'False'
[0.421s] DEBUG:colcon.colcon_core.verb:Building package 'openarm_bringup' with the following arguments: {'ament_cmake_args': None, 'build_base': '/home/openarm/ros2_ws2/build/openarm_bringup', 'catkin_cmake_args': None, 'catkin_skip_building_tests': False, 'cmake_args': None, 'cmake_clean_cache': False, 'cmake_clean_first': False, 'cmake_force_configure': False, 'cmake_target': None, 'cmake_target_skip_unavailable': False, 'install_base': '/home/openarm/ros2_ws2/install/openarm_bringup', 'merge_install': False, 'path': '/home/openarm/ros2_ws2/src/openarm_ros2/openarm_bringup', 'symlink_install': False, 'test_result_base': None}
[0.421s] Level 5:colcon.colcon_core.verb:set package 'openarm_description' build argument 'cmake_args' from command line to 'None'
[0.421s] Level 5:colcon.colcon_core.verb:set package 'openarm_description' build argument 'cmake_target' from command line to 'None'
[0.421s] Level 5:colcon.colcon_core.verb:set package 'openarm_description' build argument 'cmake_target_skip_unavailable' from command line to 'False'
[0.421s] Level 5:colcon.colcon_core.verb:set package 'openarm_description' build argument 'cmake_clean_cache' from command line to 'False'
[0.421s] Level 5:colcon.colcon_core.verb:set package 'openarm_description' build argument 'cmake_clean_first' from command line to 'False'
[0.421s] Level 5:colcon.colcon_core.verb:set package 'openarm_description' build argument 'cmake_force_configure' from command line to 'False'
[0.421s] Level 5:colcon.colcon_core.verb:set package 'openarm_description' build argument 'ament_cmake_args' from command line to 'None'
[0.421s] Level 5:colcon.colcon_core.verb:set package 'openarm_description' build argument 'catkin_cmake_args' from command line to 'None'
[0.421s] Level 5:colcon.colcon_core.verb:set package 'openarm_description' build argument 'catkin_skip_building_tests' from command line to 'False'
[0.421s] DEBUG:colcon.colcon_core.verb:Building package 'openarm_description' with the following arguments: {'ament_cmake_args': None, 'build_base': '/home/openarm/ros2_ws2/build/openarm_description', 'catkin_cmake_args': None, 'catkin_skip_building_tests': False, 'cmake_args': None, 'cmake_clean_cache': False, 'cmake_clean_first': False, 'cmake_force_configure': False, 'cmake_target': None, 'cmake_target_skip_unavailable': False, 'install_base': '/home/openarm/ros2_ws2/install/openarm_description', 'merge_install': False, 'path': '/home/openarm/ros2_ws2/src/openarm_description', 'symlink_install': False, 'test_result_base': None}
[0.422s] Level 5:colcon.colcon_core.verb:set package 'openarm_hardware' build argument 'cmake_args' from command line to 'None'
[0.422s] Level 5:colcon.colcon_core.verb:set package 'openarm_hardware' build argument 'cmake_target' from command line to 'None'
[0.422s] Level 5:colcon.colcon_core.verb:set package 'openarm_hardware' build argument 'cmake_target_skip_unavailable' from command line to 'False'
[0.422s] Level 5:colcon.colcon_core.verb:set package 'openarm_hardware' build argument 'cmake_clean_cache' from command line to 'False'
[0.422s] Level 5:colcon.colcon_core.verb:set package 'openarm_hardware' build argument 'cmake_clean_first' from command line to 'False'
[0.422s] Level 5:colcon.colcon_core.verb:set package 'openarm_hardware' build argument 'cmake_force_configure' from command line to 'False'
[0.422s] Level 5:colcon.colcon_core.verb:set package 'openarm_hardware' build argument 'ament_cmake_args' from command line to 'None'
[0.422s] Level 5:colcon.colcon_core.verb:set package 'openarm_hardware' build argument 'catkin_cmake_args' from command line to 'None'
[0.422s] Level 5:colcon.colcon_core.verb:set package 'openarm_hardware' build argument 'catkin_skip_building_tests' from command line to 'False'
[0.422s] DEBUG:colcon.colcon_core.verb:Building package 'openarm_hardware' with the following arguments: {'ament_cmake_args': None, 'build_base': '/home/openarm/ros2_ws2/build/openarm_hardware', 'catkin_cmake_args': None, 'catkin_skip_building_tests': False, 'cmake_args': None, 'cmake_clean_cache': False, 'cmake_clean_first': False, 'cmake_force_configure': False, 'cmake_target': None, 'cmake_target_skip_unavailable': False, 'install_base': '/home/openarm/ros2_ws2/install/openarm_hardware', 'merge_install': False, 'path': '/home/openarm/ros2_ws2/src/openarm_ros2/openarm_hardware', 'symlink_install': False, 'test_result_base': None}
[0.422s] Level 5:colcon.colcon_core.verb:set package 'openarm_bimanual_moveit_config' build argument 'cmake_args' from command line to 'None'
[0.422s] Level 5:colcon.colcon_core.verb:set package 'openarm_bimanual_moveit_config' build argument 'cmake_target' from command line to 'None'
[0.422s] Level 5:colcon.colcon_core.verb:set package 'openarm_bimanual_moveit_config' build argument 'cmake_target_skip_unavailable' from command line to 'False'
[0.422s] Level 5:colcon.colcon_core.verb:set package 'openarm_bimanual_moveit_config' build argument 'cmake_clean_cache' from command line to 'False'
[0.422s] Level 5:colcon.colcon_core.verb:set package 'openarm_bimanual_moveit_config' build argument 'cmake_clean_first' from command line to 'False'
[0.422s] Level 5:colcon.colcon_core.verb:set package 'openarm_bimanual_moveit_config' build argument 'cmake_force_configure' from command line to 'False'
[0.422s] Level 5:colcon.colcon_core.verb:set package 'openarm_bimanual_moveit_config' build argument 'ament_cmake_args' from command line to 'None'
[0.422s] Level 5:colcon.colcon_core.verb:set package 'openarm_bimanual_moveit_config' build argument 'catkin_cmake_args' from command line to 'None'
[0.422s] Level 5:colcon.colcon_core.verb:set package 'openarm_bimanual_moveit_config' build argument 'catkin_skip_building_tests' from command line to 'False'
[0.422s] DEBUG:colcon.colcon_core.verb:Building package 'openarm_bimanual_moveit_config' with the following arguments: {'ament_cmake_args': None, 'build_base': '/home/openarm/ros2_ws2/build/openarm_bimanual_moveit_config', 'catkin_cmake_args': None, 'catkin_skip_building_tests': False, 'cmake_args': None, 'cmake_clean_cache': False, 'cmake_clean_first': False, 'cmake_force_configure': False, 'cmake_target': None, 'cmake_target_skip_unavailable': False, 'install_base': '/home/openarm/ros2_ws2/install/openarm_bimanual_moveit_config', 'merge_install': False, 'path': '/home/openarm/ros2_ws2/src/openarm_ros2/openarm_bimanual_moveit_config', 'symlink_install': False, 'test_result_base': None}
[0.423s] Level 5:colcon.colcon_core.verb:set package 'openarm' build argument 'cmake_args' from command line to 'None'
[0.423s] Level 5:colcon.colcon_core.verb:set package 'openarm' build argument 'cmake_target' from command line to 'None'
[0.423s] Level 5:colcon.colcon_core.verb:set package 'openarm' build argument 'cmake_target_skip_unavailable' from command line to 'False'
[0.423s] Level 5:colcon.colcon_core.verb:set package 'openarm' build argument 'cmake_clean_cache' from command line to 'False'
[0.423s] Level 5:colcon.colcon_core.verb:set package 'openarm' build argument 'cmake_clean_first' from command line to 'False'
[0.423s] Level 5:colcon.colcon_core.verb:set package 'openarm' build argument 'cmake_force_configure' from command line to 'False'
[0.423s] Level 5:colcon.colcon_core.verb:set package 'openarm' build argument 'ament_cmake_args' from command line to 'None'
[0.423s] Level 5:colcon.colcon_core.verb:set package 'openarm' build argument 'catkin_cmake_args' from command line to 'None'
[0.423s] Level 5:colcon.colcon_core.verb:set package 'openarm' build argument 'catkin_skip_building_tests' from command line to 'False'
[0.423s] DEBUG:colcon.colcon_core.verb:Building package 'openarm' with the following arguments: {'ament_cmake_args': None, 'build_base': '/home/openarm/ros2_ws2/build/openarm', 'catkin_cmake_args': None, 'catkin_skip_building_tests': False, 'cmake_args': None, 'cmake_clean_cache': False, 'cmake_clean_first': False, 'cmake_force_configure': False, 'cmake_target': None, 'cmake_target_skip_unavailable': False, 'install_base': '/home/openarm/ros2_ws2/install/openarm', 'merge_install': False, 'path': '/home/openarm/ros2_ws2/src/openarm_ros2/openarm', 'symlink_install': False, 'test_result_base': None}
[0.423s] INFO:colcon.colcon_core.executor:Executing jobs using 'parallel' executor
[0.424s] DEBUG:colcon.colcon_parallel_executor.executor.parallel:run_until_complete
[0.424s] INFO:colcon.colcon_ros.task.ament_cmake.build:Building ROS package in '/home/openarm/ros2_ws2/src/openarm_description' with build type 'ament_cmake'
[0.424s] INFO:colcon.colcon_cmake.task.cmake.build:Building CMake package in '/home/openarm/ros2_ws2/src/openarm_description'
[0.427s] INFO:colcon.colcon_core.plugin_system:Skipping extension 'colcon_core.shell.bat': Not used on non-Windows systems
[0.427s] INFO:colcon.colcon_core.shell:Skip shell extension 'powershell' for command environment: Not usable outside of PowerShell
[0.427s] DEBUG:colcon.colcon_core.shell:Skip shell extension 'dsv' for command environment
[0.431s] INFO:colcon.colcon_ros.task.ament_cmake.build:Building ROS package in '/home/openarm/ros2_ws2/src/openarm_ros2/openarm_bringup' with build type 'ament_cmake'
[0.431s] INFO:colcon.colcon_cmake.task.cmake.build:Building CMake package in '/home/openarm/ros2_ws2/src/openarm_ros2/openarm_bringup'
[0.431s] INFO:colcon.colcon_core.shell:Skip shell extension 'powershell' for command environment: Not usable outside of PowerShell
[0.431s] DEBUG:colcon.colcon_core.shell:Skip shell extension 'dsv' for command environment
[0.435s] INFO:colcon.colcon_ros.task.ament_cmake.build:Building ROS package in '/home/openarm/ros2_ws2/src/openarm_ros2/openarm_hardware' with build type 'ament_cmake'
[0.435s] INFO:colcon.colcon_cmake.task.cmake.build:Building CMake package in '/home/openarm/ros2_ws2/src/openarm_ros2/openarm_hardware'
[0.436s] INFO:colcon.colcon_core.shell:Skip shell extension 'powershell' for command environment: Not usable outside of PowerShell
[0.436s] DEBUG:colcon.colcon_core.shell:Skip shell extension 'dsv' for command environment
[0.448s] DEBUG:colcon.colcon_core.event_handler.log_command:Invoking command in '/home/openarm/ros2_ws2/build/openarm_description': CMAKE_PREFIX_PATH=${CMAKE_PREFIX_PATH}:/opt/ros/humble /usr/bin/cmake --build /home/openarm/ros2_ws2/build/openarm_description -- -j4 -l4
[0.453s] DEBUG:colcon.colcon_core.event_handler.log_command:Invoking command in '/home/openarm/ros2_ws2/build/openarm_bringup': CMAKE_PREFIX_PATH=${CMAKE_PREFIX_PATH}:/opt/ros/humble /usr/bin/cmake --build /home/openarm/ros2_ws2/build/openarm_bringup -- -j4 -l4
[0.460s] DEBUG:colcon.colcon_core.event_handler.log_command:Invoking command in '/home/openarm/ros2_ws2/build/openarm_hardware': CMAKE_PREFIX_PATH=${CMAKE_PREFIX_PATH}:/opt/ros/humble /usr/bin/cmake --build /home/openarm/ros2_ws2/build/openarm_hardware -- -j4 -l4
[0.502s] DEBUG:colcon.colcon_core.event_handler.log_command:Invoked command in '/home/openarm/ros2_ws2/build/openarm_description' returned '0': CMAKE_PREFIX_PATH=${CMAKE_PREFIX_PATH}:/opt/ros/humble /usr/bin/cmake --build /home/openarm/ros2_ws2/build/openarm_description -- -j4 -l4
[0.518s] DEBUG:colcon.colcon_core.event_handler.log_command:Invoking command in '/home/openarm/ros2_ws2/build/openarm_description': CMAKE_PREFIX_PATH=${CMAKE_PREFIX_PATH}:/opt/ros/humble /usr/bin/cmake --install /home/openarm/ros2_ws2/build/openarm_description
[0.521s] DEBUG:colcon.colcon_core.event_handler.log_command:Invoked command in '/home/openarm/ros2_ws2/build/openarm_bringup' returned '0': CMAKE_PREFIX_PATH=${CMAKE_PREFIX_PATH}:/opt/ros/humble /usr/bin/cmake --build /home/openarm/ros2_ws2/build/openarm_bringup -- -j4 -l4
[0.531s] DEBUG:colcon.colcon_core.event_handler.log_command:Invoking command in '/home/openarm/ros2_ws2/build/openarm_bringup': CMAKE_PREFIX_PATH=${CMAKE_PREFIX_PATH}:/opt/ros/humble /usr/bin/cmake --install /home/openarm/ros2_ws2/build/openarm_bringup
[0.550s] Level 1:colcon.colcon_core.environment:create_environment_scripts_only(openarm_description)
[0.559s] DEBUG:colcon.colcon_core.event_handler.log_command:Invoked command in '/home/openarm/ros2_ws2/build/openarm_description' returned '0': CMAKE_PREFIX_PATH=${CMAKE_PREFIX_PATH}:/opt/ros/humble /usr/bin/cmake --install /home/openarm/ros2_ws2/build/openarm_description
[0.560s] Level 1:colcon.colcon_core.environment:checking '/home/openarm/ros2_ws2/install/openarm_description' for CMake module files
[0.561s] Level 1:colcon.colcon_core.environment:checking '/home/openarm/ros2_ws2/install/openarm_description' for CMake config files
[0.562s] Level 1:colcon.colcon_core.shell:create_environment_hook('openarm_description', 'cmake_prefix_path')
[0.563s] INFO:colcon.colcon_core.shell:Creating environment hook '/home/openarm/ros2_ws2/install/openarm_description/share/openarm_description/hook/cmake_prefix_path.ps1'
[0.564s] INFO:colcon.colcon_core.shell:Creating environment descriptor '/home/openarm/ros2_ws2/install/openarm_description/share/openarm_description/hook/cmake_prefix_path.dsv'
[0.564s] INFO:colcon.colcon_core.shell:Creating environment hook '/home/openarm/ros2_ws2/install/openarm_description/share/openarm_description/hook/cmake_prefix_path.sh'
[0.566s] Level 1:colcon.colcon_core.environment:checking '/home/openarm/ros2_ws2/install/openarm_description/bin'
[0.566s] Level 1:colcon.colcon_core.environment:checking '/home/openarm/ros2_ws2/install/openarm_description/lib/pkgconfig/openarm_description.pc'
[0.567s] Level 1:colcon.colcon_core.environment:checking '/home/openarm/ros2_ws2/install/openarm_description/lib/python3.10/site-packages'
[0.567s] Level 1:colcon.colcon_core.environment:checking '/home/openarm/ros2_ws2/install/openarm_description/bin'
[0.568s] INFO:colcon.colcon_core.shell:Creating package script '/home/openarm/ros2_ws2/install/openarm_description/share/openarm_description/package.ps1'
[0.569s] INFO:colcon.colcon_core.shell:Creating package descriptor '/home/openarm/ros2_ws2/install/openarm_description/share/openarm_description/package.dsv'
[0.570s] INFO:colcon.colcon_core.shell:Creating package script '/home/openarm/ros2_ws2/install/openarm_description/share/openarm_description/package.sh'
[0.572s] INFO:colcon.colcon_core.shell:Creating package script '/home/openarm/ros2_ws2/install/openarm_description/share/openarm_description/package.bash'
[0.573s] INFO:colcon.colcon_core.shell:Creating package script '/home/openarm/ros2_ws2/install/openarm_description/share/openarm_description/package.zsh'
[0.576s] Level 1:colcon.colcon_core.environment:create_file_with_runtime_dependencies(/home/openarm/ros2_ws2/install/openarm_description/share/colcon-core/packages/openarm_description)
[0.577s] Level 1:colcon.colcon_core.environment:create_environment_scripts_only(openarm_description)
[0.577s] Level 1:colcon.colcon_core.environment:checking '/home/openarm/ros2_ws2/install/openarm_description' for CMake module files
[0.578s] Level 1:colcon.colcon_core.environment:checking '/home/openarm/ros2_ws2/install/openarm_description' for CMake config files
[0.579s] Level 1:colcon.colcon_core.shell:create_environment_hook('openarm_description', 'cmake_prefix_path')
[0.580s] INFO:colcon.colcon_core.shell:Creating environment hook '/home/openarm/ros2_ws2/install/openarm_description/share/openarm_description/hook/cmake_prefix_path.ps1'
[0.581s] INFO:colcon.colcon_core.shell:Creating environment descriptor '/home/openarm/ros2_ws2/install/openarm_description/share/openarm_description/hook/cmake_prefix_path.dsv'
[0.581s] INFO:colcon.colcon_core.shell:Creating environment hook '/home/openarm/ros2_ws2/install/openarm_description/share/openarm_description/hook/cmake_prefix_path.sh'
[0.582s] Level 1:colcon.colcon_core.environment:checking '/home/openarm/ros2_ws2/install/openarm_description/bin'
[0.582s] Level 1:colcon.colcon_core.environment:checking '/home/openarm/ros2_ws2/install/openarm_description/lib/pkgconfig/openarm_description.pc'
[0.583s] Level 1:colcon.colcon_core.environment:checking '/home/openarm/ros2_ws2/install/openarm_description/lib/python3.10/site-packages'
[0.583s] Level 1:colcon.colcon_core.environment:checking '/home/openarm/ros2_ws2/install/openarm_description/bin'
[0.584s] INFO:colcon.colcon_core.shell:Creating package script '/home/openarm/ros2_ws2/install/openarm_description/share/openarm_description/package.ps1'
[0.584s] INFO:colcon.colcon_core.shell:Creating package descriptor '/home/openarm/ros2_ws2/install/openarm_description/share/openarm_description/package.dsv'
[0.585s] INFO:colcon.colcon_core.shell:Creating package script '/home/openarm/ros2_ws2/install/openarm_description/share/openarm_description/package.sh'
[0.586s] INFO:colcon.colcon_core.shell:Creating package script '/home/openarm/ros2_ws2/install/openarm_description/share/openarm_description/package.bash'
[0.586s] INFO:colcon.colcon_core.shell:Creating package script '/home/openarm/ros2_ws2/install/openarm_description/share/openarm_description/package.zsh'
[0.587s] Level 1:colcon.colcon_core.environment:create_file_with_runtime_dependencies(/home/openarm/ros2_ws2/install/openarm_description/share/colcon-core/packages/openarm_description)
[0.588s] INFO:colcon.colcon_ros.task.ament_cmake.build:Building ROS package in '/home/openarm/ros2_ws2/src/openarm_ros2/openarm_bimanual_moveit_config' with build type 'ament_cmake'
[0.588s] INFO:colcon.colcon_cmake.task.cmake.build:Building CMake package in '/home/openarm/ros2_ws2/src/openarm_ros2/openarm_bimanual_moveit_config'
[0.589s] INFO:colcon.colcon_core.shell:Skip shell extension 'powershell' for command environment: Not usable outside of PowerShell
[0.589s] DEBUG:colcon.colcon_core.shell:Skip shell extension 'dsv' for command environment
[0.595s] Level 1:colcon.colcon_core.environment:create_environment_scripts_only(openarm_bringup)
[0.596s] Level 1:colcon.colcon_core.environment:checking '/home/openarm/ros2_ws2/install/openarm_bringup' for CMake module files
[0.596s] Level 1:colcon.colcon_core.environment:checking '/home/openarm/ros2_ws2/install/openarm_bringup' for CMake config files
[0.597s] Level 1:colcon.colcon_core.shell:create_environment_hook('openarm_bringup', 'cmake_prefix_path')
[0.597s] INFO:colcon.colcon_core.shell:Creating environment hook '/home/openarm/ros2_ws2/install/openarm_bringup/share/openarm_bringup/hook/cmake_prefix_path.ps1'
[0.599s] INFO:colcon.colcon_core.shell:Creating environment descriptor '/home/openarm/ros2_ws2/install/openarm_bringup/share/openarm_bringup/hook/cmake_prefix_path.dsv'
[0.599s] DEBUG:colcon.colcon_core.event_handler.log_command:Invoked command in '/home/openarm/ros2_ws2/build/openarm_bringup' returned '0': CMAKE_PREFIX_PATH=${CMAKE_PREFIX_PATH}:/opt/ros/humble /usr/bin/cmake --install /home/openarm/ros2_ws2/build/openarm_bringup
[0.599s] INFO:colcon.colcon_core.shell:Creating environment hook '/home/openarm/ros2_ws2/install/openarm_bringup/share/openarm_bringup/hook/cmake_prefix_path.sh'
[0.600s] Level 1:colcon.colcon_core.environment:checking '/home/openarm/ros2_ws2/install/openarm_bringup/bin'
[0.600s] Level 1:colcon.colcon_core.environment:checking '/home/openarm/ros2_ws2/install/openarm_bringup/lib/pkgconfig/openarm_bringup.pc'
[0.600s] Level 1:colcon.colcon_core.environment:checking '/home/openarm/ros2_ws2/install/openarm_bringup/lib/python3.10/site-packages'
[0.601s] Level 1:colcon.colcon_core.environment:checking '/home/openarm/ros2_ws2/install/openarm_bringup/bin'
[0.602s] INFO:colcon.colcon_core.shell:Creating package script '/home/openarm/ros2_ws2/install/openarm_bringup/share/openarm_bringup/package.ps1'
[0.603s] INFO:colcon.colcon_core.shell:Creating package descriptor '/home/openarm/ros2_ws2/install/openarm_bringup/share/openarm_bringup/package.dsv'
[0.603s] INFO:colcon.colcon_core.shell:Creating package script '/home/openarm/ros2_ws2/install/openarm_bringup/share/openarm_bringup/package.sh'
[0.604s] INFO:colcon.colcon_core.shell:Creating package script '/home/openarm/ros2_ws2/install/openarm_bringup/share/openarm_bringup/package.bash'
[0.605s] INFO:colcon.colcon_core.shell:Creating package script '/home/openarm/ros2_ws2/install/openarm_bringup/share/openarm_bringup/package.zsh'
[0.605s] Level 1:colcon.colcon_core.environment:create_file_with_runtime_dependencies(/home/openarm/ros2_ws2/install/openarm_bringup/share/colcon-core/packages/openarm_bringup)
[0.606s] Level 1:colcon.colcon_core.environment:create_environment_scripts_only(openarm_bringup)
[0.606s] Level 1:colcon.colcon_core.environment:checking '/home/openarm/ros2_ws2/install/openarm_bringup' for CMake module files
[0.607s] Level 1:colcon.colcon_core.environment:checking '/home/openarm/ros2_ws2/install/openarm_bringup' for CMake config files
[0.608s] Level 1:colcon.colcon_core.shell:create_environment_hook('openarm_bringup', 'cmake_prefix_path')
[0.608s] INFO:colcon.colcon_core.shell:Creating environment hook '/home/openarm/ros2_ws2/install/openarm_bringup/share/openarm_bringup/hook/cmake_prefix_path.ps1'
[0.609s] INFO:colcon.colcon_core.shell:Creating environment descriptor '/home/openarm/ros2_ws2/install/openarm_bringup/share/openarm_bringup/hook/cmake_prefix_path.dsv'
[0.609s] INFO:colcon.colcon_core.shell:Creating environment hook '/home/openarm/ros2_ws2/install/openarm_bringup/share/openarm_bringup/hook/cmake_prefix_path.sh'
[0.610s] Level 1:colcon.colcon_core.environment:checking '/home/openarm/ros2_ws2/install/openarm_bringup/bin'
[0.610s] Level 1:colcon.colcon_core.environment:checking '/home/openarm/ros2_ws2/install/openarm_bringup/lib/pkgconfig/openarm_bringup.pc'
[0.611s] Level 1:colcon.colcon_core.environment:checking '/home/openarm/ros2_ws2/install/openarm_bringup/lib/python3.10/site-packages'
[0.612s] Level 1:colcon.colcon_core.environment:checking '/home/openarm/ros2_ws2/install/openarm_bringup/bin'
[0.612s] INFO:colcon.colcon_core.shell:Creating package script '/home/openarm/ros2_ws2/install/openarm_bringup/share/openarm_bringup/package.ps1'
[0.613s] INFO:colcon.colcon_core.shell:Creating package descriptor '/home/openarm/ros2_ws2/install/openarm_bringup/share/openarm_bringup/package.dsv'
[0.614s] INFO:colcon.colcon_core.shell:Creating package script '/home/openarm/ros2_ws2/install/openarm_bringup/share/openarm_bringup/package.sh'
[0.614s] INFO:colcon.colcon_core.shell:Creating package script '/home/openarm/ros2_ws2/install/openarm_bringup/share/openarm_bringup/package.bash'
[0.615s] INFO:colcon.colcon_core.shell:Creating package script '/home/openarm/ros2_ws2/install/openarm_bringup/share/openarm_bringup/package.zsh'
[0.615s] Level 1:colcon.colcon_core.environment:create_file_with_runtime_dependencies(/home/openarm/ros2_ws2/install/openarm_bringup/share/colcon-core/packages/openarm_bringup)
[0.621s] DEBUG:colcon.colcon_core.event_handler.log_command:Invoking command in '/home/openarm/ros2_ws2/build/openarm_bimanual_moveit_config': CMAKE_PREFIX_PATH=/home/openarm/ros2_ws2/install/openarm_description:/home/openarm/ros2_ws2/install/openarm:/home/openarm/ros2_ws2/install/openarm_hardware:/home/openarm/ros2_ws2/install/openarm_bimanual_moveit_config:/home/openarm/ros2_ws2/install/openarm_bringup:/opt/ros/humble /usr/bin/cmake --build /home/openarm/ros2_ws2/build/openarm_bimanual_moveit_config -- -j4 -l4
[0.656s] DEBUG:colcon.colcon_core.event_handler.log_command:Invoked command in '/home/openarm/ros2_ws2/build/openarm_bimanual_moveit_config' returned '0': CMAKE_PREFIX_PATH=/home/openarm/ros2_ws2/install/openarm_description:/home/openarm/ros2_ws2/install/openarm:/home/openarm/ros2_ws2/install/openarm_hardware:/home/openarm/ros2_ws2/install/openarm_bimanual_moveit_config:/home/openarm/ros2_ws2/install/openarm_bringup:/opt/ros/humble /usr/bin/cmake --build /home/openarm/ros2_ws2/build/openarm_bimanual_moveit_config -- -j4 -l4
[0.659s] DEBUG:colcon.colcon_core.event_handler.log_command:Invoking command in '/home/openarm/ros2_ws2/build/openarm_bimanual_moveit_config': CMAKE_PREFIX_PATH=/home/openarm/ros2_ws2/install/openarm_description:/home/openarm/ros2_ws2/install/openarm:/home/openarm/ros2_ws2/install/openarm_hardware:/home/openarm/ros2_ws2/install/openarm_bimanual_moveit_config:/home/openarm/ros2_ws2/install/openarm_bringup:/opt/ros/humble /usr/bin/cmake --install /home/openarm/ros2_ws2/build/openarm_bimanual_moveit_config
[0.683s] Level 1:colcon.colcon_core.environment:create_environment_scripts_only(openarm_bimanual_moveit_config)
[0.684s] Level 1:colcon.colcon_core.environment:checking '/home/openarm/ros2_ws2/install/openarm_bimanual_moveit_config' for CMake module files
[0.685s] Level 1:colcon.colcon_core.environment:checking '/home/openarm/ros2_ws2/install/openarm_bimanual_moveit_config' for CMake config files
[0.688s] DEBUG:colcon.colcon_core.event_handler.log_command:Invoked command in '/home/openarm/ros2_ws2/build/openarm_bimanual_moveit_config' returned '0': CMAKE_PREFIX_PATH=/home/openarm/ros2_ws2/install/openarm_description:/home/openarm/ros2_ws2/install/openarm:/home/openarm/ros2_ws2/install/openarm_hardware:/home/openarm/ros2_ws2/install/openarm_bimanual_moveit_config:/home/openarm/ros2_ws2/install/openarm_bringup:/opt/ros/humble /usr/bin/cmake --install /home/openarm/ros2_ws2/build/openarm_bimanual_moveit_config
[0.688s] Level 1:colcon.colcon_core.shell:create_environment_hook('openarm_bimanual_moveit_config', 'cmake_prefix_path')
[0.688s] INFO:colcon.colcon_core.shell:Creating environment hook '/home/openarm/ros2_ws2/install/openarm_bimanual_moveit_config/share/openarm_bimanual_moveit_config/hook/cmake_prefix_path.ps1'
[0.689s] INFO:colcon.colcon_core.shell:Creating environment descriptor '/home/openarm/ros2_ws2/install/openarm_bimanual_moveit_config/share/openarm_bimanual_moveit_config/hook/cmake_prefix_path.dsv'
[0.689s] INFO:colcon.colcon_core.shell:Creating environment hook '/home/openarm/ros2_ws2/install/openarm_bimanual_moveit_config/share/openarm_bimanual_moveit_config/hook/cmake_prefix_path.sh'
[0.690s] Level 1:colcon.colcon_core.environment:checking '/home/openarm/ros2_ws2/install/openarm_bimanual_moveit_config/bin'
[0.690s] Level 1:colcon.colcon_core.environment:checking '/home/openarm/ros2_ws2/install/openarm_bimanual_moveit_config/lib/pkgconfig/openarm_bimanual_moveit_config.pc'
[0.690s] Level 1:colcon.colcon_core.environment:checking '/home/openarm/ros2_ws2/install/openarm_bimanual_moveit_config/lib/python3.10/site-packages'
[0.690s] Level 1:colcon.colcon_core.environment:checking '/home/openarm/ros2_ws2/install/openarm_bimanual_moveit_config/bin'
[0.691s] INFO:colcon.colcon_core.shell:Creating package script '/home/openarm/ros2_ws2/install/openarm_bimanual_moveit_config/share/openarm_bimanual_moveit_config/package.ps1'
[0.691s] INFO:colcon.colcon_core.shell:Creating package descriptor '/home/openarm/ros2_ws2/install/openarm_bimanual_moveit_config/share/openarm_bimanual_moveit_config/package.dsv'
[0.691s] INFO:colcon.colcon_core.shell:Creating package script '/home/openarm/ros2_ws2/install/openarm_bimanual_moveit_config/share/openarm_bimanual_moveit_config/package.sh'
[0.692s] INFO:colcon.colcon_core.shell:Creating package script '/home/openarm/ros2_ws2/install/openarm_bimanual_moveit_config/share/openarm_bimanual_moveit_config/package.bash'
[0.692s] INFO:colcon.colcon_core.shell:Creating package script '/home/openarm/ros2_ws2/install/openarm_bimanual_moveit_config/share/openarm_bimanual_moveit_config/package.zsh'
[0.693s] Level 1:colcon.colcon_core.environment:create_file_with_runtime_dependencies(/home/openarm/ros2_ws2/install/openarm_bimanual_moveit_config/share/colcon-core/packages/openarm_bimanual_moveit_config)
[0.693s] Level 1:colcon.colcon_core.environment:create_environment_scripts_only(openarm_bimanual_moveit_config)
[0.693s] Level 1:colcon.colcon_core.environment:checking '/home/openarm/ros2_ws2/install/openarm_bimanual_moveit_config' for CMake module files
[0.694s] Level 1:colcon.colcon_core.environment:checking '/home/openarm/ros2_ws2/install/openarm_bimanual_moveit_config' for CMake config files
[0.694s] Level 1:colcon.colcon_core.shell:create_environment_hook('openarm_bimanual_moveit_config', 'cmake_prefix_path')
[0.694s] INFO:colcon.colcon_core.shell:Creating environment hook '/home/openarm/ros2_ws2/install/openarm_bimanual_moveit_config/share/openarm_bimanual_moveit_config/hook/cmake_prefix_path.ps1'
[0.695s] INFO:colcon.colcon_core.shell:Creating environment descriptor '/home/openarm/ros2_ws2/install/openarm_bimanual_moveit_config/share/openarm_bimanual_moveit_config/hook/cmake_prefix_path.dsv'
[0.695s] INFO:colcon.colcon_core.shell:Creating environment hook '/home/openarm/ros2_ws2/install/openarm_bimanual_moveit_config/share/openarm_bimanual_moveit_config/hook/cmake_prefix_path.sh'
[0.695s] Level 1:colcon.colcon_core.environment:checking '/home/openarm/ros2_ws2/install/openarm_bimanual_moveit_config/bin'
[0.696s] Level 1:colcon.colcon_core.environment:checking '/home/openarm/ros2_ws2/install/openarm_bimanual_moveit_config/lib/pkgconfig/openarm_bimanual_moveit_config.pc'
[0.696s] Level 1:colcon.colcon_core.environment:checking '/home/openarm/ros2_ws2/install/openarm_bimanual_moveit_config/lib/python3.10/site-packages'
[0.696s] Level 1:colcon.colcon_core.environment:checking '/home/openarm/ros2_ws2/install/openarm_bimanual_moveit_config/bin'
[0.696s] INFO:colcon.colcon_core.shell:Creating package script '/home/openarm/ros2_ws2/install/openarm_bimanual_moveit_config/share/openarm_bimanual_moveit_config/package.ps1'
[0.697s] INFO:colcon.colcon_core.shell:Creating package descriptor '/home/openarm/ros2_ws2/install/openarm_bimanual_moveit_config/share/openarm_bimanual_moveit_config/package.dsv'
[0.697s] INFO:colcon.colcon_core.shell:Creating package script '/home/openarm/ros2_ws2/install/openarm_bimanual_moveit_config/share/openarm_bimanual_moveit_config/package.sh'
[0.698s] INFO:colcon.colcon_core.shell:Creating package script '/home/openarm/ros2_ws2/install/openarm_bimanual_moveit_config/share/openarm_bimanual_moveit_config/package.bash'
[0.698s] INFO:colcon.colcon_core.shell:Creating package script '/home/openarm/ros2_ws2/install/openarm_bimanual_moveit_config/share/openarm_bimanual_moveit_config/package.zsh'
[0.699s] Level 1:colcon.colcon_core.environment:create_file_with_runtime_dependencies(/home/openarm/ros2_ws2/install/openarm_bimanual_moveit_config/share/colcon-core/packages/openarm_bimanual_moveit_config)
[4.791s] DEBUG:colcon.colcon_core.event_handler.log_command:Invoked command in '/home/openarm/ros2_ws2/build/openarm_hardware' returned '0': CMAKE_PREFIX_PATH=${CMAKE_PREFIX_PATH}:/opt/ros/humble /usr/bin/cmake --build /home/openarm/ros2_ws2/build/openarm_hardware -- -j4 -l4
[4.795s] DEBUG:colcon.colcon_core.event_handler.log_command:Invoking command in '/home/openarm/ros2_ws2/build/openarm_hardware': CMAKE_PREFIX_PATH=${CMAKE_PREFIX_PATH}:/opt/ros/humble /usr/bin/cmake --install /home/openarm/ros2_ws2/build/openarm_hardware
[4.813s] Level 1:colcon.colcon_core.environment:create_environment_scripts_only(openarm_hardware)
[4.813s] Level 1:colcon.colcon_core.environment:checking '/home/openarm/ros2_ws2/install/openarm_hardware' for CMake module files
[4.814s] DEBUG:colcon.colcon_core.event_handler.log_command:Invoked command in '/home/openarm/ros2_ws2/build/openarm_hardware' returned '0': CMAKE_PREFIX_PATH=${CMAKE_PREFIX_PATH}:/opt/ros/humble /usr/bin/cmake --install /home/openarm/ros2_ws2/build/openarm_hardware
[4.815s] Level 1:colcon.colcon_core.environment:checking '/home/openarm/ros2_ws2/install/openarm_hardware' for CMake config files
[4.815s] Level 1:colcon.colcon_core.shell:create_environment_hook('openarm_hardware', 'cmake_prefix_path')
[4.815s] INFO:colcon.colcon_core.shell:Creating environment hook '/home/openarm/ros2_ws2/install/openarm_hardware/share/openarm_hardware/hook/cmake_prefix_path.ps1'
[4.816s] INFO:colcon.colcon_core.shell:Creating environment descriptor '/home/openarm/ros2_ws2/install/openarm_hardware/share/openarm_hardware/hook/cmake_prefix_path.dsv'
[4.817s] INFO:colcon.colcon_core.shell:Creating environment hook '/home/openarm/ros2_ws2/install/openarm_hardware/share/openarm_hardware/hook/cmake_prefix_path.sh'
[4.817s] Level 1:colcon.colcon_core.environment:checking '/home/openarm/ros2_ws2/install/openarm_hardware/lib'
[4.818s] Level 1:colcon.colcon_core.shell:create_environment_hook('openarm_hardware', 'ld_library_path_lib')
[4.818s] INFO:colcon.colcon_core.shell:Creating environment hook '/home/openarm/ros2_ws2/install/openarm_hardware/share/openarm_hardware/hook/ld_library_path_lib.ps1'
[4.819s] INFO:colcon.colcon_core.shell:Creating environment descriptor '/home/openarm/ros2_ws2/install/openarm_hardware/share/openarm_hardware/hook/ld_library_path_lib.dsv'
[4.819s] INFO:colcon.colcon_core.shell:Creating environment hook '/home/openarm/ros2_ws2/install/openarm_hardware/share/openarm_hardware/hook/ld_library_path_lib.sh'
[4.820s] Level 1:colcon.colcon_core.environment:checking '/home/openarm/ros2_ws2/install/openarm_hardware/bin'
[4.820s] Level 1:colcon.colcon_core.environment:checking '/home/openarm/ros2_ws2/install/openarm_hardware/lib/pkgconfig/openarm_hardware.pc'
[4.820s] Level 1:colcon.colcon_core.environment:checking '/home/openarm/ros2_ws2/install/openarm_hardware/lib/python3.10/site-packages'
[4.821s] Level 1:colcon.colcon_core.environment:checking '/home/openarm/ros2_ws2/install/openarm_hardware/bin'
[4.821s] INFO:colcon.colcon_core.shell:Creating package script '/home/openarm/ros2_ws2/install/openarm_hardware/share/openarm_hardware/package.ps1'
[4.822s] INFO:colcon.colcon_core.shell:Creating package descriptor '/home/openarm/ros2_ws2/install/openarm_hardware/share/openarm_hardware/package.dsv'
[4.823s] INFO:colcon.colcon_core.shell:Creating package script '/home/openarm/ros2_ws2/install/openarm_hardware/share/openarm_hardware/package.sh'
[4.824s] INFO:colcon.colcon_core.shell:Creating package script '/home/openarm/ros2_ws2/install/openarm_hardware/share/openarm_hardware/package.bash'
[4.824s] INFO:colcon.colcon_core.shell:Creating package script '/home/openarm/ros2_ws2/install/openarm_hardware/share/openarm_hardware/package.zsh'
[4.826s] Level 1:colcon.colcon_core.environment:create_file_with_runtime_dependencies(/home/openarm/ros2_ws2/install/openarm_hardware/share/colcon-core/packages/openarm_hardware)
[4.827s] Level 1:colcon.colcon_core.environment:create_environment_scripts_only(openarm_hardware)
[4.827s] Level 1:colcon.colcon_core.environment:checking '/home/openarm/ros2_ws2/install/openarm_hardware' for CMake module files
[4.828s] Level 1:colcon.colcon_core.environment:checking '/home/openarm/ros2_ws2/install/openarm_hardware' for CMake config files
[4.828s] Level 1:colcon.colcon_core.shell:create_environment_hook('openarm_hardware', 'cmake_prefix_path')
[4.829s] INFO:colcon.colcon_core.shell:Creating environment hook '/home/openarm/ros2_ws2/install/openarm_hardware/share/openarm_hardware/hook/cmake_prefix_path.ps1'
[4.830s] INFO:colcon.colcon_core.shell:Creating environment descriptor '/home/openarm/ros2_ws2/install/openarm_hardware/share/openarm_hardware/hook/cmake_prefix_path.dsv'
[4.832s] INFO:colcon.colcon_core.shell:Creating environment hook '/home/openarm/ros2_ws2/install/openarm_hardware/share/openarm_hardware/hook/cmake_prefix_path.sh'
[4.833s] Level 1:colcon.colcon_core.environment:checking '/home/openarm/ros2_ws2/install/openarm_hardware/lib'
[4.833s] Level 1:colcon.colcon_core.shell:create_environment_hook('openarm_hardware', 'ld_library_path_lib')
[4.833s] INFO:colcon.colcon_core.shell:Creating environment hook '/home/openarm/ros2_ws2/install/openarm_hardware/share/openarm_hardware/hook/ld_library_path_lib.ps1'
[4.834s] INFO:colcon.colcon_core.shell:Creating environment descriptor '/home/openarm/ros2_ws2/install/openarm_hardware/share/openarm_hardware/hook/ld_library_path_lib.dsv'
[4.835s] INFO:colcon.colcon_core.shell:Creating environment hook '/home/openarm/ros2_ws2/install/openarm_hardware/share/openarm_hardware/hook/ld_library_path_lib.sh'
[4.835s] Level 1:colcon.colcon_core.environment:checking '/home/openarm/ros2_ws2/install/openarm_hardware/bin'
[4.835s] Level 1:colcon.colcon_core.environment:checking '/home/openarm/ros2_ws2/install/openarm_hardware/lib/pkgconfig/openarm_hardware.pc'
[4.836s] Level 1:colcon.colcon_core.environment:checking '/home/openarm/ros2_ws2/install/openarm_hardware/lib/python3.10/site-packages'
[4.836s] Level 1:colcon.colcon_core.environment:checking '/home/openarm/ros2_ws2/install/openarm_hardware/bin'
[4.838s] INFO:colcon.colcon_core.shell:Creating package script '/home/openarm/ros2_ws2/install/openarm_hardware/share/openarm_hardware/package.ps1'
[4.839s] INFO:colcon.colcon_core.shell:Creating package descriptor '/home/openarm/ros2_ws2/install/openarm_hardware/share/openarm_hardware/package.dsv'
[4.840s] INFO:colcon.colcon_core.shell:Creating package script '/home/openarm/ros2_ws2/install/openarm_hardware/share/openarm_hardware/package.sh'
[4.840s] INFO:colcon.colcon_core.shell:Creating package script '/home/openarm/ros2_ws2/install/openarm_hardware/share/openarm_hardware/package.bash'
[4.842s] INFO:colcon.colcon_core.shell:Creating package script '/home/openarm/ros2_ws2/install/openarm_hardware/share/openarm_hardware/package.zsh'
[4.843s] Level 1:colcon.colcon_core.environment:create_file_with_runtime_dependencies(/home/openarm/ros2_ws2/install/openarm_hardware/share/colcon-core/packages/openarm_hardware)
[4.843s] INFO:colcon.colcon_ros.task.ament_cmake.build:Building ROS package in '/home/openarm/ros2_ws2/src/openarm_ros2/openarm' with build type 'ament_cmake'
[4.843s] INFO:colcon.colcon_cmake.task.cmake.build:Building CMake package in '/home/openarm/ros2_ws2/src/openarm_ros2/openarm'
[4.846s] INFO:colcon.colcon_core.shell:Skip shell extension 'powershell' for command environment: Not usable outside of PowerShell
[4.846s] DEBUG:colcon.colcon_core.shell:Skip shell extension 'dsv' for command environment
[4.880s] DEBUG:colcon.colcon_core.event_handler.log_command:Invoking command in '/home/openarm/ros2_ws2/build/openarm': CMAKE_PREFIX_PATH=/home/openarm/ros2_ws2/install/openarm_bimanual_moveit_config:/home/openarm/ros2_ws2/install/openarm_hardware:/home/openarm/ros2_ws2/install/openarm_description:/home/openarm/ros2_ws2/install/openarm_bringup:/home/openarm/ros2_ws2/install/openarm:/opt/ros/humble /usr/bin/cmake --build /home/openarm/ros2_ws2/build/openarm -- -j4 -l4
[4.942s] DEBUG:colcon.colcon_core.event_handler.log_command:Invoked command in '/home/openarm/ros2_ws2/build/openarm' returned '0': CMAKE_PREFIX_PATH=/home/openarm/ros2_ws2/install/openarm_bimanual_moveit_config:/home/openarm/ros2_ws2/install/openarm_hardware:/home/openarm/ros2_ws2/install/openarm_description:/home/openarm/ros2_ws2/install/openarm_bringup:/home/openarm/ros2_ws2/install/openarm:/opt/ros/humble /usr/bin/cmake --build /home/openarm/ros2_ws2/build/openarm -- -j4 -l4
[4.942s] DEBUG:colcon.colcon_core.event_handler.log_command:Invoking command in '/home/openarm/ros2_ws2/build/openarm': CMAKE_PREFIX_PATH=/home/openarm/ros2_ws2/install/openarm_bimanual_moveit_config:/home/openarm/ros2_ws2/install/openarm_hardware:/home/openarm/ros2_ws2/install/openarm_description:/home/openarm/ros2_ws2/install/openarm_bringup:/home/openarm/ros2_ws2/install/openarm:/opt/ros/humble /usr/bin/cmake --install /home/openarm/ros2_ws2/build/openarm
[4.962s] Level 1:colcon.colcon_core.environment:create_environment_scripts_only(openarm)
[4.963s] Level 1:colcon.colcon_core.environment:checking '/home/openarm/ros2_ws2/install/openarm' for CMake module files
[4.964s] Level 1:colcon.colcon_core.environment:checking '/home/openarm/ros2_ws2/install/openarm' for CMake config files
[4.963s] DEBUG:colcon.colcon_core.event_handler.log_command:Invoked command in '/home/openarm/ros2_ws2/build/openarm' returned '0': CMAKE_PREFIX_PATH=/home/openarm/ros2_ws2/install/openarm_bimanual_moveit_config:/home/openarm/ros2_ws2/install/openarm_hardware:/home/openarm/ros2_ws2/install/openarm_description:/home/openarm/ros2_ws2/install/openarm_bringup:/home/openarm/ros2_ws2/install/openarm:/opt/ros/humble /usr/bin/cmake --install /home/openarm/ros2_ws2/build/openarm
[4.964s] Level 1:colcon.colcon_core.shell:create_environment_hook('openarm', 'cmake_prefix_path')
[4.965s] INFO:colcon.colcon_core.shell:Creating environment hook '/home/openarm/ros2_ws2/install/openarm/share/openarm/hook/cmake_prefix_path.ps1'
[4.965s] INFO:colcon.colcon_core.shell:Creating environment descriptor '/home/openarm/ros2_ws2/install/openarm/share/openarm/hook/cmake_prefix_path.dsv'
[4.966s] INFO:colcon.colcon_core.shell:Creating environment hook '/home/openarm/ros2_ws2/install/openarm/share/openarm/hook/cmake_prefix_path.sh'
[4.967s] Level 1:colcon.colcon_core.environment:checking '/home/openarm/ros2_ws2/install/openarm/bin'
[4.967s] Level 1:colcon.colcon_core.environment:checking '/home/openarm/ros2_ws2/install/openarm/lib/pkgconfig/openarm.pc'
[4.967s] Level 1:colcon.colcon_core.environment:checking '/home/openarm/ros2_ws2/install/openarm/lib/python3.10/site-packages'
[4.968s] Level 1:colcon.colcon_core.environment:checking '/home/openarm/ros2_ws2/install/openarm/bin'
[4.968s] INFO:colcon.colcon_core.shell:Creating package script '/home/openarm/ros2_ws2/install/openarm/share/openarm/package.ps1'
[4.969s] INFO:colcon.colcon_core.shell:Creating package descriptor '/home/openarm/ros2_ws2/install/openarm/share/openarm/package.dsv'
[4.970s] INFO:colcon.colcon_core.shell:Creating package script '/home/openarm/ros2_ws2/install/openarm/share/openarm/package.sh'
[4.970s] INFO:colcon.colcon_core.shell:Creating package script '/home/openarm/ros2_ws2/install/openarm/share/openarm/package.bash'
[4.971s] INFO:colcon.colcon_core.shell:Creating package script '/home/openarm/ros2_ws2/install/openarm/share/openarm/package.zsh'
[4.971s] Level 1:colcon.colcon_core.environment:create_file_with_runtime_dependencies(/home/openarm/ros2_ws2/install/openarm/share/colcon-core/packages/openarm)
[4.972s] Level 1:colcon.colcon_core.environment:create_environment_scripts_only(openarm)
[4.972s] Level 1:colcon.colcon_core.environment:checking '/home/openarm/ros2_ws2/install/openarm' for CMake module files
[4.973s] Level 1:colcon.colcon_core.environment:checking '/home/openarm/ros2_ws2/install/openarm' for CMake config files
[4.973s] Level 1:colcon.colcon_core.shell:create_environment_hook('openarm', 'cmake_prefix_path')
[4.974s] INFO:colcon.colcon_core.shell:Creating environment hook '/home/openarm/ros2_ws2/install/openarm/share/openarm/hook/cmake_prefix_path.ps1'
[4.974s] INFO:colcon.colcon_core.shell:Creating environment descriptor '/home/openarm/ros2_ws2/install/openarm/share/openarm/hook/cmake_prefix_path.dsv'
[4.975s] INFO:colcon.colcon_core.shell:Creating environment hook '/home/openarm/ros2_ws2/install/openarm/share/openarm/hook/cmake_prefix_path.sh'
[4.976s] Level 1:colcon.colcon_core.environment:checking '/home/openarm/ros2_ws2/install/openarm/bin'
[4.976s] Level 1:colcon.colcon_core.environment:checking '/home/openarm/ros2_ws2/install/openarm/lib/pkgconfig/openarm.pc'
[4.976s] Level 1:colcon.colcon_core.environment:checking '/home/openarm/ros2_ws2/install/openarm/lib/python3.10/site-packages'
[4.977s] Level 1:colcon.colcon_core.environment:checking '/home/openarm/ros2_ws2/install/openarm/bin'
[4.977s] INFO:colcon.colcon_core.shell:Creating package script '/home/openarm/ros2_ws2/install/openarm/share/openarm/package.ps1'
[4.978s] INFO:colcon.colcon_core.shell:Creating package descriptor '/home/openarm/ros2_ws2/install/openarm/share/openarm/package.dsv'
[4.979s] INFO:colcon.colcon_core.shell:Creating package script '/home/openarm/ros2_ws2/install/openarm/share/openarm/package.sh'
[4.979s] INFO:colcon.colcon_core.shell:Creating package script '/home/openarm/ros2_ws2/install/openarm/share/openarm/package.bash'
[4.980s] INFO:colcon.colcon_core.shell:Creating package script '/home/openarm/ros2_ws2/install/openarm/share/openarm/package.zsh'
[4.980s] Level 1:colcon.colcon_core.environment:create_file_with_runtime_dependencies(/home/openarm/ros2_ws2/install/openarm/share/colcon-core/packages/openarm)
[4.981s] DEBUG:colcon.colcon_parallel_executor.executor.parallel:closing loop
[4.981s] DEBUG:colcon.colcon_parallel_executor.executor.parallel:loop closed
[4.981s] DEBUG:colcon.colcon_parallel_executor.executor.parallel:run_until_complete finished with '0'
[4.981s] DEBUG:colcon.colcon_core.event_reactor:joining thread
[4.988s] INFO:colcon.colcon_core.plugin_system:Skipping extension 'colcon_notification.desktop_notification.terminal_notifier': Not used on non-Darwin systems
[4.989s] INFO:colcon.colcon_core.plugin_system:Skipping extension 'colcon_notification.desktop_notification.win32': Not used on non-Windows systems
[4.989s] INFO:colcon.colcon_notification.desktop_notification:Sending desktop notification using 'notify2'
[5.013s] DEBUG:colcon.colcon_core.event_reactor:joined thread
[5.013s] INFO:colcon.colcon_core.shell:Creating prefix script '/home/openarm/ros2_ws2/install/local_setup.ps1'
[5.015s] INFO:colcon.colcon_core.shell:Creating prefix util module '/home/openarm/ros2_ws2/install/_local_setup_util_ps1.py'
[5.018s] INFO:colcon.colcon_core.shell:Creating prefix chain script '/home/openarm/ros2_ws2/install/setup.ps1'
[5.020s] INFO:colcon.colcon_core.shell:Creating prefix script '/home/openarm/ros2_ws2/install/local_setup.sh'
[5.021s] INFO:colcon.colcon_core.shell:Creating prefix util module '/home/openarm/ros2_ws2/install/_local_setup_util_sh.py'
[5.022s] INFO:colcon.colcon_core.shell:Creating prefix chain script '/home/openarm/ros2_ws2/install/setup.sh'
[5.023s] INFO:colcon.colcon_core.shell:Creating prefix script '/home/openarm/ros2_ws2/install/local_setup.bash'
[5.024s] INFO:colcon.colcon_core.shell:Creating prefix chain script '/home/openarm/ros2_ws2/install/setup.bash'
[5.025s] INFO:colcon.colcon_core.shell:Creating prefix script '/home/openarm/ros2_ws2/install/local_setup.zsh'
[5.026s] INFO:colcon.colcon_core.shell:Creating prefix chain script '/home/openarm/ros2_ws2/install/setup.zsh'
