[35m[1mConsolidate compiler generated dependencies of target openarm_hardware[0m
[35m[1mConsolidate compiler generated dependencies of target gmock_main[0m
[35m[1mConsolidate compiler generated dependencies of target gmock[0m
[ 16%] Built target gmock_main
[ 25%] [32mBuilding CXX object CMakeFiles/openarm_hardware.dir/src/openarm_hardware.cpp.o[0m
[ 50%] Built target gmock
[ 58%] [32m[1mLinking CXX shared library libopenarm_hardware.so[0m
[ 83%] Built target openarm_hardware
[35m[1mConsolidate compiler generated dependencies of target test_openarm_hardware[0m
[ 91%] [32m[1mLinking CXX executable test_openarm_hardware[0m
[100%] Built target test_openarm_hardware
-- Install configuration: ""
-- Up-to-date: /home/openarm/ros2_ws2/install/openarm_hardware/share/openarm_hardware/openarm_hardware.xml
-- Installing: /home/openarm/ros2_ws2/install/openarm_hardware/lib/libopenarm_hardware.so
-- Set runtime path of "/home/openarm/ros2_ws2/install/openarm_hardware/lib/libopenarm_hardware.so" to ""
-- Up-to-date: /home/openarm/ros2_ws2/install/openarm_hardware/include
-- Up-to-date: /home/openarm/ros2_ws2/install/openarm_hardware/include/openarm_hardware
-- Up-to-date: /home/openarm/ros2_ws2/install/openarm_hardware/include/openarm_hardware/motor_control.hpp
-- Installing: /home/openarm/ros2_ws2/install/openarm_hardware/include/openarm_hardware/openarm_hardware.hpp
-- Up-to-date: /home/openarm/ros2_ws2/install/openarm_hardware/include/openarm_hardware/motor.hpp
-- Up-to-date: /home/openarm/ros2_ws2/install/openarm_hardware/include/openarm_hardware/canbus.hpp
-- Up-to-date: /home/openarm/ros2_ws2/install/openarm_hardware/include/openarm_hardware/visibility_control.h
-- Up-to-date: /home/openarm/ros2_ws2/install/openarm_hardware/share/openarm_hardware/environment/library_path.sh
-- Up-to-date: /home/openarm/ros2_ws2/install/openarm_hardware/share/openarm_hardware/environment/library_path.dsv
-- Up-to-date: /home/openarm/ros2_ws2/install/openarm_hardware/share/ament_index/resource_index/package_run_dependencies/openarm_hardware
-- Up-to-date: /home/openarm/ros2_ws2/install/openarm_hardware/share/ament_index/resource_index/parent_prefix_path/openarm_hardware
-- Up-to-date: /home/openarm/ros2_ws2/install/openarm_hardware/share/openarm_hardware/environment/ament_prefix_path.sh
-- Up-to-date: /home/openarm/ros2_ws2/install/openarm_hardware/share/openarm_hardware/environment/ament_prefix_path.dsv
-- Up-to-date: /home/openarm/ros2_ws2/install/openarm_hardware/share/openarm_hardware/environment/path.sh
-- Up-to-date: /home/openarm/ros2_ws2/install/openarm_hardware/share/openarm_hardware/environment/path.dsv
-- Up-to-date: /home/openarm/ros2_ws2/install/openarm_hardware/share/openarm_hardware/local_setup.bash
-- Up-to-date: /home/openarm/ros2_ws2/install/openarm_hardware/share/openarm_hardware/local_setup.sh
-- Up-to-date: /home/openarm/ros2_ws2/install/openarm_hardware/share/openarm_hardware/local_setup.zsh
-- Up-to-date: /home/openarm/ros2_ws2/install/openarm_hardware/share/openarm_hardware/local_setup.dsv
-- Installing: /home/openarm/ros2_ws2/install/openarm_hardware/share/openarm_hardware/package.dsv
-- Up-to-date: /home/openarm/ros2_ws2/install/openarm_hardware/share/ament_index/resource_index/packages/openarm_hardware
-- Up-to-date: /home/openarm/ros2_ws2/install/openarm_hardware/share/ament_index/resource_index/hardware_interface__pluginlib__plugin/openarm_hardware
-- Up-to-date: /home/openarm/ros2_ws2/install/openarm_hardware/share/openarm_hardware/cmake/ament_cmake_export_include_directories-extras.cmake
-- Up-to-date: /home/openarm/ros2_ws2/install/openarm_hardware/share/openarm_hardware/cmake/ament_cmake_export_libraries-extras.cmake
-- Up-to-date: /home/openarm/ros2_ws2/install/openarm_hardware/share/openarm_hardware/cmake/ament_cmake_export_dependencies-extras.cmake
-- Up-to-date: /home/openarm/ros2_ws2/install/openarm_hardware/share/openarm_hardware/cmake/openarm_hardwareConfig.cmake
-- Up-to-date: /home/openarm/ros2_ws2/install/openarm_hardware/share/openarm_hardware/cmake/openarm_hardwareConfig-version.cmake
-- Up-to-date: /home/openarm/ros2_ws2/install/openarm_hardware/share/openarm_hardware/package.xml
